[ 2015-08-11T12:28:23+08:00 ] 127.0.0.1 /haorizi/amd.php
INFO: [ app_init ] --START--
INFO: Run Behavior\BuildLiteBehavior [ RunTime:0.000000s ]
INFO: [ app_init ] --END-- [ RunTime:0.001000s ]
NOTIC: [8] Use of undefined constant __APP__ - assumed '__APP__' D:\PHPnow-1.5.8\htdocs\haorizi\Application\Adm\Conf\config.php 第 30 行.
NOTIC: [8] Use of undefined constant __APP__ - assumed '__APP__' D:\PHPnow-1.5.8\htdocs\haorizi\Application\Adm\Conf\config.php 第 31 行.
NOTIC: [8] Use of undefined constant __APP__ - assumed '__APP__' D:\PHPnow-1.5.8\htdocs\haorizi\Application\Adm\Conf\config.php 第 32 行.
INFO: [ app_begin ] --START--
INFO: Run Behavior\ReadHtmlCacheBehavior [ RunTime:0.003000s ]
INFO: Run Behavior\CheckLangBehavior [ RunTime:0.020001s ]
INFO: [ app_begin ] --END-- [ RunTime:0.024001s ]
SQL: SHOW COLUMNS FROM `cms_menu` [ RunTime:0.0790s ]
SQL: SHOW COLUMNS FROM `cms_menu` [ RunTime:0.0070s ]
SQL: SELECT * FROM `cms_menu` WHERE (  `pid` = 0 ) AND `display` = 1 ORDER BY ordid  [ RunTime:0.0320s ]
NOTIC: [8] Undefined index: admin D:\PHPnow-1.5.8\htdocs\haorizi\Application\Adm\Controller\IndexController.class.php 第 30 行.
NOTIC: [8] Undefined index: admin D:\PHPnow-1.5.8\htdocs\haorizi\Application\Adm\Controller\IndexController.class.php 第 30 行.
INFO: [ view_parse ] --START--
INFO: [ template_filter ] --START--
INFO: Run Behavior\ContentReplaceBehavior [ RunTime:0.000000s ]
INFO: [ template_filter ] --END-- [ RunTime:0.000000s ]
NOTIC: [8] Use of undefined constant GROUP_NAME - assumed 'GROUP_NAME' D:\PHPnow-1.5.8\htdocs\haorizi\Application\Runtime\Cache\Adm\fa693a4c1353b57ba63bafa833da0262.php 第 26 行.
INFO: Run Behavior\ParseTemplateBehavior [ RunTime:0.077005s ]
INFO: [ view_parse ] --END-- [ RunTime:0.077005s ]
INFO: [ view_filter ] --START--
INFO: Run Behavior\WriteHtmlCacheBehavior [ RunTime:0.017001s ]
INFO: [ view_filter ] --END-- [ RunTime:0.017001s ]
INFO: [ app_end ] --START--
INFO: Run Behavior\ShowPageTraceBehavior [ RunTime:0.015000s ]
INFO: [ app_end ] --END-- [ RunTime:0.015000s ]

[ 2015-08-11T12:28:24+08:00 ] 127.0.0.1 /haorizi/amd.php?s=/Index/panel.html
INFO: [ app_init ] --START--
INFO: Run Behavior\BuildLiteBehavior [ RunTime:0.000000s ]
INFO: [ app_init ] --END-- [ RunTime:0.001000s ]
NOTIC: [8] Use of undefined constant __APP__ - assumed '__APP__' D:\PHPnow-1.5.8\htdocs\haorizi\Application\Adm\Conf\config.php 第 30 行.
NOTIC: [8] Use of undefined constant __APP__ - assumed '__APP__' D:\PHPnow-1.5.8\htdocs\haorizi\Application\Adm\Conf\config.php 第 31 行.
NOTIC: [8] Use of undefined constant __APP__ - assumed '__APP__' D:\PHPnow-1.5.8\htdocs\haorizi\Application\Adm\Conf\config.php 第 32 行.
INFO: [ app_begin ] --START--
INFO: Run Behavior\ReadHtmlCacheBehavior [ RunTime:0.001000s ]
INFO: Run Behavior\CheckLangBehavior [ RunTime:0.005000s ]
INFO: [ app_begin ] --END-- [ RunTime:0.007000s ]
SQL: SHOW COLUMNS FROM `cms_menu` [ RunTime:0.0100s ]
NOTIC: [8] Use of undefined constant ZHI_VERSION - assumed 'ZHI_VERSION' D:\PHPnow-1.5.8\htdocs\haorizi\Application\Adm\Controller\IndexController.class.php 第 57 行.
NOTIC: [8] Use of undefined constant ZHI_RELEASE - assumed 'ZHI_RELEASE' D:\PHPnow-1.5.8\htdocs\haorizi\Application\Adm\Controller\IndexController.class.php 第 57 行.
NOTIC: [2] mysql_get_server_info(): Access denied for user ''@'localhost' (using password: NO) D:\PHPnow-1.5.8\htdocs\haorizi\Application\Adm\Controller\IndexController.class.php 第 62 行.
NOTIC: [2] mysql_get_server_info(): A link to the server could not be established D:\PHPnow-1.5.8\htdocs\haorizi\Application\Adm\Controller\IndexController.class.php 第 62 行.
INFO: [ view_parse ] --START--
INFO: [ template_filter ] --START--
INFO: Run Behavior\ContentReplaceBehavior [ RunTime:0.000000s ]
INFO: [ template_filter ] --END-- [ RunTime:0.000000s ]
NOTIC: [8] Undefined variable: sub_menu D:\PHPnow-1.5.8\htdocs\haorizi\Application\Runtime\Cache\Adm\2474fb63313baa056fc31f11ab208983.php 第 24 行.
NOTIC: [8] Undefined variable: big_menu D:\PHPnow-1.5.8\htdocs\haorizi\Application\Runtime\Cache\Adm\2474fb63313baa056fc31f11ab208983.php 第 24 行.
INFO: Run Behavior\ParseTemplateBehavior [ RunTime:0.026002s ]
INFO: [ view_parse ] --END-- [ RunTime:0.026002s ]
INFO: [ view_filter ] --START--
INFO: Run Behavior\WriteHtmlCacheBehavior [ RunTime:0.001000s ]
INFO: [ view_filter ] --END-- [ RunTime:0.001000s ]
INFO: [ app_end ] --START--
INFO: Run Behavior\ShowPageTraceBehavior [ RunTime:0.001000s ]
INFO: [ app_end ] --END-- [ RunTime:0.001000s ]

[ 2015-08-11T12:28:24+08:00 ] 127.0.0.1 /haorizi/amd.php?s=/Index/left.html
INFO: [ app_init ] --START--
INFO: Run Behavior\BuildLiteBehavior [ RunTime:0.000000s ]
INFO: [ app_init ] --END-- [ RunTime:0.001000s ]
NOTIC: [8] Use of undefined constant __APP__ - assumed '__APP__' D:\PHPnow-1.5.8\htdocs\haorizi\Application\Adm\Conf\config.php 第 30 行.
NOTIC: [8] Use of undefined constant __APP__ - assumed '__APP__' D:\PHPnow-1.5.8\htdocs\haorizi\Application\Adm\Conf\config.php 第 31 行.
NOTIC: [8] Use of undefined constant __APP__ - assumed '__APP__' D:\PHPnow-1.5.8\htdocs\haorizi\Application\Adm\Conf\config.php 第 32 行.
INFO: [ app_begin ] --START--
INFO: Run Behavior\ReadHtmlCacheBehavior [ RunTime:0.001000s ]
INFO: Run Behavior\CheckLangBehavior [ RunTime:0.004000s ]
INFO: [ app_begin ] --END-- [ RunTime:0.006000s ]
SQL: SHOW COLUMNS FROM `cms_menu` [ RunTime:0.0050s ]
SQL: SELECT * FROM `cms_menu` WHERE `often` = 1  [ RunTime:0.0020s ]
INFO: [ view_parse ] --START--
INFO: [ template_filter ] --START--
INFO: Run Behavior\ContentReplaceBehavior [ RunTime:0.000000s ]
INFO: [ template_filter ] --END-- [ RunTime:0.000000s ]
NOTIC: [8] Undefined index: data D:\PHPnow-1.5.8\htdocs\haorizi\Application\Runtime\Cache\Adm\bbd0d3040de43cc41c6fff1a76796251.php 第 3 行.
NOTIC: [8] Undefined index: data D:\PHPnow-1.5.8\htdocs\haorizi\Application\Runtime\Cache\Adm\bbd0d3040de43cc41c6fff1a76796251.php 第 3 行.
INFO: Run Behavior\ParseTemplateBehavior [ RunTime:0.033002s ]
INFO: [ view_parse ] --END-- [ RunTime:0.033002s ]
INFO: [ view_filter ] --START--
INFO: Run Behavior\WriteHtmlCacheBehavior [ RunTime:0.001000s ]
INFO: [ view_filter ] --END-- [ RunTime:0.001000s ]
INFO: [ app_end ] --START--
INFO: Run Behavior\ShowPageTraceBehavior [ RunTime:0.001000s ]
INFO: [ app_end ] --END-- [ RunTime:0.001000s ]

[ 2015-08-11T12:28:25+08:00 ] 127.0.0.1 /haorizi/amd.php?s=/Index/left.html
INFO: [ app_init ] --START--
INFO: Run Behavior\BuildLiteBehavior [ RunTime:0.000000s ]
INFO: [ app_init ] --END-- [ RunTime:0.002000s ]
NOTIC: [8] Use of undefined constant __APP__ - assumed '__APP__' D:\PHPnow-1.5.8\htdocs\haorizi\Application\Adm\Conf\config.php 第 30 行.
NOTIC: [8] Use of undefined constant __APP__ - assumed '__APP__' D:\PHPnow-1.5.8\htdocs\haorizi\Application\Adm\Conf\config.php 第 31 行.
NOTIC: [8] Use of undefined constant __APP__ - assumed '__APP__' D:\PHPnow-1.5.8\htdocs\haorizi\Application\Adm\Conf\config.php 第 32 行.
INFO: [ app_begin ] --START--
INFO: Run Behavior\ReadHtmlCacheBehavior [ RunTime:0.001000s ]
INFO: Run Behavior\CheckLangBehavior [ RunTime:0.007001s ]
INFO: [ app_begin ] --END-- [ RunTime:0.010001s ]
SQL: SHOW COLUMNS FROM `cms_menu` [ RunTime:0.0110s ]
SQL: SHOW COLUMNS FROM `cms_menu` [ RunTime:0.0120s ]
SQL: SELECT * FROM `cms_menu` WHERE (  `pid` = 1 ) AND `display` = 1 ORDER BY ordid  [ RunTime:0.0030s ]
SQL: SELECT * FROM `cms_menu` WHERE (  `pid` = 60 ) AND `display` = 1 ORDER BY ordid  [ RunTime:0.0020s ]
INFO: [ view_parse ] --START--
INFO: [ template_filter ] --START--
INFO: Run Behavior\ContentReplaceBehavior [ RunTime:0.000000s ]
INFO: [ template_filter ] --END-- [ RunTime:0.000000s ]
INFO: Run Behavior\ParseTemplateBehavior [ RunTime:0.027002s ]
INFO: [ view_parse ] --END-- [ RunTime:0.028002s ]
INFO: [ view_filter ] --START--
INFO: Run Behavior\WriteHtmlCacheBehavior [ RunTime:0.002000s ]
INFO: [ view_filter ] --END-- [ RunTime:0.002000s ]
INFO: [ app_end ] --START--
INFO: Run Behavior\ShowPageTraceBehavior [ RunTime:0.003000s ]
INFO: [ app_end ] --END-- [ RunTime:0.003000s ]

[ 2015-08-11T14:33:23+08:00 ] 127.0.0.1 /haorizi/amd.php
INFO: [ app_init ] --START--
INFO: Run Behavior\BuildLiteBehavior [ RunTime:0.001000s ]
INFO: [ app_init ] --END-- [ RunTime:0.002000s ]
NOTIC: [8] Use of undefined constant __APP__ - assumed '__APP__' D:\PHPnow-1.5.8\htdocs\haorizi\Application\Adm\Conf\config.php 第 30 行.
NOTIC: [8] Use of undefined constant __APP__ - assumed '__APP__' D:\PHPnow-1.5.8\htdocs\haorizi\Application\Adm\Conf\config.php 第 31 行.
NOTIC: [8] Use of undefined constant __APP__ - assumed '__APP__' D:\PHPnow-1.5.8\htdocs\haorizi\Application\Adm\Conf\config.php 第 32 行.
INFO: [ app_begin ] --START--
INFO: Run Behavior\ReadHtmlCacheBehavior [ RunTime:0.002000s ]
INFO: Run Behavior\CheckLangBehavior [ RunTime:0.012001s ]
INFO: [ app_begin ] --END-- [ RunTime:0.014001s ]
SQL: SHOW COLUMNS FROM `cms_menu` [ RunTime:0.0120s ]
SQL: SHOW COLUMNS FROM `cms_menu` [ RunTime:0.0120s ]
SQL: SELECT * FROM `cms_menu` WHERE (  `pid` = 0 ) AND `display` = 1 ORDER BY ordid  [ RunTime:0.0040s ]
NOTIC: [8] Undefined index: admin D:\PHPnow-1.5.8\htdocs\haorizi\Application\Adm\Controller\IndexController.class.php 第 30 行.
NOTIC: [8] Undefined index: admin D:\PHPnow-1.5.8\htdocs\haorizi\Application\Adm\Controller\IndexController.class.php 第 30 行.
INFO: [ view_parse ] --START--
INFO: [ template_filter ] --START--
INFO: Run Behavior\ContentReplaceBehavior [ RunTime:0.000000s ]
INFO: [ template_filter ] --END-- [ RunTime:0.001000s ]
NOTIC: [8] Use of undefined constant GROUP_NAME - assumed 'GROUP_NAME' D:\PHPnow-1.5.8\htdocs\haorizi\Application\Runtime\Cache\Adm\fa693a4c1353b57ba63bafa833da0262.php 第 26 行.
INFO: Run Behavior\ParseTemplateBehavior [ RunTime:0.034002s ]
INFO: [ view_parse ] --END-- [ RunTime:0.034002s ]
INFO: [ view_filter ] --START--
INFO: Run Behavior\WriteHtmlCacheBehavior [ RunTime:0.001000s ]
INFO: [ view_filter ] --END-- [ RunTime:0.002000s ]
INFO: [ app_end ] --START--
INFO: Run Behavior\ShowPageTraceBehavior [ RunTime:0.002000s ]
INFO: [ app_end ] --END-- [ RunTime:0.002000s ]

[ 2015-08-11T14:33:25+08:00 ] 127.0.0.1 /haorizi/amd.php?s=/Index/panel.html
INFO: [ app_init ] --START--
INFO: Run Behavior\BuildLiteBehavior [ RunTime:0.000000s ]
INFO: [ app_init ] --END-- [ RunTime:0.001000s ]
NOTIC: [8] Use of undefined constant __APP__ - assumed '__APP__' D:\PHPnow-1.5.8\htdocs\haorizi\Application\Adm\Conf\config.php 第 30 行.
NOTIC: [8] Use of undefined constant __APP__ - assumed '__APP__' D:\PHPnow-1.5.8\htdocs\haorizi\Application\Adm\Conf\config.php 第 31 行.
NOTIC: [8] Use of undefined constant __APP__ - assumed '__APP__' D:\PHPnow-1.5.8\htdocs\haorizi\Application\Adm\Conf\config.php 第 32 行.
INFO: [ app_begin ] --START--
INFO: Run Behavior\ReadHtmlCacheBehavior [ RunTime:0.002000s ]
INFO: Run Behavior\CheckLangBehavior [ RunTime:0.006000s ]
INFO: [ app_begin ] --END-- [ RunTime:0.009000s ]
SQL: SHOW COLUMNS FROM `cms_menu` [ RunTime:0.0150s ]
NOTIC: [8] Use of undefined constant ZHI_VERSION - assumed 'ZHI_VERSION' D:\PHPnow-1.5.8\htdocs\haorizi\Application\Adm\Controller\IndexController.class.php 第 57 行.
NOTIC: [8] Use of undefined constant ZHI_RELEASE - assumed 'ZHI_RELEASE' D:\PHPnow-1.5.8\htdocs\haorizi\Application\Adm\Controller\IndexController.class.php 第 57 行.
NOTIC: [2] mysql_get_server_info(): Access denied for user ''@'localhost' (using password: NO) D:\PHPnow-1.5.8\htdocs\haorizi\Application\Adm\Controller\IndexController.class.php 第 62 行.
NOTIC: [2] mysql_get_server_info(): A link to the server could not be established D:\PHPnow-1.5.8\htdocs\haorizi\Application\Adm\Controller\IndexController.class.php 第 62 行.
INFO: [ view_parse ] --START--
INFO: [ template_filter ] --START--
INFO: Run Behavior\ContentReplaceBehavior [ RunTime:0.000000s ]
INFO: [ template_filter ] --END-- [ RunTime:0.000000s ]
NOTIC: [8] Undefined variable: sub_menu D:\PHPnow-1.5.8\htdocs\haorizi\Application\Runtime\Cache\Adm\2474fb63313baa056fc31f11ab208983.php 第 24 行.
NOTIC: [8] Undefined variable: big_menu D:\PHPnow-1.5.8\htdocs\haorizi\Application\Runtime\Cache\Adm\2474fb63313baa056fc31f11ab208983.php 第 24 行.
INFO: Run Behavior\ParseTemplateBehavior [ RunTime:0.035002s ]
INFO: [ view_parse ] --END-- [ RunTime:0.035002s ]
INFO: [ view_filter ] --START--
INFO: Run Behavior\WriteHtmlCacheBehavior [ RunTime:0.001000s ]
INFO: [ view_filter ] --END-- [ RunTime:0.001000s ]
INFO: [ app_end ] --START--
INFO: Run Behavior\ShowPageTraceBehavior [ RunTime:0.006000s ]
INFO: [ app_end ] --END-- [ RunTime:0.007000s ]

[ 2015-08-11T14:33:25+08:00 ] 127.0.0.1 /haorizi/amd.php?s=/Index/left.html
INFO: [ app_init ] --START--
INFO: Run Behavior\BuildLiteBehavior [ RunTime:0.000000s ]
INFO: [ app_init ] --END-- [ RunTime:0.002000s ]
NOTIC: [8] Use of undefined constant __APP__ - assumed '__APP__' D:\PHPnow-1.5.8\htdocs\haorizi\Application\Adm\Conf\config.php 第 30 行.
NOTIC: [8] Use of undefined constant __APP__ - assumed '__APP__' D:\PHPnow-1.5.8\htdocs\haorizi\Application\Adm\Conf\config.php 第 31 行.
NOTIC: [8] Use of undefined constant __APP__ - assumed '__APP__' D:\PHPnow-1.5.8\htdocs\haorizi\Application\Adm\Conf\config.php 第 32 行.
INFO: [ app_begin ] --START--
INFO: Run Behavior\ReadHtmlCacheBehavior [ RunTime:0.002001s ]
INFO: Run Behavior\CheckLangBehavior [ RunTime:0.007000s ]
INFO: [ app_begin ] --END-- [ RunTime:0.010001s ]
SQL: SHOW COLUMNS FROM `cms_menu` [ RunTime:0.0110s ]
SQL: SELECT * FROM `cms_menu` WHERE `often` = 1  [ RunTime:0.0070s ]
INFO: [ view_parse ] --START--
INFO: [ template_filter ] --START--
INFO: Run Behavior\ContentReplaceBehavior [ RunTime:0.000000s ]
INFO: [ template_filter ] --END-- [ RunTime:0.000000s ]
NOTIC: [8] Undefined index: data D:\PHPnow-1.5.8\htdocs\haorizi\Application\Runtime\Cache\Adm\bbd0d3040de43cc41c6fff1a76796251.php 第 3 行.
NOTIC: [8] Undefined index: data D:\PHPnow-1.5.8\htdocs\haorizi\Application\Runtime\Cache\Adm\bbd0d3040de43cc41c6fff1a76796251.php 第 3 行.
INFO: Run Behavior\ParseTemplateBehavior [ RunTime:0.021001s ]
INFO: [ view_parse ] --END-- [ RunTime:0.021001s ]
INFO: [ view_filter ] --START--
INFO: Run Behavior\WriteHtmlCacheBehavior [ RunTime:0.001001s ]
INFO: [ view_filter ] --END-- [ RunTime:0.001001s ]
INFO: [ app_end ] --START--
INFO: Run Behavior\ShowPageTraceBehavior [ RunTime:0.002000s ]
INFO: [ app_end ] --END-- [ RunTime:0.002000s ]

[ 2015-08-11T14:33:28+08:00 ] 127.0.0.1 /haorizi/amd.php?s=/Index/panel.html
INFO: [ app_init ] --START--
INFO: Run Behavior\BuildLiteBehavior [ RunTime:0.001000s ]
INFO: [ app_init ] --END-- [ RunTime:0.002000s ]
NOTIC: [8] Use of undefined constant __APP__ - assumed '__APP__' D:\PHPnow-1.5.8\htdocs\haorizi\Application\Adm\Conf\config.php 第 30 行.
NOTIC: [8] Use of undefined constant __APP__ - assumed '__APP__' D:\PHPnow-1.5.8\htdocs\haorizi\Application\Adm\Conf\config.php 第 31 行.
NOTIC: [8] Use of undefined constant __APP__ - assumed '__APP__' D:\PHPnow-1.5.8\htdocs\haorizi\Application\Adm\Conf\config.php 第 32 行.
INFO: [ app_begin ] --START--
INFO: Run Behavior\ReadHtmlCacheBehavior [ RunTime:0.002000s ]
INFO: Run Behavior\CheckLangBehavior [ RunTime:0.008001s ]
INFO: [ app_begin ] --END-- [ RunTime:0.010001s ]
SQL: SHOW COLUMNS FROM `cms_menu` [ RunTime:0.0120s ]
NOTIC: [8] Use of undefined constant ZHI_VERSION - assumed 'ZHI_VERSION' D:\PHPnow-1.5.8\htdocs\haorizi\Application\Adm\Controller\IndexController.class.php 第 57 行.
NOTIC: [8] Use of undefined constant ZHI_RELEASE - assumed 'ZHI_RELEASE' D:\PHPnow-1.5.8\htdocs\haorizi\Application\Adm\Controller\IndexController.class.php 第 57 行.
NOTIC: [2] mysql_get_server_info(): Access denied for user ''@'localhost' (using password: NO) D:\PHPnow-1.5.8\htdocs\haorizi\Application\Adm\Controller\IndexController.class.php 第 62 行.
NOTIC: [2] mysql_get_server_info(): A link to the server could not be established D:\PHPnow-1.5.8\htdocs\haorizi\Application\Adm\Controller\IndexController.class.php 第 62 行.
INFO: [ view_parse ] --START--
INFO: [ template_filter ] --START--
INFO: Run Behavior\ContentReplaceBehavior [ RunTime:0.000000s ]
INFO: [ template_filter ] --END-- [ RunTime:0.000000s ]
NOTIC: [8] Undefined variable: sub_menu D:\PHPnow-1.5.8\htdocs\haorizi\Application\Runtime\Cache\Adm\2474fb63313baa056fc31f11ab208983.php 第 24 行.
NOTIC: [8] Undefined variable: big_menu D:\PHPnow-1.5.8\htdocs\haorizi\Application\Runtime\Cache\Adm\2474fb63313baa056fc31f11ab208983.php 第 24 行.
INFO: Run Behavior\ParseTemplateBehavior [ RunTime:0.043002s ]
INFO: [ view_parse ] --END-- [ RunTime:0.043002s ]
INFO: [ view_filter ] --START--
INFO: Run Behavior\WriteHtmlCacheBehavior [ RunTime:0.001000s ]
INFO: [ view_filter ] --END-- [ RunTime:0.001000s ]
INFO: [ app_end ] --START--
INFO: Run Behavior\ShowPageTraceBehavior [ RunTime:0.003001s ]
INFO: [ app_end ] --END-- [ RunTime:0.003001s ]

[ 2015-08-11T17:15:20+08:00 ] 127.0.0.1 /haorizi/amd.php?s=/Index/left.html
INFO: [ app_init ] --START--
INFO: Run Behavior\BuildLiteBehavior [ RunTime:0.000000s ]
INFO: [ app_init ] --END-- [ RunTime:0.002001s ]
NOTIC: [8] Use of undefined constant __APP__ - assumed '__APP__' D:\PHPnow-1.5.8\htdocs\haorizi\Application\Adm\Conf\config.php 第 30 行.
NOTIC: [8] Use of undefined constant __APP__ - assumed '__APP__' D:\PHPnow-1.5.8\htdocs\haorizi\Application\Adm\Conf\config.php 第 31 行.
NOTIC: [8] Use of undefined constant __APP__ - assumed '__APP__' D:\PHPnow-1.5.8\htdocs\haorizi\Application\Adm\Conf\config.php 第 32 行.
INFO: [ app_begin ] --START--
INFO: Run Behavior\ReadHtmlCacheBehavior [ RunTime:0.003000s ]
INFO: Run Behavior\CheckLangBehavior [ RunTime:0.011001s ]
INFO: [ app_begin ] --END-- [ RunTime:0.014001s ]
SQL: SHOW COLUMNS FROM `cms_menu` [ RunTime:0.0140s ]
SQL: SHOW COLUMNS FROM `cms_menu` [ RunTime:0.0130s ]
SQL: SELECT * FROM `cms_menu` WHERE (  `pid` = 1 ) AND `display` = 1 ORDER BY ordid  [ RunTime:0.0040s ]
SQL: SELECT * FROM `cms_menu` WHERE (  `pid` = 60 ) AND `display` = 1 ORDER BY ordid  [ RunTime:0.0030s ]
INFO: [ view_parse ] --START--
INFO: [ template_filter ] --START--
INFO: Run Behavior\ContentReplaceBehavior [ RunTime:0.000000s ]
INFO: [ template_filter ] --END-- [ RunTime:0.001000s ]
INFO: Run Behavior\ParseTemplateBehavior [ RunTime:0.030001s ]
INFO: [ view_parse ] --END-- [ RunTime:0.030001s ]
INFO: [ view_filter ] --START--
INFO: Run Behavior\WriteHtmlCacheBehavior [ RunTime:0.002000s ]
INFO: [ view_filter ] --END-- [ RunTime:0.002000s ]
INFO: [ app_end ] --START--
INFO: Run Behavior\ShowPageTraceBehavior [ RunTime:0.002001s ]
INFO: [ app_end ] --END-- [ RunTime:0.002001s ]

[ 2015-08-11T17:15:21+08:00 ] 127.0.0.1 /haorizi/amd.php?s=/admin/index/menuid/61.html
INFO: [ app_init ] --START--
INFO: Run Behavior\BuildLiteBehavior [ RunTime:0.000000s ]
INFO: [ app_init ] --END-- [ RunTime:0.002000s ]
NOTIC: [8] Use of undefined constant __APP__ - assumed '__APP__' D:\PHPnow-1.5.8\htdocs\haorizi\Application\Adm\Conf\config.php 第 30 行.
NOTIC: [8] Use of undefined constant __APP__ - assumed '__APP__' D:\PHPnow-1.5.8\htdocs\haorizi\Application\Adm\Conf\config.php 第 31 行.
NOTIC: [8] Use of undefined constant __APP__ - assumed '__APP__' D:\PHPnow-1.5.8\htdocs\haorizi\Application\Adm\Conf\config.php 第 32 行.
INFO: [ app_begin ] --START--
INFO: Run Behavior\ReadHtmlCacheBehavior [ RunTime:0.002000s ]
INFO: Run Behavior\CheckLangBehavior [ RunTime:0.008000s ]
INFO: [ app_begin ] --END-- [ RunTime:0.011000s ]
NOTIC: [8] Use of undefined constant BELONGS_TO - assumed 'BELONGS_TO' D:\PHPnow-1.5.8\htdocs\inc\ThinkPHP3\Common\functions.php 第 592 行.
SQL: SHOW COLUMNS FROM `cms_admin` [ RunTime:0.0540s ]
SQL: SHOW COLUMNS FROM `cms_admin` [ RunTime:0.0110s ]
SQL: SELECT COUNT(id) AS tp_count FROM `cms_admin` LIMIT 1   [ RunTime:0.0330s ]
SQL: SELECT * FROM `cms_admin` ORDER BY id DESC LIMIT 0,10   [ RunTime:0.0020s ]
SQL: SHOW COLUMNS FROM `cms_admin_role` [ RunTime:0.0620s ]
NOTIC: [8] Undefined variable: relationData D:\PHPnow-1.5.8\htdocs\inc\ThinkPHP3\Library\Think\Model\RelationModel.class.php 第 227 行.
NOTIC: [8] Undefined variable: relationData D:\PHPnow-1.5.8\htdocs\inc\ThinkPHP3\Library\Think\Model\RelationModel.class.php 第 227 行.
INFO: [ view_parse ] --START--
INFO: [ template_filter ] --START--
INFO: Run Behavior\ContentReplaceBehavior [ RunTime:0.001000s ]
INFO: [ template_filter ] --END-- [ RunTime:0.001000s ]
NOTIC: [8] Undefined variable: sub_menu D:\PHPnow-1.5.8\htdocs\haorizi\Application\Runtime\Cache\Adm\04cbaa3f3a1e76e87e48788a44b48a02.php 第 24 行.
NOTIC: [8] Undefined index: url D:\PHPnow-1.5.8\htdocs\haorizi\Application\Runtime\Cache\Adm\04cbaa3f3a1e76e87e48788a44b48a02.php 第 24 行.
INFO: Run Behavior\ParseTemplateBehavior [ RunTime:0.074004s ]
INFO: [ view_parse ] --END-- [ RunTime:0.074004s ]
INFO: [ view_filter ] --START--
INFO: Run Behavior\WriteHtmlCacheBehavior [ RunTime:0.003000s ]
INFO: [ view_filter ] --END-- [ RunTime:0.003000s ]
INFO: [ app_end ] --START--
INFO: Run Behavior\ShowPageTraceBehavior [ RunTime:0.002000s ]
INFO: [ app_end ] --END-- [ RunTime:0.002000s ]

[ 2015-08-11T17:15:21+08:00 ] 127.0.0.1 /haorizi/amd.php?s=/admin/index/menuid/61.html
INFO: [ app_init ] --START--
INFO: Run Behavior\BuildLiteBehavior [ RunTime:0.000000s ]
INFO: [ app_init ] --END-- [ RunTime:0.002000s ]
NOTIC: [8] Use of undefined constant __APP__ - assumed '__APP__' D:\PHPnow-1.5.8\htdocs\haorizi\Application\Adm\Conf\config.php 第 30 行.
NOTIC: [8] Use of undefined constant __APP__ - assumed '__APP__' D:\PHPnow-1.5.8\htdocs\haorizi\Application\Adm\Conf\config.php 第 31 行.
NOTIC: [8] Use of undefined constant __APP__ - assumed '__APP__' D:\PHPnow-1.5.8\htdocs\haorizi\Application\Adm\Conf\config.php 第 32 行.
INFO: [ app_begin ] --START--
INFO: Run Behavior\ReadHtmlCacheBehavior [ RunTime:0.003000s ]
INFO: Run Behavior\CheckLangBehavior [ RunTime:0.007000s ]
INFO: [ app_begin ] --END-- [ RunTime:0.010000s ]
NOTIC: [8] Use of undefined constant BELONGS_TO - assumed 'BELONGS_TO' D:\PHPnow-1.5.8\htdocs\inc\ThinkPHP3\Common\functions.php 第 592 行.
SQL: SHOW COLUMNS FROM `cms_admin` [ RunTime:0.0110s ]
SQL: SHOW COLUMNS FROM `cms_admin` [ RunTime:0.0090s ]
SQL: SELECT COUNT(id) AS tp_count FROM `cms_admin` LIMIT 1   [ RunTime:0.0010s ]
SQL: SELECT * FROM `cms_admin` ORDER BY id DESC LIMIT 0,10   [ RunTime:0.0020s ]
SQL: SHOW COLUMNS FROM `cms_admin_role` [ RunTime:0.0090s ]
NOTIC: [8] Undefined variable: relationData D:\PHPnow-1.5.8\htdocs\inc\ThinkPHP3\Library\Think\Model\RelationModel.class.php 第 227 行.
NOTIC: [8] Undefined variable: relationData D:\PHPnow-1.5.8\htdocs\inc\ThinkPHP3\Library\Think\Model\RelationModel.class.php 第 227 行.
INFO: [ view_parse ] --START--
INFO: [ template_filter ] --START--
INFO: Run Behavior\ContentReplaceBehavior [ RunTime:0.001000s ]
INFO: [ template_filter ] --END-- [ RunTime:0.001000s ]
NOTIC: [8] Undefined variable: sub_menu D:\PHPnow-1.5.8\htdocs\haorizi\Application\Runtime\Cache\Adm\04cbaa3f3a1e76e87e48788a44b48a02.php 第 24 行.
NOTIC: [8] Undefined index: url D:\PHPnow-1.5.8\htdocs\haorizi\Application\Runtime\Cache\Adm\04cbaa3f3a1e76e87e48788a44b48a02.php 第 24 行.
INFO: Run Behavior\ParseTemplateBehavior [ RunTime:0.043003s ]
INFO: [ view_parse ] --END-- [ RunTime:0.043003s ]
INFO: [ view_filter ] --START--
INFO: Run Behavior\WriteHtmlCacheBehavior [ RunTime:0.002000s ]
INFO: [ view_filter ] --END-- [ RunTime:0.002000s ]
INFO: [ app_end ] --START--
INFO: Run Behavior\ShowPageTraceBehavior [ RunTime:0.002000s ]
INFO: [ app_end ] --END-- [ RunTime:0.002000s ]

[ 2015-08-11T17:15:23+08:00 ] 127.0.0.1 /haorizi/amd.php?s=/admin_role/index/menuid/65.html
INFO: [ app_init ] --START--
INFO: Run Behavior\BuildLiteBehavior [ RunTime:0.001000s ]
INFO: [ app_init ] --END-- [ RunTime:0.002000s ]
NOTIC: [8] Use of undefined constant __APP__ - assumed '__APP__' D:\PHPnow-1.5.8\htdocs\haorizi\Application\Adm\Conf\config.php 第 30 行.
NOTIC: [8] Use of undefined constant __APP__ - assumed '__APP__' D:\PHPnow-1.5.8\htdocs\haorizi\Application\Adm\Conf\config.php 第 31 行.
NOTIC: [8] Use of undefined constant __APP__ - assumed '__APP__' D:\PHPnow-1.5.8\htdocs\haorizi\Application\Adm\Conf\config.php 第 32 行.
INFO: [ app_begin ] --START--
INFO: Run Behavior\ReadHtmlCacheBehavior [ RunTime:0.003000s ]
INFO: Run Behavior\CheckLangBehavior [ RunTime:0.010001s ]
INFO: [ app_begin ] --END-- [ RunTime:0.013001s ]
ERR: 无法加载控制器:Admin_role

[ 2015-08-11T17:15:24+08:00 ] 127.0.0.1 /haorizi/amd.php?s=/admin_role/index/menuid/65.html
INFO: [ app_init ] --START--
INFO: Run Behavior\BuildLiteBehavior [ RunTime:0.000000s ]
INFO: [ app_init ] --END-- [ RunTime:0.002000s ]
NOTIC: [8] Use of undefined constant __APP__ - assumed '__APP__' D:\PHPnow-1.5.8\htdocs\haorizi\Application\Adm\Conf\config.php 第 30 行.
NOTIC: [8] Use of undefined constant __APP__ - assumed '__APP__' D:\PHPnow-1.5.8\htdocs\haorizi\Application\Adm\Conf\config.php 第 31 行.
NOTIC: [8] Use of undefined constant __APP__ - assumed '__APP__' D:\PHPnow-1.5.8\htdocs\haorizi\Application\Adm\Conf\config.php 第 32 行.
INFO: [ app_begin ] --START--
INFO: Run Behavior\ReadHtmlCacheBehavior [ RunTime:0.004000s ]
INFO: Run Behavior\CheckLangBehavior [ RunTime:0.008000s ]
INFO: [ app_begin ] --END-- [ RunTime:0.013000s ]
ERR: 无法加载控制器:Admin_role

[ 2015-08-11T17:15:25+08:00 ] 127.0.0.1 /haorizi/amd.php?s=/menu/index/menuid/6.html
INFO: [ app_init ] --START--
INFO: Run Behavior\BuildLiteBehavior [ RunTime:0.000000s ]
INFO: [ app_init ] --END-- [ RunTime:0.001000s ]
NOTIC: [8] Use of undefined constant __APP__ - assumed '__APP__' D:\PHPnow-1.5.8\htdocs\haorizi\Application\Adm\Conf\config.php 第 30 行.
NOTIC: [8] Use of undefined constant __APP__ - assumed '__APP__' D:\PHPnow-1.5.8\htdocs\haorizi\Application\Adm\Conf\config.php 第 31 行.
NOTIC: [8] Use of undefined constant __APP__ - assumed '__APP__' D:\PHPnow-1.5.8\htdocs\haorizi\Application\Adm\Conf\config.php 第 32 行.
INFO: [ app_begin ] --START--
INFO: Run Behavior\ReadHtmlCacheBehavior [ RunTime:0.001000s ]
INFO: Run Behavior\CheckLangBehavior [ RunTime:0.006001s ]
INFO: [ app_begin ] --END-- [ RunTime:0.009001s ]
ERR: 无法加载控制器:Menu

[ 2015-08-11T17:15:27+08:00 ] 127.0.0.1 /haorizi/amd.php?s=/admin_role/index/menuid/65.html
INFO: [ app_init ] --START--
INFO: Run Behavior\BuildLiteBehavior [ RunTime:0.000000s ]
INFO: [ app_init ] --END-- [ RunTime:0.001000s ]
NOTIC: [8] Use of undefined constant __APP__ - assumed '__APP__' D:\PHPnow-1.5.8\htdocs\haorizi\Application\Adm\Conf\config.php 第 30 行.
NOTIC: [8] Use of undefined constant __APP__ - assumed '__APP__' D:\PHPnow-1.5.8\htdocs\haorizi\Application\Adm\Conf\config.php 第 31 行.
NOTIC: [8] Use of undefined constant __APP__ - assumed '__APP__' D:\PHPnow-1.5.8\htdocs\haorizi\Application\Adm\Conf\config.php 第 32 行.
INFO: [ app_begin ] --START--
INFO: Run Behavior\ReadHtmlCacheBehavior [ RunTime:0.002000s ]
INFO: Run Behavior\CheckLangBehavior [ RunTime:0.008001s ]
INFO: [ app_begin ] --END-- [ RunTime:0.010001s ]
ERR: 无法加载控制器:Admin_role

