[ 2015-08-05T15:01:38+08:00 ] 127.0.0.1 /haorizi/amd.php?s=/article/index/menuid/344.html
INFO: [ app_init ] --START--
INFO: Run Behavior\BuildLiteBehavior [ RunTime:0.000000s ]
INFO: [ app_init ] --END-- [ RunTime:0.002000s ]
NOTIC: [8] Use of undefined constant __APP__ - assumed '__APP__' D:\PHPnow-1.5.8\htdocs\haorizi\Application\Adm\Conf\config.php 第 30 行.
NOTIC: [8] Use of undefined constant __APP__ - assumed '__APP__' D:\PHPnow-1.5.8\htdocs\haorizi\Application\Adm\Conf\config.php 第 31 行.
NOTIC: [8] Use of undefined constant __APP__ - assumed '__APP__' D:\PHPnow-1.5.8\htdocs\haorizi\Application\Adm\Conf\config.php 第 32 行.
INFO: [ app_begin ] --START--
INFO: Run Behavior\ReadHtmlCacheBehavior [ RunTime:0.002000s ]
INFO: Run Behavior\CheckLangBehavior [ RunTime:0.007001s ]
INFO: [ app_begin ] --END-- [ RunTime:0.009001s ]
NOTIC: [8] Use of undefined constant BELONGS_TO - assumed 'BELONGS_TO' D:\PHPnow-1.5.8\htdocs\inc\ThinkPHP3\Common\functions.php 第 591 行.
SQL: SHOW COLUMNS FROM `cms_article` [ RunTime:0.0110s ]
SQL: SHOW COLUMNS FROM `cms_article_cate` [ RunTime:0.0110s ]
SQL: SELECT `id`,`pid`,`name`,`ename` FROM `cms_article_cate` WHERE `status` = 1 ORDER BY ordid DESC  [ RunTime:0.0170s ]
SQL: SELECT `id`,`pid`,`name`,`ename` FROM `cms_article_cate` WHERE `status` = 1 ORDER BY ordid DESC  [ RunTime:0.0140s ]
SQL: SELECT COUNT(id) AS tp_count FROM `cms_article` WHERE `site_id` = 0 LIMIT 1   [ RunTime:0.0020s ]
SQL: SELECT * FROM `cms_article` WHERE `site_id` = 0 ORDER BY id desc LIMIT 0,10   [ RunTime:0.0040s ]
NOTIC: [8] Use of undefined constant __SITEROOT__ - assumed '__SITEROOT__' D:\PHPnow-1.5.8\htdocs\haorizi\Application\Common\Common\function.php 第 131 行.
INFO: [ view_parse ] --START--
INFO: [ template_filter ] --START--
INFO: Run Behavior\ContentReplaceBehavior [ RunTime:0.000000s ]
INFO: [ template_filter ] --END-- [ RunTime:0.001000s ]
NOTIC: [8] Undefined variable: sub_menu D:\PHPnow-1.5.8\htdocs\haorizi\Application\Runtime\Cache\Adm\3834ca31253388a30dd36654241979af.php 第 24 行.
NOTIC: [8] Undefined variable: big_menu D:\PHPnow-1.5.8\htdocs\haorizi\Application\Runtime\Cache\Adm\3834ca31253388a30dd36654241979af.php 第 24 行.
NOTIC: [8] Undefined variable: menuid D:\PHPnow-1.5.8\htdocs\haorizi\Application\Runtime\Cache\Adm\3834ca31253388a30dd36654241979af.php 第 45 行.
NOTIC: [8] Use of undefined constant CONTROLLER - assumed 'CONTROLLER' D:\PHPnow-1.5.8\htdocs\haorizi\Application\Runtime\Cache\Adm\3834ca31253388a30dd36654241979af.php 第 68 行.
NOTIC: [8] Use of undefined constant CONTROLLER - assumed 'CONTROLLER' D:\PHPnow-1.5.8\htdocs\haorizi\Application\Runtime\Cache\Adm\3834ca31253388a30dd36654241979af.php 第 99 行.
NOTIC: [8] Undefined variable: menuid D:\PHPnow-1.5.8\htdocs\haorizi\Application\Runtime\Cache\Adm\3834ca31253388a30dd36654241979af.php 第 99 行.
NOTIC: [8] Use of undefined constant CONTROLLER - assumed 'CONTROLLER' D:\PHPnow-1.5.8\htdocs\haorizi\Application\Runtime\Cache\Adm\3834ca31253388a30dd36654241979af.php 第 99 行.
NOTIC: [8] Use of undefined constant CONTROLLER - assumed 'CONTROLLER' D:\PHPnow-1.5.8\htdocs\haorizi\Application\Runtime\Cache\Adm\3834ca31253388a30dd36654241979af.php 第 106 行.
INFO: Run Behavior\ParseTemplateBehavior [ RunTime:0.057004s ]
INFO: [ view_parse ] --END-- [ RunTime:0.057004s ]
INFO: [ view_filter ] --START--
INFO: Run Behavior\WriteHtmlCacheBehavior [ RunTime:0.002000s ]
INFO: [ view_filter ] --END-- [ RunTime:0.002000s ]
INFO: [ app_end ] --START--
INFO: Run Behavior\ShowPageTraceBehavior [ RunTime:0.003000s ]
INFO: [ app_end ] --END-- [ RunTime:0.003000s ]

[ 2015-08-05T15:01:38+08:00 ] 127.0.0.1 /haorizi/amd.php?s=/ArticleCate/ajax_getchilds.html&id=0
INFO: [ app_init ] --START--
INFO: Run Behavior\BuildLiteBehavior [ RunTime:0.000000s ]
INFO: [ app_init ] --END-- [ RunTime:0.001000s ]
NOTIC: [8] Use of undefined constant __APP__ - assumed '__APP__' D:\PHPnow-1.5.8\htdocs\haorizi\Application\Adm\Conf\config.php 第 30 行.
NOTIC: [8] Use of undefined constant __APP__ - assumed '__APP__' D:\PHPnow-1.5.8\htdocs\haorizi\Application\Adm\Conf\config.php 第 31 行.
NOTIC: [8] Use of undefined constant __APP__ - assumed '__APP__' D:\PHPnow-1.5.8\htdocs\haorizi\Application\Adm\Conf\config.php 第 32 行.
INFO: [ app_begin ] --START--
INFO: Run Behavior\ReadHtmlCacheBehavior [ RunTime:0.002000s ]
INFO: Run Behavior\CheckLangBehavior [ RunTime:0.008001s ]
INFO: [ app_begin ] --END-- [ RunTime:0.010001s ]
SQL: SHOW COLUMNS FROM `cms_article_cate` [ RunTime:0.0140s ]
SQL: SELECT `id`,`pid`,`name`,`ename` FROM `cms_article_cate` WHERE `status` = 1 AND `pid` = 0 ORDER BY ordid DESC  [ RunTime:0.0180s ]

[ 2015-08-05T15:01:46+08:00 ] 127.0.0.1 /haorizi/amd.php?s=/CONTROLLER/ajax_edit.html&id=3191&field=title&val=fsdfsdf
INFO: [ app_init ] --START--
INFO: Run Behavior\BuildLiteBehavior [ RunTime:0.000000s ]
INFO: [ app_init ] --END-- [ RunTime:0.001000s ]
NOTIC: [8] Use of undefined constant __APP__ - assumed '__APP__' D:\PHPnow-1.5.8\htdocs\haorizi\Application\Adm\Conf\config.php 第 30 行.
NOTIC: [8] Use of undefined constant __APP__ - assumed '__APP__' D:\PHPnow-1.5.8\htdocs\haorizi\Application\Adm\Conf\config.php 第 31 行.
NOTIC: [8] Use of undefined constant __APP__ - assumed '__APP__' D:\PHPnow-1.5.8\htdocs\haorizi\Application\Adm\Conf\config.php 第 32 行.
INFO: [ app_begin ] --START--
INFO: Run Behavior\ReadHtmlCacheBehavior [ RunTime:0.002000s ]
INFO: Run Behavior\CheckLangBehavior [ RunTime:0.007000s ]
INFO: [ app_begin ] --END-- [ RunTime:0.010000s ]
ERR: 无法加载控制器:CONTROLLER

[ 2015-08-05T15:03:15+08:00 ] 127.0.0.1 /haorizi/amd.php?s=/article/index/menuid/344.html
INFO: [ app_init ] --START--
INFO: Run Behavior\BuildLiteBehavior [ RunTime:0.000000s ]
INFO: [ app_init ] --END-- [ RunTime:0.002000s ]
NOTIC: [8] Use of undefined constant __APP__ - assumed '__APP__' D:\PHPnow-1.5.8\htdocs\haorizi\Application\Adm\Conf\config.php 第 30 行.
NOTIC: [8] Use of undefined constant __APP__ - assumed '__APP__' D:\PHPnow-1.5.8\htdocs\haorizi\Application\Adm\Conf\config.php 第 31 行.
NOTIC: [8] Use of undefined constant __APP__ - assumed '__APP__' D:\PHPnow-1.5.8\htdocs\haorizi\Application\Adm\Conf\config.php 第 32 行.
INFO: [ app_begin ] --START--
INFO: Run Behavior\ReadHtmlCacheBehavior [ RunTime:0.004000s ]
INFO: Run Behavior\CheckLangBehavior [ RunTime:0.008001s ]
INFO: [ app_begin ] --END-- [ RunTime:0.012001s ]
NOTIC: [8] Use of undefined constant BELONGS_TO - assumed 'BELONGS_TO' D:\PHPnow-1.5.8\htdocs\inc\ThinkPHP3\Common\functions.php 第 591 行.
SQL: SHOW COLUMNS FROM `cms_article` [ RunTime:0.0120s ]
SQL: SHOW COLUMNS FROM `cms_article_cate` [ RunTime:0.0150s ]
SQL: SELECT `id`,`pid`,`name`,`ename` FROM `cms_article_cate` WHERE `status` = 1 ORDER BY ordid DESC  [ RunTime:0.0150s ]
SQL: SELECT `id`,`pid`,`name`,`ename` FROM `cms_article_cate` WHERE `status` = 1 ORDER BY ordid DESC  [ RunTime:0.0150s ]
SQL: SELECT COUNT(id) AS tp_count FROM `cms_article` WHERE `site_id` = 0 LIMIT 1   [ RunTime:0.0020s ]
SQL: SELECT * FROM `cms_article` WHERE `site_id` = 0 ORDER BY id desc LIMIT 0,10   [ RunTime:0.0020s ]
NOTIC: [8] Use of undefined constant __SITEROOT__ - assumed '__SITEROOT__' D:\PHPnow-1.5.8\htdocs\haorizi\Application\Common\Common\function.php 第 131 行.
INFO: [ view_parse ] --START--
INFO: [ template_filter ] --START--
INFO: Run Behavior\ContentReplaceBehavior [ RunTime:0.001000s ]
INFO: [ template_filter ] --END-- [ RunTime:0.001000s ]
NOTIC: [8] Undefined variable: sub_menu D:\PHPnow-1.5.8\htdocs\haorizi\Application\Runtime\Cache\Adm\3834ca31253388a30dd36654241979af.php 第 24 行.
NOTIC: [8] Undefined variable: big_menu D:\PHPnow-1.5.8\htdocs\haorizi\Application\Runtime\Cache\Adm\3834ca31253388a30dd36654241979af.php 第 24 行.
NOTIC: [8] Undefined variable: menuid D:\PHPnow-1.5.8\htdocs\haorizi\Application\Runtime\Cache\Adm\3834ca31253388a30dd36654241979af.php 第 45 行.
NOTIC: [8] Undefined variable: menuid D:\PHPnow-1.5.8\htdocs\haorizi\Application\Runtime\Cache\Adm\3834ca31253388a30dd36654241979af.php 第 99 行.
INFO: Run Behavior\ParseTemplateBehavior [ RunTime:0.064004s ]
INFO: [ view_parse ] --END-- [ RunTime:0.064004s ]
INFO: [ view_filter ] --START--
INFO: Run Behavior\WriteHtmlCacheBehavior [ RunTime:0.003000s ]
INFO: [ view_filter ] --END-- [ RunTime:0.004000s ]
INFO: [ app_end ] --START--
INFO: Run Behavior\ShowPageTraceBehavior [ RunTime:0.002000s ]
INFO: [ app_end ] --END-- [ RunTime:0.003000s ]

[ 2015-08-05T15:03:16+08:00 ] 127.0.0.1 /haorizi/amd.php?s=/ArticleCate/ajax_getchilds.html&id=0
INFO: [ app_init ] --START--
INFO: Run Behavior\BuildLiteBehavior [ RunTime:0.000000s ]
INFO: [ app_init ] --END-- [ RunTime:0.001000s ]
NOTIC: [8] Use of undefined constant __APP__ - assumed '__APP__' D:\PHPnow-1.5.8\htdocs\haorizi\Application\Adm\Conf\config.php 第 30 行.
NOTIC: [8] Use of undefined constant __APP__ - assumed '__APP__' D:\PHPnow-1.5.8\htdocs\haorizi\Application\Adm\Conf\config.php 第 31 行.
NOTIC: [8] Use of undefined constant __APP__ - assumed '__APP__' D:\PHPnow-1.5.8\htdocs\haorizi\Application\Adm\Conf\config.php 第 32 行.
INFO: [ app_begin ] --START--
INFO: Run Behavior\ReadHtmlCacheBehavior [ RunTime:0.003000s ]
INFO: Run Behavior\CheckLangBehavior [ RunTime:0.006001s ]
INFO: [ app_begin ] --END-- [ RunTime:0.009001s ]
SQL: SHOW COLUMNS FROM `cms_article_cate` [ RunTime:0.0270s ]
SQL: SELECT `id`,`pid`,`name`,`ename` FROM `cms_article_cate` WHERE `status` = 1 AND `pid` = 0 ORDER BY ordid DESC  [ RunTime:0.0180s ]

[ 2015-08-05T15:03:18+08:00 ] 127.0.0.1 /haorizi/amd.php?s=/Article/ajax_edit.html&id=3191&field=title&val=fdsf
INFO: [ app_init ] --START--
INFO: Run Behavior\BuildLiteBehavior [ RunTime:0.000000s ]
INFO: [ app_init ] --END-- [ RunTime:0.002000s ]
NOTIC: [8] Use of undefined constant __APP__ - assumed '__APP__' D:\PHPnow-1.5.8\htdocs\haorizi\Application\Adm\Conf\config.php 第 30 行.
NOTIC: [8] Use of undefined constant __APP__ - assumed '__APP__' D:\PHPnow-1.5.8\htdocs\haorizi\Application\Adm\Conf\config.php 第 31 行.
NOTIC: [8] Use of undefined constant __APP__ - assumed '__APP__' D:\PHPnow-1.5.8\htdocs\haorizi\Application\Adm\Conf\config.php 第 32 行.
INFO: [ app_begin ] --START--
INFO: Run Behavior\ReadHtmlCacheBehavior [ RunTime:0.003000s ]
INFO: Run Behavior\CheckLangBehavior [ RunTime:0.006000s ]
INFO: [ app_begin ] --END-- [ RunTime:0.010000s ]
NOTIC: [8] Use of undefined constant BELONGS_TO - assumed 'BELONGS_TO' D:\PHPnow-1.5.8\htdocs\inc\ThinkPHP3\Common\functions.php 第 591 行.
SQL: SHOW COLUMNS FROM `cms_article` [ RunTime:0.0130s ]
SQL: SHOW COLUMNS FROM `cms_article_cate` [ RunTime:0.0120s ]
SQL: UPDATE `cms_article` SET `title`='fdsf' WHERE `id` = 3191 [ RunTime:0.0040s ]

[ 2015-08-05T15:03:20+08:00 ] 127.0.0.1 /haorizi/amd.php?s=/article/index/menuid/344.html
INFO: [ app_init ] --START--
INFO: Run Behavior\BuildLiteBehavior [ RunTime:0.000000s ]
INFO: [ app_init ] --END-- [ RunTime:0.001000s ]
NOTIC: [8] Use of undefined constant __APP__ - assumed '__APP__' D:\PHPnow-1.5.8\htdocs\haorizi\Application\Adm\Conf\config.php 第 30 行.
NOTIC: [8] Use of undefined constant __APP__ - assumed '__APP__' D:\PHPnow-1.5.8\htdocs\haorizi\Application\Adm\Conf\config.php 第 31 行.
NOTIC: [8] Use of undefined constant __APP__ - assumed '__APP__' D:\PHPnow-1.5.8\htdocs\haorizi\Application\Adm\Conf\config.php 第 32 行.
INFO: [ app_begin ] --START--
INFO: Run Behavior\ReadHtmlCacheBehavior [ RunTime:0.002000s ]
INFO: Run Behavior\CheckLangBehavior [ RunTime:0.006001s ]
INFO: [ app_begin ] --END-- [ RunTime:0.008001s ]
NOTIC: [8] Use of undefined constant BELONGS_TO - assumed 'BELONGS_TO' D:\PHPnow-1.5.8\htdocs\inc\ThinkPHP3\Common\functions.php 第 591 行.
SQL: SHOW COLUMNS FROM `cms_article` [ RunTime:0.0140s ]
SQL: SHOW COLUMNS FROM `cms_article_cate` [ RunTime:0.0150s ]
SQL: SELECT `id`,`pid`,`name`,`ename` FROM `cms_article_cate` WHERE `status` = 1 ORDER BY ordid DESC  [ RunTime:0.0160s ]
SQL: SELECT `id`,`pid`,`name`,`ename` FROM `cms_article_cate` WHERE `status` = 1 ORDER BY ordid DESC  [ RunTime:0.0200s ]
SQL: SELECT COUNT(id) AS tp_count FROM `cms_article` WHERE `site_id` = 0 LIMIT 1   [ RunTime:0.0010s ]
SQL: SELECT * FROM `cms_article` WHERE `site_id` = 0 ORDER BY id desc LIMIT 0,10   [ RunTime:0.0020s ]
NOTIC: [8] Use of undefined constant __SITEROOT__ - assumed '__SITEROOT__' D:\PHPnow-1.5.8\htdocs\haorizi\Application\Common\Common\function.php 第 131 行.
INFO: [ view_parse ] --START--
INFO: [ template_filter ] --START--
INFO: Run Behavior\ContentReplaceBehavior [ RunTime:0.001000s ]
INFO: [ template_filter ] --END-- [ RunTime:0.001000s ]
NOTIC: [8] Undefined variable: sub_menu D:\PHPnow-1.5.8\htdocs\haorizi\Application\Runtime\Cache\Adm\3834ca31253388a30dd36654241979af.php 第 24 行.
NOTIC: [8] Undefined variable: big_menu D:\PHPnow-1.5.8\htdocs\haorizi\Application\Runtime\Cache\Adm\3834ca31253388a30dd36654241979af.php 第 24 行.
NOTIC: [8] Undefined variable: menuid D:\PHPnow-1.5.8\htdocs\haorizi\Application\Runtime\Cache\Adm\3834ca31253388a30dd36654241979af.php 第 45 行.
NOTIC: [8] Undefined variable: menuid D:\PHPnow-1.5.8\htdocs\haorizi\Application\Runtime\Cache\Adm\3834ca31253388a30dd36654241979af.php 第 99 行.
INFO: Run Behavior\ParseTemplateBehavior [ RunTime:0.057003s ]
INFO: [ view_parse ] --END-- [ RunTime:0.057003s ]
INFO: [ view_filter ] --START--
INFO: Run Behavior\WriteHtmlCacheBehavior [ RunTime:0.002000s ]
INFO: [ view_filter ] --END-- [ RunTime:0.002000s ]
INFO: [ app_end ] --START--
INFO: Run Behavior\ShowPageTraceBehavior [ RunTime:0.003001s ]
INFO: [ app_end ] --END-- [ RunTime:0.003001s ]

[ 2015-08-05T15:03:20+08:00 ] 127.0.0.1 /haorizi/amd.php?s=/ArticleCate/ajax_getchilds.html&id=0
INFO: [ app_init ] --START--
INFO: Run Behavior\BuildLiteBehavior [ RunTime:0.000000s ]
INFO: [ app_init ] --END-- [ RunTime:0.002000s ]
NOTIC: [8] Use of undefined constant __APP__ - assumed '__APP__' D:\PHPnow-1.5.8\htdocs\haorizi\Application\Adm\Conf\config.php 第 30 行.
NOTIC: [8] Use of undefined constant __APP__ - assumed '__APP__' D:\PHPnow-1.5.8\htdocs\haorizi\Application\Adm\Conf\config.php 第 31 行.
NOTIC: [8] Use of undefined constant __APP__ - assumed '__APP__' D:\PHPnow-1.5.8\htdocs\haorizi\Application\Adm\Conf\config.php 第 32 行.
INFO: [ app_begin ] --START--
INFO: Run Behavior\ReadHtmlCacheBehavior [ RunTime:0.003000s ]
INFO: Run Behavior\CheckLangBehavior [ RunTime:0.008000s ]
INFO: [ app_begin ] --END-- [ RunTime:0.011000s ]
SQL: SHOW COLUMNS FROM `cms_article_cate` [ RunTime:0.0140s ]
SQL: SELECT `id`,`pid`,`name`,`ename` FROM `cms_article_cate` WHERE `status` = 1 AND `pid` = 0 ORDER BY ordid DESC  [ RunTime:0.0210s ]

[ 2015-08-05T15:14:13+08:00 ] 127.0.0.1 /haorizi/amd.php?s=/article/index/menuid/344.html
INFO: [ app_init ] --START--
INFO: Run Behavior\BuildLiteBehavior [ RunTime:0.000000s ]
INFO: [ app_init ] --END-- [ RunTime:0.002000s ]
NOTIC: [8] Use of undefined constant __APP__ - assumed '__APP__' D:\PHPnow-1.5.8\htdocs\haorizi\Application\Adm\Conf\config.php 第 30 行.
NOTIC: [8] Use of undefined constant __APP__ - assumed '__APP__' D:\PHPnow-1.5.8\htdocs\haorizi\Application\Adm\Conf\config.php 第 31 行.
NOTIC: [8] Use of undefined constant __APP__ - assumed '__APP__' D:\PHPnow-1.5.8\htdocs\haorizi\Application\Adm\Conf\config.php 第 32 行.
INFO: [ app_begin ] --START--
INFO: Run Behavior\ReadHtmlCacheBehavior [ RunTime:0.003001s ]
INFO: Run Behavior\CheckLangBehavior [ RunTime:0.008000s ]
INFO: [ app_begin ] --END-- [ RunTime:0.011001s ]
NOTIC: [8] Use of undefined constant BELONGS_TO - assumed 'BELONGS_TO' D:\PHPnow-1.5.8\htdocs\inc\ThinkPHP3\Common\functions.php 第 591 行.
SQL: SHOW COLUMNS FROM `cms_article` [ RunTime:0.0170s ]
SQL: SHOW COLUMNS FROM `cms_article_cate` [ RunTime:0.0160s ]
SQL: SELECT `id`,`pid`,`name`,`ename` FROM `cms_article_cate` WHERE `status` = 1 ORDER BY ordid DESC  [ RunTime:0.0210s ]
SQL: SELECT `id`,`pid`,`name`,`ename` FROM `cms_article_cate` WHERE `status` = 1 ORDER BY ordid DESC  [ RunTime:0.0160s ]
SQL: SELECT COUNT(id) AS tp_count FROM `cms_article` WHERE `site_id` = 0 LIMIT 1   [ RunTime:0.0010s ]
SQL: SELECT * FROM `cms_article` WHERE `site_id` = 0 ORDER BY id desc LIMIT 0,10   [ RunTime:0.0030s ]
NOTIC: [8] Use of undefined constant __SITEROOT__ - assumed '__SITEROOT__' D:\PHPnow-1.5.8\htdocs\haorizi\Application\Common\Common\function.php 第 131 行.
INFO: [ view_parse ] --START--
INFO: [ template_filter ] --START--
INFO: Run Behavior\ContentReplaceBehavior [ RunTime:0.001000s ]
INFO: [ template_filter ] --END-- [ RunTime:0.001000s ]
NOTIC: [8] Undefined variable: sub_menu D:\PHPnow-1.5.8\htdocs\haorizi\Application\Runtime\Cache\Adm\3834ca31253388a30dd36654241979af.php 第 24 行.
NOTIC: [8] Undefined variable: big_menu D:\PHPnow-1.5.8\htdocs\haorizi\Application\Runtime\Cache\Adm\3834ca31253388a30dd36654241979af.php 第 24 行.
NOTIC: [8] Undefined variable: menuid D:\PHPnow-1.5.8\htdocs\haorizi\Application\Runtime\Cache\Adm\3834ca31253388a30dd36654241979af.php 第 45 行.
NOTIC: [8] Undefined variable: menuid D:\PHPnow-1.5.8\htdocs\haorizi\Application\Runtime\Cache\Adm\3834ca31253388a30dd36654241979af.php 第 99 行.
INFO: Run Behavior\ParseTemplateBehavior [ RunTime:0.093006s ]
INFO: [ view_parse ] --END-- [ RunTime:0.094006s ]
INFO: [ view_filter ] --START--
INFO: Run Behavior\WriteHtmlCacheBehavior [ RunTime:0.002000s ]
INFO: [ view_filter ] --END-- [ RunTime:0.003000s ]
INFO: [ app_end ] --START--
INFO: Run Behavior\ShowPageTraceBehavior [ RunTime:0.004000s ]
INFO: [ app_end ] --END-- [ RunTime:0.004000s ]

[ 2015-08-05T15:14:14+08:00 ] 127.0.0.1 /haorizi/amd.php?s=/ArticleCate/ajax_getchilds.html&id=0
INFO: [ app_init ] --START--
INFO: Run Behavior\BuildLiteBehavior [ RunTime:0.000000s ]
INFO: [ app_init ] --END-- [ RunTime:0.002000s ]
NOTIC: [8] Use of undefined constant __APP__ - assumed '__APP__' D:\PHPnow-1.5.8\htdocs\haorizi\Application\Adm\Conf\config.php 第 30 行.
NOTIC: [8] Use of undefined constant __APP__ - assumed '__APP__' D:\PHPnow-1.5.8\htdocs\haorizi\Application\Adm\Conf\config.php 第 31 行.
NOTIC: [8] Use of undefined constant __APP__ - assumed '__APP__' D:\PHPnow-1.5.8\htdocs\haorizi\Application\Adm\Conf\config.php 第 32 行.
INFO: [ app_begin ] --START--
INFO: Run Behavior\ReadHtmlCacheBehavior [ RunTime:0.002001s ]
INFO: Run Behavior\CheckLangBehavior [ RunTime:0.006000s ]
INFO: [ app_begin ] --END-- [ RunTime:0.008001s ]
SQL: SHOW COLUMNS FROM `cms_article_cate` [ RunTime:0.0120s ]
SQL: SELECT `id`,`pid`,`name`,`ename` FROM `cms_article_cate` WHERE `status` = 1 AND `pid` = 0 ORDER BY ordid DESC  [ RunTime:0.0240s ]

[ 2015-08-05T15:14:17+08:00 ] 127.0.0.1 /haorizi/amd.php?s=/Article/ajax_edit.html&id=3191&field=title&val=eee
INFO: [ app_init ] --START--
INFO: Run Behavior\BuildLiteBehavior [ RunTime:0.000000s ]
INFO: [ app_init ] --END-- [ RunTime:0.002000s ]
NOTIC: [8] Use of undefined constant __APP__ - assumed '__APP__' D:\PHPnow-1.5.8\htdocs\haorizi\Application\Adm\Conf\config.php 第 30 行.
NOTIC: [8] Use of undefined constant __APP__ - assumed '__APP__' D:\PHPnow-1.5.8\htdocs\haorizi\Application\Adm\Conf\config.php 第 31 行.
NOTIC: [8] Use of undefined constant __APP__ - assumed '__APP__' D:\PHPnow-1.5.8\htdocs\haorizi\Application\Adm\Conf\config.php 第 32 行.
INFO: [ app_begin ] --START--
INFO: Run Behavior\ReadHtmlCacheBehavior [ RunTime:0.002000s ]
INFO: Run Behavior\CheckLangBehavior [ RunTime:0.007001s ]
INFO: [ app_begin ] --END-- [ RunTime:0.009001s ]
NOTIC: [8] Use of undefined constant BELONGS_TO - assumed 'BELONGS_TO' D:\PHPnow-1.5.8\htdocs\inc\ThinkPHP3\Common\functions.php 第 591 行.
SQL: SHOW COLUMNS FROM `cms_article` [ RunTime:0.0190s ]
SQL: SHOW COLUMNS FROM `cms_article_cate` [ RunTime:0.0190s ]
SQL: UPDATE `cms_article` SET `title`='eee' WHERE `id` = 3191 [ RunTime:0.0020s ]

[ 2015-08-05T15:17:37+08:00 ] 127.0.0.1 /haorizi/amd.php?s=/article/index/menuid/344.html
INFO: [ app_init ] --START--
INFO: Run Behavior\BuildLiteBehavior [ RunTime:0.000000s ]
INFO: [ app_init ] --END-- [ RunTime:0.002001s ]
NOTIC: [8] Use of undefined constant __APP__ - assumed '__APP__' D:\PHPnow-1.5.8\htdocs\haorizi\Application\Adm\Conf\config.php 第 30 行.
NOTIC: [8] Use of undefined constant __APP__ - assumed '__APP__' D:\PHPnow-1.5.8\htdocs\haorizi\Application\Adm\Conf\config.php 第 31 行.
NOTIC: [8] Use of undefined constant __APP__ - assumed '__APP__' D:\PHPnow-1.5.8\htdocs\haorizi\Application\Adm\Conf\config.php 第 32 行.
INFO: [ app_begin ] --START--
INFO: Run Behavior\ReadHtmlCacheBehavior [ RunTime:0.004000s ]
INFO: Run Behavior\CheckLangBehavior [ RunTime:0.007001s ]
INFO: [ app_begin ] --END-- [ RunTime:0.012001s ]
NOTIC: [8] Use of undefined constant BELONGS_TO - assumed 'BELONGS_TO' D:\PHPnow-1.5.8\htdocs\inc\ThinkPHP3\Common\functions.php 第 591 行.
SQL: SHOW COLUMNS FROM `cms_article` [ RunTime:0.0130s ]
SQL: SHOW COLUMNS FROM `cms_article_cate` [ RunTime:0.0140s ]
SQL: SELECT `id`,`pid`,`name`,`ename` FROM `cms_article_cate` WHERE `status` = 1 ORDER BY ordid DESC  [ RunTime:0.0170s ]
SQL: SELECT `id`,`pid`,`name`,`ename` FROM `cms_article_cate` WHERE `status` = 1 ORDER BY ordid DESC  [ RunTime:0.0140s ]
SQL: SELECT COUNT(id) AS tp_count FROM `cms_article` WHERE `site_id` = 0 LIMIT 1   [ RunTime:0.0010s ]
SQL: SELECT * FROM `cms_article` WHERE `site_id` = 0 ORDER BY id desc LIMIT 0,10   [ RunTime:0.0030s ]
NOTIC: [8] Use of undefined constant __SITEROOT__ - assumed '__SITEROOT__' D:\PHPnow-1.5.8\htdocs\haorizi\Application\Common\Common\function.php 第 131 行.
INFO: [ view_parse ] --START--
INFO: [ template_filter ] --START--
INFO: Run Behavior\ContentReplaceBehavior [ RunTime:0.000000s ]
INFO: [ template_filter ] --END-- [ RunTime:0.000000s ]
NOTIC: [8] Undefined variable: sub_menu D:\PHPnow-1.5.8\htdocs\haorizi\Application\Runtime\Cache\Adm\3834ca31253388a30dd36654241979af.php 第 24 行.
NOTIC: [8] Undefined variable: big_menu D:\PHPnow-1.5.8\htdocs\haorizi\Application\Runtime\Cache\Adm\3834ca31253388a30dd36654241979af.php 第 24 行.
NOTIC: [8] Undefined variable: menuid D:\PHPnow-1.5.8\htdocs\haorizi\Application\Runtime\Cache\Adm\3834ca31253388a30dd36654241979af.php 第 45 行.
NOTIC: [8] Undefined variable: menuid D:\PHPnow-1.5.8\htdocs\haorizi\Application\Runtime\Cache\Adm\3834ca31253388a30dd36654241979af.php 第 99 行.
INFO: Run Behavior\ParseTemplateBehavior [ RunTime:0.058004s ]
INFO: [ view_parse ] --END-- [ RunTime:0.059004s ]
INFO: [ view_filter ] --START--
INFO: Run Behavior\WriteHtmlCacheBehavior [ RunTime:0.003000s ]
INFO: [ view_filter ] --END-- [ RunTime:0.003000s ]
INFO: [ app_end ] --START--
INFO: Run Behavior\ShowPageTraceBehavior [ RunTime:0.003000s ]
INFO: [ app_end ] --END-- [ RunTime:0.003000s ]

[ 2015-08-05T15:17:38+08:00 ] 127.0.0.1 /haorizi/amd.php?s=/ArticleCate/ajax_getchilds.html&id=0
INFO: [ app_init ] --START--
INFO: Run Behavior\BuildLiteBehavior [ RunTime:0.000000s ]
INFO: [ app_init ] --END-- [ RunTime:0.002000s ]
NOTIC: [8] Use of undefined constant __APP__ - assumed '__APP__' D:\PHPnow-1.5.8\htdocs\haorizi\Application\Adm\Conf\config.php 第 30 行.
NOTIC: [8] Use of undefined constant __APP__ - assumed '__APP__' D:\PHPnow-1.5.8\htdocs\haorizi\Application\Adm\Conf\config.php 第 31 行.
NOTIC: [8] Use of undefined constant __APP__ - assumed '__APP__' D:\PHPnow-1.5.8\htdocs\haorizi\Application\Adm\Conf\config.php 第 32 行.
INFO: [ app_begin ] --START--
INFO: Run Behavior\ReadHtmlCacheBehavior [ RunTime:0.002000s ]
INFO: Run Behavior\CheckLangBehavior [ RunTime:0.008000s ]
INFO: [ app_begin ] --END-- [ RunTime:0.011000s ]
SQL: SHOW COLUMNS FROM `cms_article_cate` [ RunTime:0.0160s ]
SQL: SELECT `id`,`pid`,`name`,`ename` FROM `cms_article_cate` WHERE `status` = 1 AND `pid` = 0 ORDER BY ordid DESC  [ RunTime:0.0200s ]

[ 2015-08-05T15:24:24+08:00 ] 127.0.0.1 /haorizi/amd.php?s=/article/index/menuid/344.html
INFO: [ app_init ] --START--
INFO: Run Behavior\BuildLiteBehavior [ RunTime:0.000000s ]
INFO: [ app_init ] --END-- [ RunTime:0.002000s ]
NOTIC: [8] Use of undefined constant __APP__ - assumed '__APP__' D:\PHPnow-1.5.8\htdocs\haorizi\Application\Adm\Conf\config.php 第 30 行.
NOTIC: [8] Use of undefined constant __APP__ - assumed '__APP__' D:\PHPnow-1.5.8\htdocs\haorizi\Application\Adm\Conf\config.php 第 31 行.
NOTIC: [8] Use of undefined constant __APP__ - assumed '__APP__' D:\PHPnow-1.5.8\htdocs\haorizi\Application\Adm\Conf\config.php 第 32 行.
INFO: [ app_begin ] --START--
INFO: Run Behavior\ReadHtmlCacheBehavior [ RunTime:0.003001s ]
INFO: Run Behavior\CheckLangBehavior [ RunTime:0.008000s ]
INFO: [ app_begin ] --END-- [ RunTime:0.011001s ]
NOTIC: [8] Use of undefined constant BELONGS_TO - assumed 'BELONGS_TO' D:\PHPnow-1.5.8\htdocs\inc\ThinkPHP3\Common\functions.php 第 591 行.
SQL: SHOW COLUMNS FROM `cms_article` [ RunTime:0.0170s ]
SQL: SHOW COLUMNS FROM `cms_article_cate` [ RunTime:0.0170s ]
SQL: SELECT `id`,`pid`,`name`,`ename` FROM `cms_article_cate` WHERE `status` = 1 ORDER BY ordid DESC  [ RunTime:0.0160s ]
SQL: SELECT `id`,`pid`,`name`,`ename` FROM `cms_article_cate` WHERE `status` = 1 ORDER BY ordid DESC  [ RunTime:0.0160s ]
SQL: SELECT COUNT(id) AS tp_count FROM `cms_article` WHERE `site_id` = 0 LIMIT 1   [ RunTime:0.0040s ]
SQL: SELECT * FROM `cms_article` WHERE `site_id` = 0 ORDER BY id desc LIMIT 0,10   [ RunTime:0.0030s ]
NOTIC: [8] Use of undefined constant __SITEROOT__ - assumed '__SITEROOT__' D:\PHPnow-1.5.8\htdocs\haorizi\Application\Common\Common\function.php 第 131 行.
INFO: [ view_parse ] --START--
INFO: [ template_filter ] --START--
INFO: Run Behavior\ContentReplaceBehavior [ RunTime:0.000000s ]
INFO: [ template_filter ] --END-- [ RunTime:0.001000s ]
NOTIC: [8] Undefined variable: sub_menu D:\PHPnow-1.5.8\htdocs\haorizi\Application\Runtime\Cache\Adm\3834ca31253388a30dd36654241979af.php 第 24 行.
NOTIC: [8] Undefined variable: big_menu D:\PHPnow-1.5.8\htdocs\haorizi\Application\Runtime\Cache\Adm\3834ca31253388a30dd36654241979af.php 第 24 行.
NOTIC: [8] Undefined variable: menuid D:\PHPnow-1.5.8\htdocs\haorizi\Application\Runtime\Cache\Adm\3834ca31253388a30dd36654241979af.php 第 45 行.
NOTIC: [8] Undefined variable: menuid D:\PHPnow-1.5.8\htdocs\haorizi\Application\Runtime\Cache\Adm\3834ca31253388a30dd36654241979af.php 第 99 行.
INFO: Run Behavior\ParseTemplateBehavior [ RunTime:0.121007s ]
INFO: [ view_parse ] --END-- [ RunTime:0.121007s ]
INFO: [ view_filter ] --START--
INFO: Run Behavior\WriteHtmlCacheBehavior [ RunTime:0.003001s ]
INFO: [ view_filter ] --END-- [ RunTime:0.003001s ]
INFO: [ app_end ] --START--
INFO: Run Behavior\ShowPageTraceBehavior [ RunTime:0.004000s ]
INFO: [ app_end ] --END-- [ RunTime:0.004000s ]

[ 2015-08-05T15:24:25+08:00 ] 127.0.0.1 /haorizi/amd.php?s=/ArticleCate/ajax_getchilds.html&id=0
INFO: [ app_init ] --START--
INFO: Run Behavior\BuildLiteBehavior [ RunTime:0.000000s ]
INFO: [ app_init ] --END-- [ RunTime:0.002000s ]
NOTIC: [8] Use of undefined constant __APP__ - assumed '__APP__' D:\PHPnow-1.5.8\htdocs\haorizi\Application\Adm\Conf\config.php 第 30 行.
NOTIC: [8] Use of undefined constant __APP__ - assumed '__APP__' D:\PHPnow-1.5.8\htdocs\haorizi\Application\Adm\Conf\config.php 第 31 行.
NOTIC: [8] Use of undefined constant __APP__ - assumed '__APP__' D:\PHPnow-1.5.8\htdocs\haorizi\Application\Adm\Conf\config.php 第 32 行.
INFO: [ app_begin ] --START--
INFO: Run Behavior\ReadHtmlCacheBehavior [ RunTime:0.003000s ]
INFO: Run Behavior\CheckLangBehavior [ RunTime:0.009001s ]
INFO: [ app_begin ] --END-- [ RunTime:0.012001s ]
SQL: SHOW COLUMNS FROM `cms_article_cate` [ RunTime:0.0150s ]
SQL: SELECT `id`,`pid`,`name`,`ename` FROM `cms_article_cate` WHERE `status` = 1 AND `pid` = 0 ORDER BY ordid DESC  [ RunTime:0.0230s ]

[ 2015-08-05T15:24:25+08:00 ] 127.0.0.1 /haorizi/amd.php?s=/article/add/menuid/353.html
INFO: [ app_init ] --START--
INFO: Run Behavior\BuildLiteBehavior [ RunTime:0.000000s ]
INFO: [ app_init ] --END-- [ RunTime:0.096005s ]
NOTIC: [8] Use of undefined constant __APP__ - assumed '__APP__' D:\PHPnow-1.5.8\htdocs\haorizi\Application\Adm\Conf\config.php 第 30 行.
NOTIC: [8] Use of undefined constant __APP__ - assumed '__APP__' D:\PHPnow-1.5.8\htdocs\haorizi\Application\Adm\Conf\config.php 第 31 行.
NOTIC: [8] Use of undefined constant __APP__ - assumed '__APP__' D:\PHPnow-1.5.8\htdocs\haorizi\Application\Adm\Conf\config.php 第 32 行.
INFO: [ app_begin ] --START--
INFO: Run Behavior\ReadHtmlCacheBehavior [ RunTime:0.003000s ]
INFO: Run Behavior\CheckLangBehavior [ RunTime:0.008001s ]
INFO: [ app_begin ] --END-- [ RunTime:0.012001s ]
NOTIC: [8] Use of undefined constant BELONGS_TO - assumed 'BELONGS_TO' D:\PHPnow-1.5.8\htdocs\inc\ThinkPHP3\Common\functions.php 第 591 行.
SQL: SHOW COLUMNS FROM `cms_article` [ RunTime:0.0130s ]
SQL: SHOW COLUMNS FROM `cms_article_cate` [ RunTime:0.0100s ]
NOTIC: [8] Undefined index: admin D:\PHPnow-1.5.8\htdocs\haorizi\Application\Adm\Controller\ArticleController.class.php 第 64 行.
SQL: SELECT `id`,`pid`,`name`,`ename` FROM `cms_article_cate` WHERE `status` = 1 AND `pid` = 0 ORDER BY ordid DESC  [ RunTime:0.0170s ]
INFO: [ view_parse ] --START--
INFO: [ template_filter ] --START--
INFO: Run Behavior\ContentReplaceBehavior [ RunTime:0.000000s ]
INFO: [ template_filter ] --END-- [ RunTime:0.000000s ]
NOTIC: [8] Undefined variable: sub_menu D:\PHPnow-1.5.8\htdocs\haorizi\Application\Runtime\Cache\Adm\998a0d775804b18170ac96f88b7bad7c.php 第 24 行.
NOTIC: [8] Undefined variable: big_menu D:\PHPnow-1.5.8\htdocs\haorizi\Application\Runtime\Cache\Adm\998a0d775804b18170ac96f88b7bad7c.php 第 24 行.
INFO: Run Behavior\ParseTemplateBehavior [ RunTime:0.046002s ]
INFO: [ view_parse ] --END-- [ RunTime:0.046002s ]
INFO: [ view_filter ] --START--
INFO: Run Behavior\WriteHtmlCacheBehavior [ RunTime:0.002001s ]
INFO: [ view_filter ] --END-- [ RunTime:0.002001s ]
INFO: [ app_end ] --START--
INFO: Run Behavior\ShowPageTraceBehavior [ RunTime:0.002000s ]
INFO: [ app_end ] --END-- [ RunTime:0.002000s ]

[ 2015-08-05T15:24:26+08:00 ] 127.0.0.1 /haorizi/amd.php?s=/ArticleCate/ajax_getchilds.html&id=0
INFO: [ app_init ] --START--
INFO: Run Behavior\BuildLiteBehavior [ RunTime:0.000000s ]
INFO: [ app_init ] --END-- [ RunTime:0.001000s ]
NOTIC: [8] Use of undefined constant __APP__ - assumed '__APP__' D:\PHPnow-1.5.8\htdocs\haorizi\Application\Adm\Conf\config.php 第 30 行.
NOTIC: [8] Use of undefined constant __APP__ - assumed '__APP__' D:\PHPnow-1.5.8\htdocs\haorizi\Application\Adm\Conf\config.php 第 31 行.
NOTIC: [8] Use of undefined constant __APP__ - assumed '__APP__' D:\PHPnow-1.5.8\htdocs\haorizi\Application\Adm\Conf\config.php 第 32 行.
INFO: [ app_begin ] --START--
INFO: Run Behavior\ReadHtmlCacheBehavior [ RunTime:0.002000s ]
INFO: Run Behavior\CheckLangBehavior [ RunTime:0.007000s ]
INFO: [ app_begin ] --END-- [ RunTime:0.009000s ]
SQL: SHOW COLUMNS FROM `cms_article_cate` [ RunTime:0.0110s ]
SQL: SELECT `id`,`pid`,`name`,`ename` FROM `cms_article_cate` WHERE `status` = 1 AND `pid` = 0 ORDER BY ordid DESC  [ RunTime:0.0210s ]

[ 2015-08-05T15:24:29+08:00 ] 127.0.0.1 /haorizi/amd.php?s=/ArticleCate/ajax_getchilds.html&id=3204
INFO: [ app_init ] --START--
INFO: Run Behavior\BuildLiteBehavior [ RunTime:0.000000s ]
INFO: [ app_init ] --END-- [ RunTime:0.002001s ]
NOTIC: [8] Use of undefined constant __APP__ - assumed '__APP__' D:\PHPnow-1.5.8\htdocs\haorizi\Application\Adm\Conf\config.php 第 30 行.
NOTIC: [8] Use of undefined constant __APP__ - assumed '__APP__' D:\PHPnow-1.5.8\htdocs\haorizi\Application\Adm\Conf\config.php 第 31 行.
NOTIC: [8] Use of undefined constant __APP__ - assumed '__APP__' D:\PHPnow-1.5.8\htdocs\haorizi\Application\Adm\Conf\config.php 第 32 行.
INFO: [ app_begin ] --START--
INFO: Run Behavior\ReadHtmlCacheBehavior [ RunTime:0.002000s ]
INFO: Run Behavior\CheckLangBehavior [ RunTime:0.007000s ]
INFO: [ app_begin ] --END-- [ RunTime:0.010000s ]
SQL: SHOW COLUMNS FROM `cms_article_cate` [ RunTime:0.0150s ]
SQL: SELECT `id`,`pid`,`name`,`ename` FROM `cms_article_cate` WHERE `status` = 1 AND `pid` = 3204 ORDER BY ordid DESC  [ RunTime:0.0160s ]

[ 2015-08-05T15:24:36+08:00 ] 127.0.0.1 /haorizi/amd.php?s=/Article/ajax_gettags.html&title=fs
INFO: [ app_init ] --START--
INFO: Run Behavior\BuildLiteBehavior [ RunTime:0.000000s ]
INFO: [ app_init ] --END-- [ RunTime:0.002000s ]
NOTIC: [8] Use of undefined constant __APP__ - assumed '__APP__' D:\PHPnow-1.5.8\htdocs\haorizi\Application\Adm\Conf\config.php 第 30 行.
NOTIC: [8] Use of undefined constant __APP__ - assumed '__APP__' D:\PHPnow-1.5.8\htdocs\haorizi\Application\Adm\Conf\config.php 第 31 行.
NOTIC: [8] Use of undefined constant __APP__ - assumed '__APP__' D:\PHPnow-1.5.8\htdocs\haorizi\Application\Adm\Conf\config.php 第 32 行.
INFO: [ app_begin ] --START--
INFO: Run Behavior\ReadHtmlCacheBehavior [ RunTime:0.002000s ]
INFO: Run Behavior\CheckLangBehavior [ RunTime:0.006001s ]
INFO: [ app_begin ] --END-- [ RunTime:0.008001s ]
NOTIC: [8] Use of undefined constant BELONGS_TO - assumed 'BELONGS_TO' D:\PHPnow-1.5.8\htdocs\inc\ThinkPHP3\Common\functions.php 第 591 行.
SQL: SHOW COLUMNS FROM `cms_article` [ RunTime:0.0280s ]
SQL: SHOW COLUMNS FROM `cms_article_cate` [ RunTime:0.0200s ]
SQL: SHOW COLUMNS FROM `cms_tag` [ RunTime:0.6460s ]

[ 2015-08-05T15:24:38+08:00 ] 127.0.0.1 /haorizi/amd.php?s=/Article/add.html
INFO: [ app_init ] --START--
INFO: Run Behavior\BuildLiteBehavior [ RunTime:0.000000s ]
INFO: [ app_init ] --END-- [ RunTime:0.002000s ]
NOTIC: [8] Use of undefined constant __APP__ - assumed '__APP__' D:\PHPnow-1.5.8\htdocs\haorizi\Application\Adm\Conf\config.php 第 30 行.
NOTIC: [8] Use of undefined constant __APP__ - assumed '__APP__' D:\PHPnow-1.5.8\htdocs\haorizi\Application\Adm\Conf\config.php 第 31 行.
NOTIC: [8] Use of undefined constant __APP__ - assumed '__APP__' D:\PHPnow-1.5.8\htdocs\haorizi\Application\Adm\Conf\config.php 第 32 行.
INFO: [ app_begin ] --START--
INFO: Run Behavior\ReadHtmlCacheBehavior [ RunTime:0.002000s ]
INFO: Run Behavior\CheckLangBehavior [ RunTime:0.007000s ]
INFO: [ app_begin ] --END-- [ RunTime:0.009000s ]
NOTIC: [8] Use of undefined constant BELONGS_TO - assumed 'BELONGS_TO' D:\PHPnow-1.5.8\htdocs\inc\ThinkPHP3\Common\functions.php 第 591 行.
SQL: SHOW COLUMNS FROM `cms_article` [ RunTime:0.0120s ]
SQL: SHOW COLUMNS FROM `cms_article_cate` [ RunTime:0.0120s ]
NOTIC: [8] Undefined index: admin D:\PHPnow-1.5.8\htdocs\haorizi\Application\Adm\Controller\ArticleController.class.php 第 64 行.
SQL: SELECT `id`,`pid`,`name`,`ename` FROM `cms_article_cate` WHERE `status` = 1 AND `pid` = 0 ORDER BY ordid DESC  [ RunTime:0.0180s ]
SQL: INSERT INTO `cms_article` (`cate_id`,`title`,`tags`,`author`,`status`,`intro`,`content`,`seo_title`,`seo_keys`,`seo_desc`,`add_time`,`site_id`) VALUES ('3204','fs','fs','','0','fsf','fs','','','','1438759478','0') [ RunTime:0.0010s ]
INFO: [ view_parse ] --START--
INFO: [ template_filter ] --START--
INFO: Run Behavior\ContentReplaceBehavior [ RunTime:0.000000s ]
INFO: [ template_filter ] --END-- [ RunTime:0.000000s ]
INFO: Run Behavior\ParseTemplateBehavior [ RunTime:0.022001s ]
INFO: [ view_parse ] --END-- [ RunTime:0.022001s ]
INFO: [ view_filter ] --START--
INFO: Run Behavior\WriteHtmlCacheBehavior [ RunTime:0.001000s ]
INFO: [ view_filter ] --END-- [ RunTime:0.002000s ]
INFO: [ app_end ] --START--
INFO: Run Behavior\ShowPageTraceBehavior [ RunTime:0.003001s ]
INFO: [ app_end ] --END-- [ RunTime:0.003001s ]

[ 2015-08-05T15:24:40+08:00 ] 127.0.0.1 /haorizi/amd.php?s=/Article/index.html
INFO: [ app_init ] --START--
INFO: Run Behavior\BuildLiteBehavior [ RunTime:0.000000s ]
INFO: [ app_init ] --END-- [ RunTime:0.002000s ]
NOTIC: [8] Use of undefined constant __APP__ - assumed '__APP__' D:\PHPnow-1.5.8\htdocs\haorizi\Application\Adm\Conf\config.php 第 30 行.
NOTIC: [8] Use of undefined constant __APP__ - assumed '__APP__' D:\PHPnow-1.5.8\htdocs\haorizi\Application\Adm\Conf\config.php 第 31 行.
NOTIC: [8] Use of undefined constant __APP__ - assumed '__APP__' D:\PHPnow-1.5.8\htdocs\haorizi\Application\Adm\Conf\config.php 第 32 行.
INFO: [ app_begin ] --START--
INFO: Run Behavior\ReadHtmlCacheBehavior [ RunTime:0.002000s ]
INFO: Run Behavior\CheckLangBehavior [ RunTime:0.008000s ]
INFO: [ app_begin ] --END-- [ RunTime:0.011000s ]
NOTIC: [8] Use of undefined constant BELONGS_TO - assumed 'BELONGS_TO' D:\PHPnow-1.5.8\htdocs\inc\ThinkPHP3\Common\functions.php 第 591 行.
SQL: SHOW COLUMNS FROM `cms_article` [ RunTime:0.0120s ]
SQL: SHOW COLUMNS FROM `cms_article_cate` [ RunTime:0.0170s ]
SQL: SELECT `id`,`pid`,`name`,`ename` FROM `cms_article_cate` WHERE `status` = 1 ORDER BY ordid DESC  [ RunTime:0.0160s ]
SQL: SELECT `id`,`pid`,`name`,`ename` FROM `cms_article_cate` WHERE `status` = 1 ORDER BY ordid DESC  [ RunTime:0.0150s ]
SQL: SELECT COUNT(id) AS tp_count FROM `cms_article` WHERE `site_id` = 0 LIMIT 1   [ RunTime:0.0010s ]
SQL: SELECT * FROM `cms_article` WHERE `site_id` = 0 ORDER BY id desc LIMIT 0,10   [ RunTime:0.0020s ]
NOTIC: [8] Use of undefined constant __SITEROOT__ - assumed '__SITEROOT__' D:\PHPnow-1.5.8\htdocs\haorizi\Application\Common\Common\function.php 第 131 行.
NOTIC: [8] Use of undefined constant __SITEROOT__ - assumed '__SITEROOT__' D:\PHPnow-1.5.8\htdocs\haorizi\Application\Common\Common\function.php 第 131 行.
INFO: [ view_parse ] --START--
INFO: [ template_filter ] --START--
INFO: Run Behavior\ContentReplaceBehavior [ RunTime:0.000000s ]
INFO: [ template_filter ] --END-- [ RunTime:0.000000s ]
NOTIC: [8] Undefined variable: sub_menu D:\PHPnow-1.5.8\htdocs\haorizi\Application\Runtime\Cache\Adm\3834ca31253388a30dd36654241979af.php 第 24 行.
NOTIC: [8] Undefined variable: big_menu D:\PHPnow-1.5.8\htdocs\haorizi\Application\Runtime\Cache\Adm\3834ca31253388a30dd36654241979af.php 第 24 行.
NOTIC: [8] Undefined variable: menuid D:\PHPnow-1.5.8\htdocs\haorizi\Application\Runtime\Cache\Adm\3834ca31253388a30dd36654241979af.php 第 45 行.
NOTIC: [8] Undefined variable: menuid D:\PHPnow-1.5.8\htdocs\haorizi\Application\Runtime\Cache\Adm\3834ca31253388a30dd36654241979af.php 第 99 行.
NOTIC: [8] Undefined variable: menuid D:\PHPnow-1.5.8\htdocs\haorizi\Application\Runtime\Cache\Adm\3834ca31253388a30dd36654241979af.php 第 99 行.
INFO: Run Behavior\ParseTemplateBehavior [ RunTime:0.069004s ]
INFO: [ view_parse ] --END-- [ RunTime:0.069004s ]
INFO: [ view_filter ] --START--
INFO: Run Behavior\WriteHtmlCacheBehavior [ RunTime:0.002000s ]
INFO: [ view_filter ] --END-- [ RunTime:0.002000s ]
INFO: [ app_end ] --START--
INFO: Run Behavior\ShowPageTraceBehavior [ RunTime:0.002000s ]
INFO: [ app_end ] --END-- [ RunTime:0.003000s ]

[ 2015-08-05T15:24:41+08:00 ] 127.0.0.1 /haorizi/amd.php?s=/ArticleCate/ajax_getchilds.html&id=0
INFO: [ app_init ] --START--
INFO: Run Behavior\BuildLiteBehavior [ RunTime:0.000000s ]
INFO: [ app_init ] --END-- [ RunTime:0.001000s ]
NOTIC: [8] Use of undefined constant __APP__ - assumed '__APP__' D:\PHPnow-1.5.8\htdocs\haorizi\Application\Adm\Conf\config.php 第 30 行.
NOTIC: [8] Use of undefined constant __APP__ - assumed '__APP__' D:\PHPnow-1.5.8\htdocs\haorizi\Application\Adm\Conf\config.php 第 31 行.
NOTIC: [8] Use of undefined constant __APP__ - assumed '__APP__' D:\PHPnow-1.5.8\htdocs\haorizi\Application\Adm\Conf\config.php 第 32 行.
INFO: [ app_begin ] --START--
INFO: Run Behavior\ReadHtmlCacheBehavior [ RunTime:0.002000s ]
INFO: Run Behavior\CheckLangBehavior [ RunTime:0.006000s ]
INFO: [ app_begin ] --END-- [ RunTime:0.008000s ]
SQL: SHOW COLUMNS FROM `cms_article_cate` [ RunTime:0.0140s ]
SQL: SELECT `id`,`pid`,`name`,`ename` FROM `cms_article_cate` WHERE `status` = 1 AND `pid` = 0 ORDER BY ordid DESC  [ RunTime:0.0230s ]

[ 2015-08-05T15:24:45+08:00 ] 127.0.0.1 /haorizi/amd.php?s=/ArticleCate/ajax_getchilds.html&id=3203
INFO: [ app_init ] --START--
INFO: Run Behavior\BuildLiteBehavior [ RunTime:0.000000s ]
INFO: [ app_init ] --END-- [ RunTime:0.002000s ]
NOTIC: [8] Use of undefined constant __APP__ - assumed '__APP__' D:\PHPnow-1.5.8\htdocs\haorizi\Application\Adm\Conf\config.php 第 30 行.
NOTIC: [8] Use of undefined constant __APP__ - assumed '__APP__' D:\PHPnow-1.5.8\htdocs\haorizi\Application\Adm\Conf\config.php 第 31 行.
NOTIC: [8] Use of undefined constant __APP__ - assumed '__APP__' D:\PHPnow-1.5.8\htdocs\haorizi\Application\Adm\Conf\config.php 第 32 行.
INFO: [ app_begin ] --START--
INFO: Run Behavior\ReadHtmlCacheBehavior [ RunTime:0.003000s ]
INFO: Run Behavior\CheckLangBehavior [ RunTime:0.010001s ]
INFO: [ app_begin ] --END-- [ RunTime:0.013001s ]
SQL: SHOW COLUMNS FROM `cms_article_cate` [ RunTime:0.0160s ]
SQL: SELECT `id`,`pid`,`name`,`ename` FROM `cms_article_cate` WHERE `status` = 1 AND `pid` = 3203 ORDER BY ordid DESC  [ RunTime:0.0230s ]

[ 2015-08-05T15:24:46+08:00 ] 127.0.0.1 /haorizi/amd.php?g=admin&c=Article&a=index&menuid=&time_start=&time_end=&cate_id=3203&status=&keyword=&search=%E6%90%9C%E7%B4%A2
INFO: [ app_init ] --START--
INFO: Run Behavior\BuildLiteBehavior [ RunTime:0.001000s ]
INFO: [ app_init ] --END-- [ RunTime:0.002000s ]
NOTIC: [8] Use of undefined constant __APP__ - assumed '__APP__' D:\PHPnow-1.5.8\htdocs\haorizi\Application\Adm\Conf\config.php 第 30 行.
NOTIC: [8] Use of undefined constant __APP__ - assumed '__APP__' D:\PHPnow-1.5.8\htdocs\haorizi\Application\Adm\Conf\config.php 第 31 行.
NOTIC: [8] Use of undefined constant __APP__ - assumed '__APP__' D:\PHPnow-1.5.8\htdocs\haorizi\Application\Adm\Conf\config.php 第 32 行.
INFO: [ app_begin ] --START--
INFO: Run Behavior\ReadHtmlCacheBehavior [ RunTime:0.005000s ]
INFO: Run Behavior\CheckLangBehavior [ RunTime:0.008000s ]
INFO: [ app_begin ] --END-- [ RunTime:0.013000s ]
NOTIC: [8] Use of undefined constant BELONGS_TO - assumed 'BELONGS_TO' D:\PHPnow-1.5.8\htdocs\inc\ThinkPHP3\Common\functions.php 第 591 行.
SQL: SHOW COLUMNS FROM `cms_article` [ RunTime:0.0150s ]
SQL: SHOW COLUMNS FROM `cms_article_cate` [ RunTime:0.0150s ]
SQL: SELECT `id`,`pid`,`name`,`ename` FROM `cms_article_cate` WHERE `status` = 1 ORDER BY ordid DESC  [ RunTime:0.0220s ]
SQL: SELECT `id`,`pid`,`name`,`ename` FROM `cms_article_cate` WHERE `status` = 1 ORDER BY ordid DESC  [ RunTime:0.0180s ]
SQL: SELECT `spid` FROM `cms_article_cate` WHERE `id` = 3203 LIMIT 1   [ RunTime:0.0020s ]
SQL: SELECT `id` FROM `cms_article_cate` WHERE `spid` LIKE '3203|%'  [ RunTime:0.0190s ]
SQL: SELECT `spid` FROM `cms_article_cate` WHERE `id` = 3203 LIMIT 1   [ RunTime:0.0010s ]
SQL: SELECT COUNT(id) AS tp_count FROM `cms_article` WHERE `site_id` = 0 AND `cate_id` IN (3203) LIMIT 1   [ RunTime:0.0610s ]
SQL: SELECT * FROM `cms_article` WHERE `site_id` = 0 AND `cate_id` IN (3203) ORDER BY id desc LIMIT 0,10   [ RunTime:0.0020s ]
INFO: [ view_parse ] --START--
INFO: [ template_filter ] --START--
INFO: Run Behavior\ContentReplaceBehavior [ RunTime:0.000000s ]
INFO: [ template_filter ] --END-- [ RunTime:0.000000s ]
NOTIC: [8] Undefined variable: sub_menu D:\PHPnow-1.5.8\htdocs\haorizi\Application\Runtime\Cache\Adm\3834ca31253388a30dd36654241979af.php 第 24 行.
NOTIC: [8] Undefined variable: big_menu D:\PHPnow-1.5.8\htdocs\haorizi\Application\Runtime\Cache\Adm\3834ca31253388a30dd36654241979af.php 第 24 行.
NOTIC: [8] Undefined variable: menuid D:\PHPnow-1.5.8\htdocs\haorizi\Application\Runtime\Cache\Adm\3834ca31253388a30dd36654241979af.php 第 45 行.
INFO: Run Behavior\ParseTemplateBehavior [ RunTime:0.042003s ]
INFO: [ view_parse ] --END-- [ RunTime:0.042003s ]
INFO: [ view_filter ] --START--
INFO: Run Behavior\WriteHtmlCacheBehavior [ RunTime:0.002000s ]
INFO: [ view_filter ] --END-- [ RunTime:0.002000s ]
INFO: [ app_end ] --START--
INFO: Run Behavior\ShowPageTraceBehavior [ RunTime:0.002000s ]
INFO: [ app_end ] --END-- [ RunTime:0.002000s ]

[ 2015-08-05T15:24:47+08:00 ] 127.0.0.1 /haorizi/amd.php?s=/ArticleCate/ajax_getchilds.html&id=0
INFO: [ app_init ] --START--
INFO: Run Behavior\BuildLiteBehavior [ RunTime:0.001000s ]
INFO: [ app_init ] --END-- [ RunTime:0.002000s ]
NOTIC: [8] Use of undefined constant __APP__ - assumed '__APP__' D:\PHPnow-1.5.8\htdocs\haorizi\Application\Adm\Conf\config.php 第 30 行.
NOTIC: [8] Use of undefined constant __APP__ - assumed '__APP__' D:\PHPnow-1.5.8\htdocs\haorizi\Application\Adm\Conf\config.php 第 31 行.
NOTIC: [8] Use of undefined constant __APP__ - assumed '__APP__' D:\PHPnow-1.5.8\htdocs\haorizi\Application\Adm\Conf\config.php 第 32 行.
INFO: [ app_begin ] --START--
INFO: Run Behavior\ReadHtmlCacheBehavior [ RunTime:0.002000s ]
INFO: Run Behavior\CheckLangBehavior [ RunTime:0.008000s ]
INFO: [ app_begin ] --END-- [ RunTime:0.010000s ]
SQL: SHOW COLUMNS FROM `cms_article_cate` [ RunTime:0.0120s ]
SQL: SELECT `id`,`pid`,`name`,`ename` FROM `cms_article_cate` WHERE `status` = 1 AND `pid` = 0 ORDER BY ordid DESC  [ RunTime:0.0200s ]

[ 2015-08-05T15:24:47+08:00 ] 127.0.0.1 /haorizi/amd.php?s=/ArticleCate/ajax_getchilds.html&id=3203
INFO: [ app_init ] --START--
INFO: Run Behavior\BuildLiteBehavior [ RunTime:0.000000s ]
INFO: [ app_init ] --END-- [ RunTime:0.001000s ]
NOTIC: [8] Use of undefined constant __APP__ - assumed '__APP__' D:\PHPnow-1.5.8\htdocs\haorizi\Application\Adm\Conf\config.php 第 30 行.
NOTIC: [8] Use of undefined constant __APP__ - assumed '__APP__' D:\PHPnow-1.5.8\htdocs\haorizi\Application\Adm\Conf\config.php 第 31 行.
NOTIC: [8] Use of undefined constant __APP__ - assumed '__APP__' D:\PHPnow-1.5.8\htdocs\haorizi\Application\Adm\Conf\config.php 第 32 行.
INFO: [ app_begin ] --START--
INFO: Run Behavior\ReadHtmlCacheBehavior [ RunTime:0.002000s ]
INFO: Run Behavior\CheckLangBehavior [ RunTime:0.004000s ]
INFO: [ app_begin ] --END-- [ RunTime:0.006000s ]
SQL: SHOW COLUMNS FROM `cms_article_cate` [ RunTime:0.0080s ]
SQL: SELECT `id`,`pid`,`name`,`ename` FROM `cms_article_cate` WHERE `status` = 1 AND `pid` = 3203 ORDER BY ordid DESC  [ RunTime:0.0130s ]

[ 2015-08-05T15:24:49+08:00 ] 127.0.0.1 /haorizi/amd.php?s=/article/add/menuid/353.html
INFO: [ app_init ] --START--
INFO: Run Behavior\BuildLiteBehavior [ RunTime:0.000000s ]
INFO: [ app_init ] --END-- [ RunTime:0.002000s ]
NOTIC: [8] Use of undefined constant __APP__ - assumed '__APP__' D:\PHPnow-1.5.8\htdocs\haorizi\Application\Adm\Conf\config.php 第 30 行.
NOTIC: [8] Use of undefined constant __APP__ - assumed '__APP__' D:\PHPnow-1.5.8\htdocs\haorizi\Application\Adm\Conf\config.php 第 31 行.
NOTIC: [8] Use of undefined constant __APP__ - assumed '__APP__' D:\PHPnow-1.5.8\htdocs\haorizi\Application\Adm\Conf\config.php 第 32 行.
INFO: [ app_begin ] --START--
INFO: Run Behavior\ReadHtmlCacheBehavior [ RunTime:0.002000s ]
INFO: Run Behavior\CheckLangBehavior [ RunTime:0.008001s ]
INFO: [ app_begin ] --END-- [ RunTime:0.012001s ]
NOTIC: [8] Use of undefined constant BELONGS_TO - assumed 'BELONGS_TO' D:\PHPnow-1.5.8\htdocs\inc\ThinkPHP3\Common\functions.php 第 591 行.
SQL: SHOW COLUMNS FROM `cms_article` [ RunTime:0.0260s ]
SQL: SHOW COLUMNS FROM `cms_article_cate` [ RunTime:0.0200s ]
NOTIC: [8] Undefined index: admin D:\PHPnow-1.5.8\htdocs\haorizi\Application\Adm\Controller\ArticleController.class.php 第 64 行.
SQL: SELECT `id`,`pid`,`name`,`ename` FROM `cms_article_cate` WHERE `status` = 1 AND `pid` = 0 ORDER BY ordid DESC  [ RunTime:0.0160s ]
INFO: [ view_parse ] --START--
INFO: [ template_filter ] --START--
INFO: Run Behavior\ContentReplaceBehavior [ RunTime:0.001000s ]
INFO: [ template_filter ] --END-- [ RunTime:0.001000s ]
NOTIC: [8] Undefined variable: sub_menu D:\PHPnow-1.5.8\htdocs\haorizi\Application\Runtime\Cache\Adm\998a0d775804b18170ac96f88b7bad7c.php 第 24 行.
NOTIC: [8] Undefined variable: big_menu D:\PHPnow-1.5.8\htdocs\haorizi\Application\Runtime\Cache\Adm\998a0d775804b18170ac96f88b7bad7c.php 第 24 行.
INFO: Run Behavior\ParseTemplateBehavior [ RunTime:0.069003s ]
INFO: [ view_parse ] --END-- [ RunTime:0.070004s ]
INFO: [ view_filter ] --START--
INFO: Run Behavior\WriteHtmlCacheBehavior [ RunTime:0.002000s ]
INFO: [ view_filter ] --END-- [ RunTime:0.002000s ]
INFO: [ app_end ] --START--
INFO: Run Behavior\ShowPageTraceBehavior [ RunTime:0.003000s ]
INFO: [ app_end ] --END-- [ RunTime:0.003000s ]

[ 2015-08-05T15:24:49+08:00 ] 127.0.0.1 /haorizi/amd.php?s=/ArticleCate/ajax_getchilds.html&id=0
INFO: [ app_init ] --START--
INFO: Run Behavior\BuildLiteBehavior [ RunTime:0.000000s ]
INFO: [ app_init ] --END-- [ RunTime:0.002000s ]
NOTIC: [8] Use of undefined constant __APP__ - assumed '__APP__' D:\PHPnow-1.5.8\htdocs\haorizi\Application\Adm\Conf\config.php 第 30 行.
NOTIC: [8] Use of undefined constant __APP__ - assumed '__APP__' D:\PHPnow-1.5.8\htdocs\haorizi\Application\Adm\Conf\config.php 第 31 行.
NOTIC: [8] Use of undefined constant __APP__ - assumed '__APP__' D:\PHPnow-1.5.8\htdocs\haorizi\Application\Adm\Conf\config.php 第 32 行.
INFO: [ app_begin ] --START--
INFO: Run Behavior\ReadHtmlCacheBehavior [ RunTime:0.002000s ]
INFO: Run Behavior\CheckLangBehavior [ RunTime:0.008000s ]
INFO: [ app_begin ] --END-- [ RunTime:0.010000s ]
SQL: SHOW COLUMNS FROM `cms_article_cate` [ RunTime:0.0120s ]
SQL: SELECT `id`,`pid`,`name`,`ename` FROM `cms_article_cate` WHERE `status` = 1 AND `pid` = 0 ORDER BY ordid DESC  [ RunTime:0.0150s ]

[ 2015-08-05T15:24:51+08:00 ] 127.0.0.1 /haorizi/amd.php?s=/article/index/menuid/344.html
INFO: [ app_init ] --START--
INFO: Run Behavior\BuildLiteBehavior [ RunTime:0.000000s ]
INFO: [ app_init ] --END-- [ RunTime:0.001000s ]
NOTIC: [8] Use of undefined constant __APP__ - assumed '__APP__' D:\PHPnow-1.5.8\htdocs\haorizi\Application\Adm\Conf\config.php 第 30 行.
NOTIC: [8] Use of undefined constant __APP__ - assumed '__APP__' D:\PHPnow-1.5.8\htdocs\haorizi\Application\Adm\Conf\config.php 第 31 行.
NOTIC: [8] Use of undefined constant __APP__ - assumed '__APP__' D:\PHPnow-1.5.8\htdocs\haorizi\Application\Adm\Conf\config.php 第 32 行.
INFO: [ app_begin ] --START--
INFO: Run Behavior\ReadHtmlCacheBehavior [ RunTime:0.002000s ]
INFO: Run Behavior\CheckLangBehavior [ RunTime:0.009000s ]
INFO: [ app_begin ] --END-- [ RunTime:0.011000s ]
NOTIC: [8] Use of undefined constant BELONGS_TO - assumed 'BELONGS_TO' D:\PHPnow-1.5.8\htdocs\inc\ThinkPHP3\Common\functions.php 第 591 行.
SQL: SHOW COLUMNS FROM `cms_article` [ RunTime:0.0170s ]
SQL: SHOW COLUMNS FROM `cms_article_cate` [ RunTime:0.0170s ]
SQL: SELECT `id`,`pid`,`name`,`ename` FROM `cms_article_cate` WHERE `status` = 1 ORDER BY ordid DESC  [ RunTime:0.0240s ]
SQL: SELECT `id`,`pid`,`name`,`ename` FROM `cms_article_cate` WHERE `status` = 1 ORDER BY ordid DESC  [ RunTime:0.0190s ]
SQL: SELECT COUNT(id) AS tp_count FROM `cms_article` WHERE `site_id` = 0 LIMIT 1   [ RunTime:0.0010s ]
SQL: SELECT * FROM `cms_article` WHERE `site_id` = 0 ORDER BY id desc LIMIT 0,10   [ RunTime:0.0050s ]
NOTIC: [8] Use of undefined constant __SITEROOT__ - assumed '__SITEROOT__' D:\PHPnow-1.5.8\htdocs\haorizi\Application\Common\Common\function.php 第 131 行.
NOTIC: [8] Use of undefined constant __SITEROOT__ - assumed '__SITEROOT__' D:\PHPnow-1.5.8\htdocs\haorizi\Application\Common\Common\function.php 第 131 行.
INFO: [ view_parse ] --START--
INFO: [ template_filter ] --START--
INFO: Run Behavior\ContentReplaceBehavior [ RunTime:0.000000s ]
INFO: [ template_filter ] --END-- [ RunTime:0.000000s ]
NOTIC: [8] Undefined variable: sub_menu D:\PHPnow-1.5.8\htdocs\haorizi\Application\Runtime\Cache\Adm\3834ca31253388a30dd36654241979af.php 第 24 行.
NOTIC: [8] Undefined variable: big_menu D:\PHPnow-1.5.8\htdocs\haorizi\Application\Runtime\Cache\Adm\3834ca31253388a30dd36654241979af.php 第 24 行.
NOTIC: [8] Undefined variable: menuid D:\PHPnow-1.5.8\htdocs\haorizi\Application\Runtime\Cache\Adm\3834ca31253388a30dd36654241979af.php 第 45 行.
NOTIC: [8] Undefined variable: menuid D:\PHPnow-1.5.8\htdocs\haorizi\Application\Runtime\Cache\Adm\3834ca31253388a30dd36654241979af.php 第 99 行.
NOTIC: [8] Undefined variable: menuid D:\PHPnow-1.5.8\htdocs\haorizi\Application\Runtime\Cache\Adm\3834ca31253388a30dd36654241979af.php 第 99 行.
INFO: Run Behavior\ParseTemplateBehavior [ RunTime:0.075005s ]
INFO: [ view_parse ] --END-- [ RunTime:0.075005s ]
INFO: [ view_filter ] --START--
INFO: Run Behavior\WriteHtmlCacheBehavior [ RunTime:0.002000s ]
INFO: [ view_filter ] --END-- [ RunTime:0.002000s ]
INFO: [ app_end ] --START--
INFO: Run Behavior\ShowPageTraceBehavior [ RunTime:0.003000s ]
INFO: [ app_end ] --END-- [ RunTime:0.003000s ]

[ 2015-08-05T15:24:51+08:00 ] 127.0.0.1 /haorizi/amd.php?s=/ArticleCate/ajax_getchilds.html&id=0
INFO: [ app_init ] --START--
INFO: Run Behavior\BuildLiteBehavior [ RunTime:0.000000s ]
INFO: [ app_init ] --END-- [ RunTime:0.003000s ]
NOTIC: [8] Use of undefined constant __APP__ - assumed '__APP__' D:\PHPnow-1.5.8\htdocs\haorizi\Application\Adm\Conf\config.php 第 30 行.
NOTIC: [8] Use of undefined constant __APP__ - assumed '__APP__' D:\PHPnow-1.5.8\htdocs\haorizi\Application\Adm\Conf\config.php 第 31 行.
NOTIC: [8] Use of undefined constant __APP__ - assumed '__APP__' D:\PHPnow-1.5.8\htdocs\haorizi\Application\Adm\Conf\config.php 第 32 行.
INFO: [ app_begin ] --START--
INFO: Run Behavior\ReadHtmlCacheBehavior [ RunTime:0.002000s ]
INFO: Run Behavior\CheckLangBehavior [ RunTime:0.008001s ]
INFO: [ app_begin ] --END-- [ RunTime:0.011001s ]
SQL: SHOW COLUMNS FROM `cms_article_cate` [ RunTime:0.0150s ]
SQL: SELECT `id`,`pid`,`name`,`ename` FROM `cms_article_cate` WHERE `status` = 1 AND `pid` = 0 ORDER BY ordid DESC  [ RunTime:0.0210s ]

[ 2015-08-05T15:24:53+08:00 ] 127.0.0.1 /haorizi/amd.php?s=/ArticleCate/ajax_getchilds.html&id=3204
INFO: [ app_init ] --START--
INFO: Run Behavior\BuildLiteBehavior [ RunTime:0.001000s ]
INFO: [ app_init ] --END-- [ RunTime:0.002000s ]
NOTIC: [8] Use of undefined constant __APP__ - assumed '__APP__' D:\PHPnow-1.5.8\htdocs\haorizi\Application\Adm\Conf\config.php 第 30 行.
NOTIC: [8] Use of undefined constant __APP__ - assumed '__APP__' D:\PHPnow-1.5.8\htdocs\haorizi\Application\Adm\Conf\config.php 第 31 行.
NOTIC: [8] Use of undefined constant __APP__ - assumed '__APP__' D:\PHPnow-1.5.8\htdocs\haorizi\Application\Adm\Conf\config.php 第 32 行.
INFO: [ app_begin ] --START--
INFO: Run Behavior\ReadHtmlCacheBehavior [ RunTime:0.002000s ]
INFO: Run Behavior\CheckLangBehavior [ RunTime:0.007000s ]
INFO: [ app_begin ] --END-- [ RunTime:0.009000s ]
SQL: SHOW COLUMNS FROM `cms_article_cate` [ RunTime:0.0130s ]
SQL: SELECT `id`,`pid`,`name`,`ename` FROM `cms_article_cate` WHERE `status` = 1 AND `pid` = 3204 ORDER BY ordid DESC  [ RunTime:0.0230s ]

[ 2015-08-05T15:24:56+08:00 ] 127.0.0.1 /haorizi/amd.php?g=admin&c=Article&a=index&menuid=&time_start=&time_end=&cate_id=3204&status=&keyword=&search=%E6%90%9C%E7%B4%A2
INFO: [ app_init ] --START--
INFO: Run Behavior\BuildLiteBehavior [ RunTime:0.000000s ]
INFO: [ app_init ] --END-- [ RunTime:0.001000s ]
NOTIC: [8] Use of undefined constant __APP__ - assumed '__APP__' D:\PHPnow-1.5.8\htdocs\haorizi\Application\Adm\Conf\config.php 第 30 行.
NOTIC: [8] Use of undefined constant __APP__ - assumed '__APP__' D:\PHPnow-1.5.8\htdocs\haorizi\Application\Adm\Conf\config.php 第 31 行.
NOTIC: [8] Use of undefined constant __APP__ - assumed '__APP__' D:\PHPnow-1.5.8\htdocs\haorizi\Application\Adm\Conf\config.php 第 32 行.
INFO: [ app_begin ] --START--
INFO: Run Behavior\ReadHtmlCacheBehavior [ RunTime:0.002000s ]
INFO: Run Behavior\CheckLangBehavior [ RunTime:0.007000s ]
INFO: [ app_begin ] --END-- [ RunTime:0.009000s ]
NOTIC: [8] Use of undefined constant BELONGS_TO - assumed 'BELONGS_TO' D:\PHPnow-1.5.8\htdocs\inc\ThinkPHP3\Common\functions.php 第 591 行.
SQL: SHOW COLUMNS FROM `cms_article` [ RunTime:0.0120s ]
SQL: SHOW COLUMNS FROM `cms_article_cate` [ RunTime:0.0120s ]
SQL: SELECT `id`,`pid`,`name`,`ename` FROM `cms_article_cate` WHERE `status` = 1 ORDER BY ordid DESC  [ RunTime:0.0170s ]
SQL: SELECT `id`,`pid`,`name`,`ename` FROM `cms_article_cate` WHERE `status` = 1 ORDER BY ordid DESC  [ RunTime:0.0320s ]
SQL: SELECT `spid` FROM `cms_article_cate` WHERE `id` = 3204 LIMIT 1   [ RunTime:0.0070s ]
SQL: SELECT `id` FROM `cms_article_cate` WHERE `spid` LIKE '3204|%'  [ RunTime:0.0170s ]
SQL: SELECT `spid` FROM `cms_article_cate` WHERE `id` = 3204 LIMIT 1   [ RunTime:0.0020s ]
SQL: SELECT COUNT(id) AS tp_count FROM `cms_article` WHERE `site_id` = 0 AND `cate_id` IN (3204) LIMIT 1   [ RunTime:0.0010s ]
SQL: SELECT * FROM `cms_article` WHERE `site_id` = 0 AND `cate_id` IN (3204) ORDER BY id desc LIMIT 0,10   [ RunTime:0.0030s ]
NOTIC: [8] Use of undefined constant __SITEROOT__ - assumed '__SITEROOT__' D:\PHPnow-1.5.8\htdocs\haorizi\Application\Common\Common\function.php 第 131 行.
INFO: [ view_parse ] --START--
INFO: [ template_filter ] --START--
INFO: Run Behavior\ContentReplaceBehavior [ RunTime:0.001000s ]
INFO: [ template_filter ] --END-- [ RunTime:0.001000s ]
NOTIC: [8] Undefined variable: sub_menu D:\PHPnow-1.5.8\htdocs\haorizi\Application\Runtime\Cache\Adm\3834ca31253388a30dd36654241979af.php 第 24 行.
NOTIC: [8] Undefined variable: big_menu D:\PHPnow-1.5.8\htdocs\haorizi\Application\Runtime\Cache\Adm\3834ca31253388a30dd36654241979af.php 第 24 行.
NOTIC: [8] Undefined variable: menuid D:\PHPnow-1.5.8\htdocs\haorizi\Application\Runtime\Cache\Adm\3834ca31253388a30dd36654241979af.php 第 45 行.
NOTIC: [8] Undefined variable: menuid D:\PHPnow-1.5.8\htdocs\haorizi\Application\Runtime\Cache\Adm\3834ca31253388a30dd36654241979af.php 第 99 行.
INFO: Run Behavior\ParseTemplateBehavior [ RunTime:0.064004s ]
INFO: [ view_parse ] --END-- [ RunTime:0.064004s ]
INFO: [ view_filter ] --START--
INFO: Run Behavior\WriteHtmlCacheBehavior [ RunTime:0.002000s ]
INFO: [ view_filter ] --END-- [ RunTime:0.002000s ]
INFO: [ app_end ] --START--
INFO: Run Behavior\ShowPageTraceBehavior [ RunTime:0.004000s ]
INFO: [ app_end ] --END-- [ RunTime:0.004000s ]

[ 2015-08-05T15:24:56+08:00 ] 127.0.0.1 /haorizi/amd.php?s=/ArticleCate/ajax_getchilds.html&id=0
INFO: [ app_init ] --START--
INFO: Run Behavior\BuildLiteBehavior [ RunTime:0.001000s ]
INFO: [ app_init ] --END-- [ RunTime:0.002000s ]
NOTIC: [8] Use of undefined constant __APP__ - assumed '__APP__' D:\PHPnow-1.5.8\htdocs\haorizi\Application\Adm\Conf\config.php 第 30 行.
NOTIC: [8] Use of undefined constant __APP__ - assumed '__APP__' D:\PHPnow-1.5.8\htdocs\haorizi\Application\Adm\Conf\config.php 第 31 行.
NOTIC: [8] Use of undefined constant __APP__ - assumed '__APP__' D:\PHPnow-1.5.8\htdocs\haorizi\Application\Adm\Conf\config.php 第 32 行.
INFO: [ app_begin ] --START--
INFO: Run Behavior\ReadHtmlCacheBehavior [ RunTime:0.003000s ]
INFO: Run Behavior\CheckLangBehavior [ RunTime:0.007000s ]
INFO: [ app_begin ] --END-- [ RunTime:0.010000s ]
SQL: SHOW COLUMNS FROM `cms_article_cate` [ RunTime:0.0130s ]
SQL: SELECT `id`,`pid`,`name`,`ename` FROM `cms_article_cate` WHERE `status` = 1 AND `pid` = 0 ORDER BY ordid DESC  [ RunTime:0.0210s ]

[ 2015-08-05T15:24:57+08:00 ] 127.0.0.1 /haorizi/amd.php?s=/ArticleCate/ajax_getchilds.html&id=3204
INFO: [ app_init ] --START--
INFO: Run Behavior\BuildLiteBehavior [ RunTime:0.000000s ]
INFO: [ app_init ] --END-- [ RunTime:0.001000s ]
NOTIC: [8] Use of undefined constant __APP__ - assumed '__APP__' D:\PHPnow-1.5.8\htdocs\haorizi\Application\Adm\Conf\config.php 第 30 行.
NOTIC: [8] Use of undefined constant __APP__ - assumed '__APP__' D:\PHPnow-1.5.8\htdocs\haorizi\Application\Adm\Conf\config.php 第 31 行.
NOTIC: [8] Use of undefined constant __APP__ - assumed '__APP__' D:\PHPnow-1.5.8\htdocs\haorizi\Application\Adm\Conf\config.php 第 32 行.
INFO: [ app_begin ] --START--
INFO: Run Behavior\ReadHtmlCacheBehavior [ RunTime:0.002001s ]
INFO: Run Behavior\CheckLangBehavior [ RunTime:0.006000s ]
INFO: [ app_begin ] --END-- [ RunTime:0.008001s ]
SQL: SHOW COLUMNS FROM `cms_article_cate` [ RunTime:0.0140s ]
SQL: SELECT `id`,`pid`,`name`,`ename` FROM `cms_article_cate` WHERE `status` = 1 AND `pid` = 3204 ORDER BY ordid DESC  [ RunTime:0.0200s ]

[ 2015-08-05T15:25:00+08:00 ] 127.0.0.1 /haorizi/amd.php?g=admin&c=Article&a=index&menuid=&time_start=&time_end=&cate_id=3204&status=1&keyword=&search=%E6%90%9C%E7%B4%A2
INFO: [ app_init ] --START--
INFO: Run Behavior\BuildLiteBehavior [ RunTime:0.000000s ]
INFO: [ app_init ] --END-- [ RunTime:0.002000s ]
NOTIC: [8] Use of undefined constant __APP__ - assumed '__APP__' D:\PHPnow-1.5.8\htdocs\haorizi\Application\Adm\Conf\config.php 第 30 行.
NOTIC: [8] Use of undefined constant __APP__ - assumed '__APP__' D:\PHPnow-1.5.8\htdocs\haorizi\Application\Adm\Conf\config.php 第 31 行.
NOTIC: [8] Use of undefined constant __APP__ - assumed '__APP__' D:\PHPnow-1.5.8\htdocs\haorizi\Application\Adm\Conf\config.php 第 32 行.
INFO: [ app_begin ] --START--
INFO: Run Behavior\ReadHtmlCacheBehavior [ RunTime:0.005000s ]
INFO: Run Behavior\CheckLangBehavior [ RunTime:0.006001s ]
INFO: [ app_begin ] --END-- [ RunTime:0.012001s ]
NOTIC: [8] Use of undefined constant BELONGS_TO - assumed 'BELONGS_TO' D:\PHPnow-1.5.8\htdocs\inc\ThinkPHP3\Common\functions.php 第 591 行.
SQL: SHOW COLUMNS FROM `cms_article` [ RunTime:0.0120s ]
SQL: SHOW COLUMNS FROM `cms_article_cate` [ RunTime:0.0120s ]
SQL: SELECT `id`,`pid`,`name`,`ename` FROM `cms_article_cate` WHERE `status` = 1 ORDER BY ordid DESC  [ RunTime:0.0180s ]
SQL: SELECT `id`,`pid`,`name`,`ename` FROM `cms_article_cate` WHERE `status` = 1 ORDER BY ordid DESC  [ RunTime:0.0180s ]
SQL: SELECT `spid` FROM `cms_article_cate` WHERE `id` = 3204 LIMIT 1   [ RunTime:0.0040s ]
SQL: SELECT `id` FROM `cms_article_cate` WHERE `spid` LIKE '3204|%'  [ RunTime:0.0170s ]
SQL: SELECT `spid` FROM `cms_article_cate` WHERE `id` = 3204 LIMIT 1   [ RunTime:0.0010s ]
SQL: SELECT COUNT(id) AS tp_count FROM `cms_article` WHERE `site_id` = 0 AND `status` = 1 AND `cate_id` IN (3204) LIMIT 1   [ RunTime:0.0020s ]
SQL: SELECT * FROM `cms_article` WHERE `site_id` = 0 AND `status` = 1 AND `cate_id` IN (3204) ORDER BY id desc LIMIT 0,10   [ RunTime:0.0030s ]
INFO: [ view_parse ] --START--
INFO: [ template_filter ] --START--
INFO: Run Behavior\ContentReplaceBehavior [ RunTime:0.000000s ]
INFO: [ template_filter ] --END-- [ RunTime:0.000000s ]
NOTIC: [8] Undefined variable: sub_menu D:\PHPnow-1.5.8\htdocs\haorizi\Application\Runtime\Cache\Adm\3834ca31253388a30dd36654241979af.php 第 24 行.
NOTIC: [8] Undefined variable: big_menu D:\PHPnow-1.5.8\htdocs\haorizi\Application\Runtime\Cache\Adm\3834ca31253388a30dd36654241979af.php 第 24 行.
NOTIC: [8] Undefined variable: menuid D:\PHPnow-1.5.8\htdocs\haorizi\Application\Runtime\Cache\Adm\3834ca31253388a30dd36654241979af.php 第 45 行.
INFO: Run Behavior\ParseTemplateBehavior [ RunTime:0.057004s ]
INFO: [ view_parse ] --END-- [ RunTime:0.057004s ]
INFO: [ view_filter ] --START--
INFO: Run Behavior\WriteHtmlCacheBehavior [ RunTime:0.002000s ]
INFO: [ view_filter ] --END-- [ RunTime:0.003000s ]
INFO: [ app_end ] --START--
INFO: Run Behavior\ShowPageTraceBehavior [ RunTime:0.003000s ]
INFO: [ app_end ] --END-- [ RunTime:0.004000s ]

[ 2015-08-05T15:25:00+08:00 ] 127.0.0.1 /haorizi/amd.php?s=/ArticleCate/ajax_getchilds.html&id=0
INFO: [ app_init ] --START--
INFO: Run Behavior\BuildLiteBehavior [ RunTime:0.000000s ]
INFO: [ app_init ] --END-- [ RunTime:0.002000s ]
NOTIC: [8] Use of undefined constant __APP__ - assumed '__APP__' D:\PHPnow-1.5.8\htdocs\haorizi\Application\Adm\Conf\config.php 第 30 行.
NOTIC: [8] Use of undefined constant __APP__ - assumed '__APP__' D:\PHPnow-1.5.8\htdocs\haorizi\Application\Adm\Conf\config.php 第 31 行.
NOTIC: [8] Use of undefined constant __APP__ - assumed '__APP__' D:\PHPnow-1.5.8\htdocs\haorizi\Application\Adm\Conf\config.php 第 32 行.
INFO: [ app_begin ] --START--
INFO: Run Behavior\ReadHtmlCacheBehavior [ RunTime:0.003000s ]
INFO: Run Behavior\CheckLangBehavior [ RunTime:0.010000s ]
INFO: [ app_begin ] --END-- [ RunTime:0.013000s ]
SQL: SHOW COLUMNS FROM `cms_article_cate` [ RunTime:0.0120s ]
SQL: SELECT `id`,`pid`,`name`,`ename` FROM `cms_article_cate` WHERE `status` = 1 AND `pid` = 0 ORDER BY ordid DESC  [ RunTime:0.0160s ]

[ 2015-08-05T15:25:00+08:00 ] 127.0.0.1 /haorizi/amd.php?s=/ArticleCate/ajax_getchilds.html&id=3204
INFO: [ app_init ] --START--
INFO: Run Behavior\BuildLiteBehavior [ RunTime:0.000000s ]
INFO: [ app_init ] --END-- [ RunTime:0.002000s ]
NOTIC: [8] Use of undefined constant __APP__ - assumed '__APP__' D:\PHPnow-1.5.8\htdocs\haorizi\Application\Adm\Conf\config.php 第 30 行.
NOTIC: [8] Use of undefined constant __APP__ - assumed '__APP__' D:\PHPnow-1.5.8\htdocs\haorizi\Application\Adm\Conf\config.php 第 31 行.
NOTIC: [8] Use of undefined constant __APP__ - assumed '__APP__' D:\PHPnow-1.5.8\htdocs\haorizi\Application\Adm\Conf\config.php 第 32 行.
INFO: [ app_begin ] --START--
INFO: Run Behavior\ReadHtmlCacheBehavior [ RunTime:0.002000s ]
INFO: Run Behavior\CheckLangBehavior [ RunTime:0.007000s ]
INFO: [ app_begin ] --END-- [ RunTime:0.009000s ]
SQL: SHOW COLUMNS FROM `cms_article_cate` [ RunTime:0.0110s ]
SQL: SELECT `id`,`pid`,`name`,`ename` FROM `cms_article_cate` WHERE `status` = 1 AND `pid` = 3204 ORDER BY ordid DESC  [ RunTime:0.0170s ]

[ 2015-08-05T15:25:03+08:00 ] 127.0.0.1 /haorizi/amd.php?g=admin&c=Article&a=index&menuid=&time_start=&time_end=&cate_id=3204&status=0&keyword=&search=%E6%90%9C%E7%B4%A2
INFO: [ app_init ] --START--
INFO: Run Behavior\BuildLiteBehavior [ RunTime:0.000000s ]
INFO: [ app_init ] --END-- [ RunTime:0.002001s ]
NOTIC: [8] Use of undefined constant __APP__ - assumed '__APP__' D:\PHPnow-1.5.8\htdocs\haorizi\Application\Adm\Conf\config.php 第 30 行.
NOTIC: [8] Use of undefined constant __APP__ - assumed '__APP__' D:\PHPnow-1.5.8\htdocs\haorizi\Application\Adm\Conf\config.php 第 31 行.
NOTIC: [8] Use of undefined constant __APP__ - assumed '__APP__' D:\PHPnow-1.5.8\htdocs\haorizi\Application\Adm\Conf\config.php 第 32 行.
INFO: [ app_begin ] --START--
INFO: Run Behavior\ReadHtmlCacheBehavior [ RunTime:0.002000s ]
INFO: Run Behavior\CheckLangBehavior [ RunTime:0.007000s ]
INFO: [ app_begin ] --END-- [ RunTime:0.009000s ]
NOTIC: [8] Use of undefined constant BELONGS_TO - assumed 'BELONGS_TO' D:\PHPnow-1.5.8\htdocs\inc\ThinkPHP3\Common\functions.php 第 591 行.
SQL: SHOW COLUMNS FROM `cms_article` [ RunTime:0.0150s ]
SQL: SHOW COLUMNS FROM `cms_article_cate` [ RunTime:0.0130s ]
SQL: SELECT `id`,`pid`,`name`,`ename` FROM `cms_article_cate` WHERE `status` = 1 ORDER BY ordid DESC  [ RunTime:0.0240s ]
SQL: SELECT `id`,`pid`,`name`,`ename` FROM `cms_article_cate` WHERE `status` = 1 ORDER BY ordid DESC  [ RunTime:0.0150s ]
SQL: SELECT `spid` FROM `cms_article_cate` WHERE `id` = 3204 LIMIT 1   [ RunTime:0.0010s ]
SQL: SELECT `id` FROM `cms_article_cate` WHERE `spid` LIKE '3204|%'  [ RunTime:0.0150s ]
SQL: SELECT `spid` FROM `cms_article_cate` WHERE `id` = 3204 LIMIT 1   [ RunTime:0.0010s ]
SQL: SELECT COUNT(id) AS tp_count FROM `cms_article` WHERE `site_id` = 0 AND `cate_id` IN (3204) LIMIT 1   [ RunTime:0.0020s ]
SQL: SELECT * FROM `cms_article` WHERE `site_id` = 0 AND `cate_id` IN (3204) ORDER BY id desc LIMIT 0,10   [ RunTime:0.0020s ]
NOTIC: [8] Use of undefined constant __SITEROOT__ - assumed '__SITEROOT__' D:\PHPnow-1.5.8\htdocs\haorizi\Application\Common\Common\function.php 第 131 行.
INFO: [ view_parse ] --START--
INFO: [ template_filter ] --START--
INFO: Run Behavior\ContentReplaceBehavior [ RunTime:0.001001s ]
INFO: [ template_filter ] --END-- [ RunTime:0.001001s ]
NOTIC: [8] Undefined variable: sub_menu D:\PHPnow-1.5.8\htdocs\haorizi\Application\Runtime\Cache\Adm\3834ca31253388a30dd36654241979af.php 第 24 行.
NOTIC: [8] Undefined variable: big_menu D:\PHPnow-1.5.8\htdocs\haorizi\Application\Runtime\Cache\Adm\3834ca31253388a30dd36654241979af.php 第 24 行.
NOTIC: [8] Undefined variable: menuid D:\PHPnow-1.5.8\htdocs\haorizi\Application\Runtime\Cache\Adm\3834ca31253388a30dd36654241979af.php 第 45 行.
NOTIC: [8] Undefined variable: menuid D:\PHPnow-1.5.8\htdocs\haorizi\Application\Runtime\Cache\Adm\3834ca31253388a30dd36654241979af.php 第 99 行.
INFO: Run Behavior\ParseTemplateBehavior [ RunTime:0.063004s ]
INFO: [ view_parse ] --END-- [ RunTime:0.064004s ]
INFO: [ view_filter ] --START--
INFO: Run Behavior\WriteHtmlCacheBehavior [ RunTime:0.001000s ]
INFO: [ view_filter ] --END-- [ RunTime:0.002000s ]
INFO: [ app_end ] --START--
INFO: Run Behavior\ShowPageTraceBehavior [ RunTime:0.003000s ]
INFO: [ app_end ] --END-- [ RunTime:0.003000s ]

[ 2015-08-05T15:25:03+08:00 ] 127.0.0.1 /haorizi/amd.php?s=/ArticleCate/ajax_getchilds.html&id=0
INFO: [ app_init ] --START--
INFO: Run Behavior\BuildLiteBehavior [ RunTime:0.000000s ]
INFO: [ app_init ] --END-- [ RunTime:0.002000s ]
NOTIC: [8] Use of undefined constant __APP__ - assumed '__APP__' D:\PHPnow-1.5.8\htdocs\haorizi\Application\Adm\Conf\config.php 第 30 行.
NOTIC: [8] Use of undefined constant __APP__ - assumed '__APP__' D:\PHPnow-1.5.8\htdocs\haorizi\Application\Adm\Conf\config.php 第 31 行.
NOTIC: [8] Use of undefined constant __APP__ - assumed '__APP__' D:\PHPnow-1.5.8\htdocs\haorizi\Application\Adm\Conf\config.php 第 32 行.
INFO: [ app_begin ] --START--
INFO: Run Behavior\ReadHtmlCacheBehavior [ RunTime:0.003000s ]
INFO: Run Behavior\CheckLangBehavior [ RunTime:0.007001s ]
INFO: [ app_begin ] --END-- [ RunTime:0.010001s ]
SQL: SHOW COLUMNS FROM `cms_article_cate` [ RunTime:0.0150s ]
SQL: SELECT `id`,`pid`,`name`,`ename` FROM `cms_article_cate` WHERE `status` = 1 AND `pid` = 0 ORDER BY ordid DESC  [ RunTime:0.0180s ]

[ 2015-08-05T15:25:03+08:00 ] 127.0.0.1 /haorizi/amd.php?s=/ArticleCate/ajax_getchilds.html&id=3204
INFO: [ app_init ] --START--
INFO: Run Behavior\BuildLiteBehavior [ RunTime:0.000000s ]
INFO: [ app_init ] --END-- [ RunTime:0.002000s ]
NOTIC: [8] Use of undefined constant __APP__ - assumed '__APP__' D:\PHPnow-1.5.8\htdocs\haorizi\Application\Adm\Conf\config.php 第 30 行.
NOTIC: [8] Use of undefined constant __APP__ - assumed '__APP__' D:\PHPnow-1.5.8\htdocs\haorizi\Application\Adm\Conf\config.php 第 31 行.
NOTIC: [8] Use of undefined constant __APP__ - assumed '__APP__' D:\PHPnow-1.5.8\htdocs\haorizi\Application\Adm\Conf\config.php 第 32 行.
INFO: [ app_begin ] --START--
INFO: Run Behavior\ReadHtmlCacheBehavior [ RunTime:0.002000s ]
INFO: Run Behavior\CheckLangBehavior [ RunTime:0.007000s ]
INFO: [ app_begin ] --END-- [ RunTime:0.010000s ]
SQL: SHOW COLUMNS FROM `cms_article_cate` [ RunTime:0.0140s ]
SQL: SELECT `id`,`pid`,`name`,`ename` FROM `cms_article_cate` WHERE `status` = 1 AND `pid` = 3204 ORDER BY ordid DESC  [ RunTime:0.0190s ]

[ 2015-08-05T15:25:10+08:00 ] 127.0.0.1 /haorizi/amd.php?g=admin&c=Article&a=index&menuid=&time_start=&time_end=&cate_id=3204&status=0&keyword=fs&search=%E6%90%9C%E7%B4%A2
INFO: [ app_init ] --START--
INFO: Run Behavior\BuildLiteBehavior [ RunTime:0.000000s ]
INFO: [ app_init ] --END-- [ RunTime:0.002000s ]
NOTIC: [8] Use of undefined constant __APP__ - assumed '__APP__' D:\PHPnow-1.5.8\htdocs\haorizi\Application\Adm\Conf\config.php 第 30 行.
NOTIC: [8] Use of undefined constant __APP__ - assumed '__APP__' D:\PHPnow-1.5.8\htdocs\haorizi\Application\Adm\Conf\config.php 第 31 行.
NOTIC: [8] Use of undefined constant __APP__ - assumed '__APP__' D:\PHPnow-1.5.8\htdocs\haorizi\Application\Adm\Conf\config.php 第 32 行.
INFO: [ app_begin ] --START--
INFO: Run Behavior\ReadHtmlCacheBehavior [ RunTime:0.002000s ]
INFO: Run Behavior\CheckLangBehavior [ RunTime:0.007000s ]
INFO: [ app_begin ] --END-- [ RunTime:0.009000s ]
NOTIC: [8] Use of undefined constant BELONGS_TO - assumed 'BELONGS_TO' D:\PHPnow-1.5.8\htdocs\inc\ThinkPHP3\Common\functions.php 第 591 行.
SQL: SHOW COLUMNS FROM `cms_article` [ RunTime:0.0160s ]
SQL: SHOW COLUMNS FROM `cms_article_cate` [ RunTime:0.0130s ]
SQL: SELECT `id`,`pid`,`name`,`ename` FROM `cms_article_cate` WHERE `status` = 1 ORDER BY ordid DESC  [ RunTime:0.0230s ]
SQL: SELECT `id`,`pid`,`name`,`ename` FROM `cms_article_cate` WHERE `status` = 1 ORDER BY ordid DESC  [ RunTime:0.0190s ]
SQL: SELECT `spid` FROM `cms_article_cate` WHERE `id` = 3204 LIMIT 1   [ RunTime:0.0010s ]
SQL: SELECT `id` FROM `cms_article_cate` WHERE `spid` LIKE '3204|%'  [ RunTime:0.0210s ]
SQL: SELECT `spid` FROM `cms_article_cate` WHERE `id` = 3204 LIMIT 1   [ RunTime:0.0020s ]
SQL: SELECT COUNT(id) AS tp_count FROM `cms_article` WHERE `site_id` = 0 AND `title` LIKE '%fs%' AND `cate_id` IN (3204) LIMIT 1   [ RunTime:0.0020s ]
SQL: SELECT * FROM `cms_article` WHERE `site_id` = 0 AND `title` LIKE '%fs%' AND `cate_id` IN (3204) ORDER BY id desc LIMIT 0,10   [ RunTime:0.0040s ]
NOTIC: [8] Use of undefined constant __SITEROOT__ - assumed '__SITEROOT__' D:\PHPnow-1.5.8\htdocs\haorizi\Application\Common\Common\function.php 第 131 行.
INFO: [ view_parse ] --START--
INFO: [ template_filter ] --START--
INFO: Run Behavior\ContentReplaceBehavior [ RunTime:0.001000s ]
INFO: [ template_filter ] --END-- [ RunTime:0.001000s ]
NOTIC: [8] Undefined variable: sub_menu D:\PHPnow-1.5.8\htdocs\haorizi\Application\Runtime\Cache\Adm\3834ca31253388a30dd36654241979af.php 第 24 行.
NOTIC: [8] Undefined variable: big_menu D:\PHPnow-1.5.8\htdocs\haorizi\Application\Runtime\Cache\Adm\3834ca31253388a30dd36654241979af.php 第 24 行.
NOTIC: [8] Undefined variable: menuid D:\PHPnow-1.5.8\htdocs\haorizi\Application\Runtime\Cache\Adm\3834ca31253388a30dd36654241979af.php 第 45 行.
NOTIC: [8] Undefined variable: menuid D:\PHPnow-1.5.8\htdocs\haorizi\Application\Runtime\Cache\Adm\3834ca31253388a30dd36654241979af.php 第 99 行.
INFO: Run Behavior\ParseTemplateBehavior [ RunTime:0.089006s ]
INFO: [ view_parse ] --END-- [ RunTime:0.089006s ]
INFO: [ view_filter ] --START--
INFO: Run Behavior\WriteHtmlCacheBehavior [ RunTime:0.002000s ]
INFO: [ view_filter ] --END-- [ RunTime:0.002000s ]
INFO: [ app_end ] --START--
INFO: Run Behavior\ShowPageTraceBehavior [ RunTime:0.004000s ]
INFO: [ app_end ] --END-- [ RunTime:0.004000s ]

[ 2015-08-05T15:25:10+08:00 ] 127.0.0.1 /haorizi/amd.php?s=/ArticleCate/ajax_getchilds.html&id=0
INFO: [ app_init ] --START--
INFO: Run Behavior\BuildLiteBehavior [ RunTime:0.000000s ]
INFO: [ app_init ] --END-- [ RunTime:0.002000s ]
NOTIC: [8] Use of undefined constant __APP__ - assumed '__APP__' D:\PHPnow-1.5.8\htdocs\haorizi\Application\Adm\Conf\config.php 第 30 行.
NOTIC: [8] Use of undefined constant __APP__ - assumed '__APP__' D:\PHPnow-1.5.8\htdocs\haorizi\Application\Adm\Conf\config.php 第 31 行.
NOTIC: [8] Use of undefined constant __APP__ - assumed '__APP__' D:\PHPnow-1.5.8\htdocs\haorizi\Application\Adm\Conf\config.php 第 32 行.
INFO: [ app_begin ] --START--
INFO: Run Behavior\ReadHtmlCacheBehavior [ RunTime:0.003000s ]
INFO: Run Behavior\CheckLangBehavior [ RunTime:0.006001s ]
INFO: [ app_begin ] --END-- [ RunTime:0.009001s ]
SQL: SHOW COLUMNS FROM `cms_article_cate` [ RunTime:0.0120s ]
SQL: SELECT `id`,`pid`,`name`,`ename` FROM `cms_article_cate` WHERE `status` = 1 AND `pid` = 0 ORDER BY ordid DESC  [ RunTime:0.0150s ]

[ 2015-08-05T15:25:11+08:00 ] 127.0.0.1 /haorizi/amd.php?s=/ArticleCate/ajax_getchilds.html&id=3204
INFO: [ app_init ] --START--
INFO: Run Behavior\BuildLiteBehavior [ RunTime:0.000000s ]
INFO: [ app_init ] --END-- [ RunTime:0.002000s ]
NOTIC: [8] Use of undefined constant __APP__ - assumed '__APP__' D:\PHPnow-1.5.8\htdocs\haorizi\Application\Adm\Conf\config.php 第 30 行.
NOTIC: [8] Use of undefined constant __APP__ - assumed '__APP__' D:\PHPnow-1.5.8\htdocs\haorizi\Application\Adm\Conf\config.php 第 31 行.
NOTIC: [8] Use of undefined constant __APP__ - assumed '__APP__' D:\PHPnow-1.5.8\htdocs\haorizi\Application\Adm\Conf\config.php 第 32 行.
INFO: [ app_begin ] --START--
INFO: Run Behavior\ReadHtmlCacheBehavior [ RunTime:0.002000s ]
INFO: Run Behavior\CheckLangBehavior [ RunTime:0.006001s ]
INFO: [ app_begin ] --END-- [ RunTime:0.008001s ]
SQL: SHOW COLUMNS FROM `cms_article_cate` [ RunTime:0.0120s ]
SQL: SELECT `id`,`pid`,`name`,`ename` FROM `cms_article_cate` WHERE `status` = 1 AND `pid` = 3204 ORDER BY ordid DESC  [ RunTime:0.0170s ]

[ 2015-08-05T15:25:15+08:00 ] 127.0.0.1 /haorizi/amd.php?g=admin&c=Article&a=index&menuid=&time_start=&time_end=&cate_id=3204&status=&keyword=fs&search=%E6%90%9C%E7%B4%A2
INFO: [ app_init ] --START--
INFO: Run Behavior\BuildLiteBehavior [ RunTime:0.000000s ]
INFO: [ app_init ] --END-- [ RunTime:0.001000s ]
NOTIC: [8] Use of undefined constant __APP__ - assumed '__APP__' D:\PHPnow-1.5.8\htdocs\haorizi\Application\Adm\Conf\config.php 第 30 行.
NOTIC: [8] Use of undefined constant __APP__ - assumed '__APP__' D:\PHPnow-1.5.8\htdocs\haorizi\Application\Adm\Conf\config.php 第 31 行.
NOTIC: [8] Use of undefined constant __APP__ - assumed '__APP__' D:\PHPnow-1.5.8\htdocs\haorizi\Application\Adm\Conf\config.php 第 32 行.
INFO: [ app_begin ] --START--
INFO: Run Behavior\ReadHtmlCacheBehavior [ RunTime:0.006000s ]
INFO: Run Behavior\CheckLangBehavior [ RunTime:0.007001s ]
INFO: [ app_begin ] --END-- [ RunTime:0.013001s ]
NOTIC: [8] Use of undefined constant BELONGS_TO - assumed 'BELONGS_TO' D:\PHPnow-1.5.8\htdocs\inc\ThinkPHP3\Common\functions.php 第 591 行.
SQL: SHOW COLUMNS FROM `cms_article` [ RunTime:0.0130s ]
SQL: SHOW COLUMNS FROM `cms_article_cate` [ RunTime:0.0160s ]
SQL: SELECT `id`,`pid`,`name`,`ename` FROM `cms_article_cate` WHERE `status` = 1 ORDER BY ordid DESC  [ RunTime:0.0170s ]
SQL: SELECT `id`,`pid`,`name`,`ename` FROM `cms_article_cate` WHERE `status` = 1 ORDER BY ordid DESC  [ RunTime:0.0150s ]
SQL: SELECT `spid` FROM `cms_article_cate` WHERE `id` = 3204 LIMIT 1   [ RunTime:0.0010s ]
SQL: SELECT `id` FROM `cms_article_cate` WHERE `spid` LIKE '3204|%'  [ RunTime:0.0150s ]
SQL: SELECT `spid` FROM `cms_article_cate` WHERE `id` = 3204 LIMIT 1   [ RunTime:0.0010s ]
SQL: SELECT COUNT(id) AS tp_count FROM `cms_article` WHERE `site_id` = 0 AND `title` LIKE '%fs%' AND `cate_id` IN (3204) LIMIT 1   [ RunTime:0.0150s ]
SQL: SELECT * FROM `cms_article` WHERE `site_id` = 0 AND `title` LIKE '%fs%' AND `cate_id` IN (3204) ORDER BY id desc LIMIT 0,10   [ RunTime:0.0020s ]
NOTIC: [8] Use of undefined constant __SITEROOT__ - assumed '__SITEROOT__' D:\PHPnow-1.5.8\htdocs\haorizi\Application\Common\Common\function.php 第 131 行.
INFO: [ view_parse ] --START--
INFO: [ template_filter ] --START--
INFO: Run Behavior\ContentReplaceBehavior [ RunTime:0.001000s ]
INFO: [ template_filter ] --END-- [ RunTime:0.001000s ]
NOTIC: [8] Undefined variable: sub_menu D:\PHPnow-1.5.8\htdocs\haorizi\Application\Runtime\Cache\Adm\3834ca31253388a30dd36654241979af.php 第 24 行.
NOTIC: [8] Undefined variable: big_menu D:\PHPnow-1.5.8\htdocs\haorizi\Application\Runtime\Cache\Adm\3834ca31253388a30dd36654241979af.php 第 24 行.
NOTIC: [8] Undefined variable: menuid D:\PHPnow-1.5.8\htdocs\haorizi\Application\Runtime\Cache\Adm\3834ca31253388a30dd36654241979af.php 第 45 行.
NOTIC: [8] Undefined variable: menuid D:\PHPnow-1.5.8\htdocs\haorizi\Application\Runtime\Cache\Adm\3834ca31253388a30dd36654241979af.php 第 99 行.
INFO: Run Behavior\ParseTemplateBehavior [ RunTime:0.055003s ]
INFO: [ view_parse ] --END-- [ RunTime:0.056003s ]
INFO: [ view_filter ] --START--
INFO: Run Behavior\WriteHtmlCacheBehavior [ RunTime:0.005001s ]
INFO: [ view_filter ] --END-- [ RunTime:0.006001s ]
INFO: [ app_end ] --START--
INFO: Run Behavior\ShowPageTraceBehavior [ RunTime:0.003000s ]
INFO: [ app_end ] --END-- [ RunTime:0.003000s ]

[ 2015-08-05T15:25:15+08:00 ] 127.0.0.1 /haorizi/amd.php?s=/ArticleCate/ajax_getchilds.html&id=0
INFO: [ app_init ] --START--
INFO: Run Behavior\BuildLiteBehavior [ RunTime:0.000000s ]
INFO: [ app_init ] --END-- [ RunTime:0.001000s ]
NOTIC: [8] Use of undefined constant __APP__ - assumed '__APP__' D:\PHPnow-1.5.8\htdocs\haorizi\Application\Adm\Conf\config.php 第 30 行.
NOTIC: [8] Use of undefined constant __APP__ - assumed '__APP__' D:\PHPnow-1.5.8\htdocs\haorizi\Application\Adm\Conf\config.php 第 31 行.
NOTIC: [8] Use of undefined constant __APP__ - assumed '__APP__' D:\PHPnow-1.5.8\htdocs\haorizi\Application\Adm\Conf\config.php 第 32 行.
INFO: [ app_begin ] --START--
INFO: Run Behavior\ReadHtmlCacheBehavior [ RunTime:0.002000s ]
INFO: Run Behavior\CheckLangBehavior [ RunTime:0.006000s ]
INFO: [ app_begin ] --END-- [ RunTime:0.008000s ]
SQL: SHOW COLUMNS FROM `cms_article_cate` [ RunTime:0.0120s ]
SQL: SELECT `id`,`pid`,`name`,`ename` FROM `cms_article_cate` WHERE `status` = 1 AND `pid` = 0 ORDER BY ordid DESC  [ RunTime:0.0230s ]

[ 2015-08-05T15:25:16+08:00 ] 127.0.0.1 /haorizi/amd.php?s=/ArticleCate/ajax_getchilds.html&id=3204
INFO: [ app_init ] --START--
INFO: Run Behavior\BuildLiteBehavior [ RunTime:0.000000s ]
INFO: [ app_init ] --END-- [ RunTime:0.002000s ]
NOTIC: [8] Use of undefined constant __APP__ - assumed '__APP__' D:\PHPnow-1.5.8\htdocs\haorizi\Application\Adm\Conf\config.php 第 30 行.
NOTIC: [8] Use of undefined constant __APP__ - assumed '__APP__' D:\PHPnow-1.5.8\htdocs\haorizi\Application\Adm\Conf\config.php 第 31 行.
NOTIC: [8] Use of undefined constant __APP__ - assumed '__APP__' D:\PHPnow-1.5.8\htdocs\haorizi\Application\Adm\Conf\config.php 第 32 行.
INFO: [ app_begin ] --START--
INFO: Run Behavior\ReadHtmlCacheBehavior [ RunTime:0.002000s ]
INFO: Run Behavior\CheckLangBehavior [ RunTime:0.007001s ]
INFO: [ app_begin ] --END-- [ RunTime:0.009001s ]
SQL: SHOW COLUMNS FROM `cms_article_cate` [ RunTime:0.0120s ]
SQL: SELECT `id`,`pid`,`name`,`ename` FROM `cms_article_cate` WHERE `status` = 1 AND `pid` = 3204 ORDER BY ordid DESC  [ RunTime:0.0180s ]

[ 2015-08-05T15:39:44+08:00 ] 127.0.0.1 /haorizi/amd.php?s=/article/add/menuid/353.html
INFO: [ app_init ] --START--
INFO: Run Behavior\BuildLiteBehavior [ RunTime:0.001000s ]
INFO: [ app_init ] --END-- [ RunTime:0.002000s ]
NOTIC: [8] Use of undefined constant __APP__ - assumed '__APP__' D:\PHPnow-1.5.8\htdocs\haorizi\Application\Adm\Conf\config.php 第 30 行.
NOTIC: [8] Use of undefined constant __APP__ - assumed '__APP__' D:\PHPnow-1.5.8\htdocs\haorizi\Application\Adm\Conf\config.php 第 31 行.
NOTIC: [8] Use of undefined constant __APP__ - assumed '__APP__' D:\PHPnow-1.5.8\htdocs\haorizi\Application\Adm\Conf\config.php 第 32 行.
INFO: [ app_begin ] --START--
INFO: Run Behavior\ReadHtmlCacheBehavior [ RunTime:0.007000s ]
INFO: Run Behavior\CheckLangBehavior [ RunTime:0.014001s ]
INFO: [ app_begin ] --END-- [ RunTime:0.022001s ]
NOTIC: [8] Use of undefined constant BELONGS_TO - assumed 'BELONGS_TO' D:\PHPnow-1.5.8\htdocs\inc\ThinkPHP3\Common\functions.php 第 591 行.
SQL: SHOW COLUMNS FROM `cms_article` [ RunTime:0.0160s ]
SQL: SHOW COLUMNS FROM `cms_article_cate` [ RunTime:0.0140s ]
NOTIC: [8] Undefined index: admin D:\PHPnow-1.5.8\htdocs\haorizi\Application\Adm\Controller\ArticleController.class.php 第 64 行.
SQL: SELECT `id`,`pid`,`name`,`ename` FROM `cms_article_cate` WHERE `status` = 1 AND `pid` = 0 ORDER BY ordid DESC  [ RunTime:0.0230s ]
INFO: [ view_parse ] --START--
INFO: [ template_filter ] --START--
INFO: Run Behavior\ContentReplaceBehavior [ RunTime:0.001000s ]
INFO: [ template_filter ] --END-- [ RunTime:0.002000s ]
NOTIC: [8] Undefined variable: sub_menu D:\PHPnow-1.5.8\htdocs\haorizi\Application\Runtime\Cache\Adm\998a0d775804b18170ac96f88b7bad7c.php 第 24 行.
NOTIC: [8] Undefined variable: big_menu D:\PHPnow-1.5.8\htdocs\haorizi\Application\Runtime\Cache\Adm\998a0d775804b18170ac96f88b7bad7c.php 第 24 行.
INFO: Run Behavior\ParseTemplateBehavior [ RunTime:0.052003s ]
INFO: [ view_parse ] --END-- [ RunTime:0.052003s ]
INFO: [ view_filter ] --START--
INFO: Run Behavior\WriteHtmlCacheBehavior [ RunTime:0.001000s ]
INFO: [ view_filter ] --END-- [ RunTime:0.002000s ]
INFO: [ app_end ] --START--
INFO: Run Behavior\ShowPageTraceBehavior [ RunTime:0.003000s ]
INFO: [ app_end ] --END-- [ RunTime:0.003000s ]

[ 2015-08-05T15:39:44+08:00 ] 127.0.0.1 /haorizi/amd.php?s=/ArticleCate/ajax_getchilds.html&id=0
INFO: [ app_init ] --START--
INFO: Run Behavior\BuildLiteBehavior [ RunTime:0.000000s ]
INFO: [ app_init ] --END-- [ RunTime:0.002000s ]
NOTIC: [8] Use of undefined constant __APP__ - assumed '__APP__' D:\PHPnow-1.5.8\htdocs\haorizi\Application\Adm\Conf\config.php 第 30 行.
NOTIC: [8] Use of undefined constant __APP__ - assumed '__APP__' D:\PHPnow-1.5.8\htdocs\haorizi\Application\Adm\Conf\config.php 第 31 行.
NOTIC: [8] Use of undefined constant __APP__ - assumed '__APP__' D:\PHPnow-1.5.8\htdocs\haorizi\Application\Adm\Conf\config.php 第 32 行.
INFO: [ app_begin ] --START--
INFO: Run Behavior\ReadHtmlCacheBehavior [ RunTime:0.002000s ]
INFO: Run Behavior\CheckLangBehavior [ RunTime:0.007000s ]
INFO: [ app_begin ] --END-- [ RunTime:0.009000s ]
SQL: SHOW COLUMNS FROM `cms_article_cate` [ RunTime:0.0120s ]
SQL: SELECT `id`,`pid`,`name`,`ename` FROM `cms_article_cate` WHERE `status` = 1 AND `pid` = 0 ORDER BY ordid DESC  [ RunTime:0.0200s ]

[ 2015-08-05T15:43:32+08:00 ] 127.0.0.1 /haorizi/amd.php?s=/article/index/menuid/344.html
INFO: [ app_init ] --START--
INFO: Run Behavior\BuildLiteBehavior [ RunTime:0.000000s ]
INFO: [ app_init ] --END-- [ RunTime:0.002000s ]
NOTIC: [8] Use of undefined constant __APP__ - assumed '__APP__' D:\PHPnow-1.5.8\htdocs\haorizi\Application\Adm\Conf\config.php 第 30 行.
NOTIC: [8] Use of undefined constant __APP__ - assumed '__APP__' D:\PHPnow-1.5.8\htdocs\haorizi\Application\Adm\Conf\config.php 第 31 行.
NOTIC: [8] Use of undefined constant __APP__ - assumed '__APP__' D:\PHPnow-1.5.8\htdocs\haorizi\Application\Adm\Conf\config.php 第 32 行.
INFO: [ app_begin ] --START--
INFO: Run Behavior\ReadHtmlCacheBehavior [ RunTime:0.003000s ]
INFO: Run Behavior\CheckLangBehavior [ RunTime:0.008000s ]
INFO: [ app_begin ] --END-- [ RunTime:0.012001s ]
NOTIC: [8] Use of undefined constant BELONGS_TO - assumed 'BELONGS_TO' D:\PHPnow-1.5.8\htdocs\inc\ThinkPHP3\Common\functions.php 第 591 行.
SQL: SHOW COLUMNS FROM `cms_article` [ RunTime:0.0180s ]
SQL: SHOW COLUMNS FROM `cms_article_cate` [ RunTime:0.0150s ]
SQL: SELECT `id`,`pid`,`name`,`ename` FROM `cms_article_cate` WHERE `status` = 1 ORDER BY ordid DESC  [ RunTime:0.0230s ]
SQL: SELECT `id`,`pid`,`name`,`ename` FROM `cms_article_cate` WHERE `status` = 1 ORDER BY ordid DESC  [ RunTime:0.0200s ]
SQL: SELECT COUNT(id) AS tp_count FROM `cms_article` WHERE `site_id` = 0 LIMIT 1   [ RunTime:0.0010s ]
SQL: SELECT * FROM `cms_article` WHERE `site_id` = 0 ORDER BY id desc LIMIT 0,10   [ RunTime:0.0030s ]
NOTIC: [8] Use of undefined constant __SITEROOT__ - assumed '__SITEROOT__' D:\PHPnow-1.5.8\htdocs\haorizi\Application\Common\Common\function.php 第 131 行.
NOTIC: [8] Use of undefined constant __SITEROOT__ - assumed '__SITEROOT__' D:\PHPnow-1.5.8\htdocs\haorizi\Application\Common\Common\function.php 第 131 行.
INFO: [ view_parse ] --START--
INFO: [ template_filter ] --START--
INFO: Run Behavior\ContentReplaceBehavior [ RunTime:0.001000s ]
INFO: [ template_filter ] --END-- [ RunTime:0.001000s ]
NOTIC: [8] Undefined variable: sub_menu D:\PHPnow-1.5.8\htdocs\haorizi\Application\Runtime\Cache\Adm\3834ca31253388a30dd36654241979af.php 第 24 行.
NOTIC: [8] Undefined variable: big_menu D:\PHPnow-1.5.8\htdocs\haorizi\Application\Runtime\Cache\Adm\3834ca31253388a30dd36654241979af.php 第 24 行.
NOTIC: [8] Undefined variable: menuid D:\PHPnow-1.5.8\htdocs\haorizi\Application\Runtime\Cache\Adm\3834ca31253388a30dd36654241979af.php 第 45 行.
NOTIC: [8] Undefined variable: menuid D:\PHPnow-1.5.8\htdocs\haorizi\Application\Runtime\Cache\Adm\3834ca31253388a30dd36654241979af.php 第 99 行.
NOTIC: [8] Undefined variable: menuid D:\PHPnow-1.5.8\htdocs\haorizi\Application\Runtime\Cache\Adm\3834ca31253388a30dd36654241979af.php 第 99 行.
INFO: Run Behavior\ParseTemplateBehavior [ RunTime:0.073004s ]
INFO: [ view_parse ] --END-- [ RunTime:0.073004s ]
INFO: [ view_filter ] --START--
INFO: Run Behavior\WriteHtmlCacheBehavior [ RunTime:0.003000s ]
INFO: [ view_filter ] --END-- [ RunTime:0.003000s ]
INFO: [ app_end ] --START--
INFO: Run Behavior\ShowPageTraceBehavior [ RunTime:0.003001s ]
INFO: [ app_end ] --END-- [ RunTime:0.003001s ]

[ 2015-08-05T15:43:32+08:00 ] 127.0.0.1 /haorizi/amd.php?s=/article/index/menuid/344.html
INFO: [ app_init ] --START--
INFO: Run Behavior\BuildLiteBehavior [ RunTime:0.000000s ]
INFO: [ app_init ] --END-- [ RunTime:0.002000s ]
NOTIC: [8] Use of undefined constant __APP__ - assumed '__APP__' D:\PHPnow-1.5.8\htdocs\haorizi\Application\Adm\Conf\config.php 第 30 行.
NOTIC: [8] Use of undefined constant __APP__ - assumed '__APP__' D:\PHPnow-1.5.8\htdocs\haorizi\Application\Adm\Conf\config.php 第 31 行.
NOTIC: [8] Use of undefined constant __APP__ - assumed '__APP__' D:\PHPnow-1.5.8\htdocs\haorizi\Application\Adm\Conf\config.php 第 32 行.
INFO: [ app_begin ] --START--
INFO: Run Behavior\ReadHtmlCacheBehavior [ RunTime:0.003000s ]
INFO: Run Behavior\CheckLangBehavior [ RunTime:0.011000s ]
INFO: [ app_begin ] --END-- [ RunTime:0.015000s ]
NOTIC: [8] Use of undefined constant BELONGS_TO - assumed 'BELONGS_TO' D:\PHPnow-1.5.8\htdocs\inc\ThinkPHP3\Common\functions.php 第 591 行.
SQL: SHOW COLUMNS FROM `cms_article` [ RunTime:0.0130s ]
SQL: SHOW COLUMNS FROM `cms_article_cate` [ RunTime:0.0100s ]
SQL: SELECT `id`,`pid`,`name`,`ename` FROM `cms_article_cate` WHERE `status` = 1 ORDER BY ordid DESC  [ RunTime:0.0180s ]
SQL: SELECT `id`,`pid`,`name`,`ename` FROM `cms_article_cate` WHERE `status` = 1 ORDER BY ordid DESC  [ RunTime:0.0140s ]
SQL: SELECT COUNT(id) AS tp_count FROM `cms_article` WHERE `site_id` = 0 LIMIT 1   [ RunTime:0.0010s ]
SQL: SELECT * FROM `cms_article` WHERE `site_id` = 0 ORDER BY id desc LIMIT 0,10   [ RunTime:0.0020s ]
NOTIC: [8] Use of undefined constant __SITEROOT__ - assumed '__SITEROOT__' D:\PHPnow-1.5.8\htdocs\haorizi\Application\Common\Common\function.php 第 131 行.
NOTIC: [8] Use of undefined constant __SITEROOT__ - assumed '__SITEROOT__' D:\PHPnow-1.5.8\htdocs\haorizi\Application\Common\Common\function.php 第 131 行.
INFO: [ view_parse ] --START--
INFO: [ template_filter ] --START--
INFO: Run Behavior\ContentReplaceBehavior [ RunTime:0.000000s ]
INFO: [ template_filter ] --END-- [ RunTime:0.000000s ]
NOTIC: [8] Undefined variable: sub_menu D:\PHPnow-1.5.8\htdocs\haorizi\Application\Runtime\Cache\Adm\3834ca31253388a30dd36654241979af.php 第 24 行.
NOTIC: [8] Undefined variable: big_menu D:\PHPnow-1.5.8\htdocs\haorizi\Application\Runtime\Cache\Adm\3834ca31253388a30dd36654241979af.php 第 24 行.
NOTIC: [8] Undefined variable: menuid D:\PHPnow-1.5.8\htdocs\haorizi\Application\Runtime\Cache\Adm\3834ca31253388a30dd36654241979af.php 第 45 行.
NOTIC: [8] Undefined variable: menuid D:\PHPnow-1.5.8\htdocs\haorizi\Application\Runtime\Cache\Adm\3834ca31253388a30dd36654241979af.php 第 99 行.
NOTIC: [8] Undefined variable: menuid D:\PHPnow-1.5.8\htdocs\haorizi\Application\Runtime\Cache\Adm\3834ca31253388a30dd36654241979af.php 第 99 行.
INFO: Run Behavior\ParseTemplateBehavior [ RunTime:0.052003s ]
INFO: [ view_parse ] --END-- [ RunTime:0.053003s ]
INFO: [ view_filter ] --START--
INFO: Run Behavior\WriteHtmlCacheBehavior [ RunTime:0.001000s ]
INFO: [ view_filter ] --END-- [ RunTime:0.002000s ]
INFO: [ app_end ] --START--
INFO: Run Behavior\ShowPageTraceBehavior [ RunTime:0.003000s ]
INFO: [ app_end ] --END-- [ RunTime:0.003000s ]

[ 2015-08-05T15:43:32+08:00 ] 127.0.0.1 /haorizi/amd.php?s=/ArticleCate/ajax_getchilds.html&id=0
INFO: [ app_init ] --START--
INFO: Run Behavior\BuildLiteBehavior [ RunTime:0.000000s ]
INFO: [ app_init ] --END-- [ RunTime:0.002000s ]
NOTIC: [8] Use of undefined constant __APP__ - assumed '__APP__' D:\PHPnow-1.5.8\htdocs\haorizi\Application\Adm\Conf\config.php 第 30 行.
NOTIC: [8] Use of undefined constant __APP__ - assumed '__APP__' D:\PHPnow-1.5.8\htdocs\haorizi\Application\Adm\Conf\config.php 第 31 行.
NOTIC: [8] Use of undefined constant __APP__ - assumed '__APP__' D:\PHPnow-1.5.8\htdocs\haorizi\Application\Adm\Conf\config.php 第 32 行.
INFO: [ app_begin ] --START--
INFO: Run Behavior\ReadHtmlCacheBehavior [ RunTime:0.002000s ]
INFO: Run Behavior\CheckLangBehavior [ RunTime:0.007001s ]
INFO: [ app_begin ] --END-- [ RunTime:0.009001s ]
SQL: SHOW COLUMNS FROM `cms_article_cate` [ RunTime:0.0100s ]
SQL: SELECT `id`,`pid`,`name`,`ename` FROM `cms_article_cate` WHERE `status` = 1 AND `pid` = 0 ORDER BY ordid DESC  [ RunTime:0.0130s ]

[ 2015-08-05T16:41:37+08:00 ] 127.0.0.1 /haorizi/amd.php
INFO: [ app_init ] --START--
INFO: Run Behavior\BuildLiteBehavior [ RunTime:0.000000s ]
INFO: [ app_init ] --END-- [ RunTime:0.159009s ]
NOTIC: [8] Use of undefined constant __APP__ - assumed '__APP__' D:\PHPnow-1.5.8\htdocs\haorizi\Application\Adm\Conf\config.php 第 30 行.
NOTIC: [8] Use of undefined constant __APP__ - assumed '__APP__' D:\PHPnow-1.5.8\htdocs\haorizi\Application\Adm\Conf\config.php 第 31 行.
NOTIC: [8] Use of undefined constant __APP__ - assumed '__APP__' D:\PHPnow-1.5.8\htdocs\haorizi\Application\Adm\Conf\config.php 第 32 行.
INFO: [ app_begin ] --START--
INFO: Run Behavior\ReadHtmlCacheBehavior [ RunTime:0.025001s ]
INFO: Run Behavior\CheckLangBehavior [ RunTime:0.265015s ]
INFO: [ app_begin ] --END-- [ RunTime:0.291016s ]
SQL: SHOW COLUMNS FROM `cms_menu` [ RunTime:0.3930s ]
SQL: SHOW COLUMNS FROM `cms_menu` [ RunTime:0.0190s ]
SQL: SELECT * FROM `cms_menu` WHERE (  `pid` = 0 ) AND `display` = 1 ORDER BY ordid  [ RunTime:0.2110s ]
NOTIC: [8] Undefined index: admin D:\PHPnow-1.5.8\htdocs\haorizi\Application\Adm\Controller\IndexController.class.php 第 30 行.
NOTIC: [8] Undefined index: admin D:\PHPnow-1.5.8\htdocs\haorizi\Application\Adm\Controller\IndexController.class.php 第 30 行.
INFO: [ view_parse ] --START--
INFO: [ template_filter ] --START--
INFO: Run Behavior\ContentReplaceBehavior [ RunTime:0.001000s ]
INFO: [ template_filter ] --END-- [ RunTime:0.001000s ]
NOTIC: [8] Use of undefined constant GROUP_NAME - assumed 'GROUP_NAME' D:\PHPnow-1.5.8\htdocs\haorizi\Application\Runtime\Cache\Adm\fa693a4c1353b57ba63bafa833da0262.php 第 26 行.
INFO: Run Behavior\ParseTemplateBehavior [ RunTime:0.477027s ]
INFO: [ view_parse ] --END-- [ RunTime:0.478027s ]
INFO: [ view_filter ] --START--
INFO: Run Behavior\WriteHtmlCacheBehavior [ RunTime:0.067004s ]
INFO: [ view_filter ] --END-- [ RunTime:0.067004s ]
INFO: [ app_end ] --START--
INFO: Run Behavior\ShowPageTraceBehavior [ RunTime:0.130007s ]
INFO: [ app_end ] --END-- [ RunTime:0.131007s ]

[ 2015-08-05T16:41:39+08:00 ] 127.0.0.1 /haorizi/amd.php
INFO: [ app_init ] --START--
INFO: Run Behavior\BuildLiteBehavior [ RunTime:0.000000s ]
INFO: [ app_init ] --END-- [ RunTime:0.002000s ]
NOTIC: [8] Use of undefined constant __APP__ - assumed '__APP__' D:\PHPnow-1.5.8\htdocs\haorizi\Application\Adm\Conf\config.php 第 30 行.
NOTIC: [8] Use of undefined constant __APP__ - assumed '__APP__' D:\PHPnow-1.5.8\htdocs\haorizi\Application\Adm\Conf\config.php 第 31 行.
NOTIC: [8] Use of undefined constant __APP__ - assumed '__APP__' D:\PHPnow-1.5.8\htdocs\haorizi\Application\Adm\Conf\config.php 第 32 行.
INFO: [ app_begin ] --START--
INFO: Run Behavior\ReadHtmlCacheBehavior [ RunTime:0.002000s ]
INFO: Run Behavior\CheckLangBehavior [ RunTime:0.010001s ]
INFO: [ app_begin ] --END-- [ RunTime:0.012001s ]
SQL: SHOW COLUMNS FROM `cms_menu` [ RunTime:0.0080s ]
SQL: SHOW COLUMNS FROM `cms_menu` [ RunTime:0.0090s ]
SQL: SELECT * FROM `cms_menu` WHERE (  `pid` = 0 ) AND `display` = 1 ORDER BY ordid  [ RunTime:0.0020s ]
NOTIC: [8] Undefined index: admin D:\PHPnow-1.5.8\htdocs\haorizi\Application\Adm\Controller\IndexController.class.php 第 30 行.
NOTIC: [8] Undefined index: admin D:\PHPnow-1.5.8\htdocs\haorizi\Application\Adm\Controller\IndexController.class.php 第 30 行.
INFO: [ view_parse ] --START--
INFO: [ template_filter ] --START--
INFO: Run Behavior\ContentReplaceBehavior [ RunTime:0.001000s ]
INFO: [ template_filter ] --END-- [ RunTime:0.001000s ]
NOTIC: [8] Use of undefined constant GROUP_NAME - assumed 'GROUP_NAME' D:\PHPnow-1.5.8\htdocs\haorizi\Application\Runtime\Cache\Adm\fa693a4c1353b57ba63bafa833da0262.php 第 26 行.
INFO: Run Behavior\ParseTemplateBehavior [ RunTime:0.031002s ]
INFO: [ view_parse ] --END-- [ RunTime:0.032002s ]
INFO: [ view_filter ] --START--
INFO: Run Behavior\WriteHtmlCacheBehavior [ RunTime:0.001000s ]
INFO: [ view_filter ] --END-- [ RunTime:0.001000s ]
INFO: [ app_end ] --START--
INFO: Run Behavior\ShowPageTraceBehavior [ RunTime:0.002000s ]
INFO: [ app_end ] --END-- [ RunTime:0.002000s ]

[ 2015-08-05T16:41:41+08:00 ] 127.0.0.1 /haorizi/amd.php?s=/Index/panel.html
INFO: [ app_init ] --START--
INFO: Run Behavior\BuildLiteBehavior [ RunTime:0.000000s ]
INFO: [ app_init ] --END-- [ RunTime:0.001000s ]
NOTIC: [8] Use of undefined constant __APP__ - assumed '__APP__' D:\PHPnow-1.5.8\htdocs\haorizi\Application\Adm\Conf\config.php 第 30 行.
NOTIC: [8] Use of undefined constant __APP__ - assumed '__APP__' D:\PHPnow-1.5.8\htdocs\haorizi\Application\Adm\Conf\config.php 第 31 行.
NOTIC: [8] Use of undefined constant __APP__ - assumed '__APP__' D:\PHPnow-1.5.8\htdocs\haorizi\Application\Adm\Conf\config.php 第 32 行.
INFO: [ app_begin ] --START--
INFO: Run Behavior\ReadHtmlCacheBehavior [ RunTime:0.002000s ]
INFO: Run Behavior\CheckLangBehavior [ RunTime:0.004000s ]
INFO: [ app_begin ] --END-- [ RunTime:0.006000s ]
SQL: SHOW COLUMNS FROM `cms_menu` [ RunTime:0.0090s ]
NOTIC: [8] Use of undefined constant ZHI_VERSION - assumed 'ZHI_VERSION' D:\PHPnow-1.5.8\htdocs\haorizi\Application\Adm\Controller\IndexController.class.php 第 57 行.
NOTIC: [8] Use of undefined constant ZHI_RELEASE - assumed 'ZHI_RELEASE' D:\PHPnow-1.5.8\htdocs\haorizi\Application\Adm\Controller\IndexController.class.php 第 57 行.
NOTIC: [2] mysql_get_server_info(): Access denied for user ''@'localhost' (using password: NO) D:\PHPnow-1.5.8\htdocs\haorizi\Application\Adm\Controller\IndexController.class.php 第 62 行.
NOTIC: [2] mysql_get_server_info(): A link to the server could not be established D:\PHPnow-1.5.8\htdocs\haorizi\Application\Adm\Controller\IndexController.class.php 第 62 行.
INFO: [ view_parse ] --START--
INFO: [ template_filter ] --START--
INFO: Run Behavior\ContentReplaceBehavior [ RunTime:0.000000s ]
INFO: [ template_filter ] --END-- [ RunTime:0.000000s ]
NOTIC: [8] Undefined variable: sub_menu D:\PHPnow-1.5.8\htdocs\haorizi\Application\Runtime\Cache\Adm\2474fb63313baa056fc31f11ab208983.php 第 24 行.
NOTIC: [8] Undefined variable: big_menu D:\PHPnow-1.5.8\htdocs\haorizi\Application\Runtime\Cache\Adm\2474fb63313baa056fc31f11ab208983.php 第 24 行.
INFO: Run Behavior\ParseTemplateBehavior [ RunTime:0.293016s ]
INFO: [ view_parse ] --END-- [ RunTime:0.293016s ]
INFO: [ view_filter ] --START--
INFO: Run Behavior\WriteHtmlCacheBehavior [ RunTime:0.001000s ]
INFO: [ view_filter ] --END-- [ RunTime:0.001000s ]
INFO: [ app_end ] --START--
INFO: Run Behavior\ShowPageTraceBehavior [ RunTime:0.003001s ]
INFO: [ app_end ] --END-- [ RunTime:0.003001s ]

[ 2015-08-05T16:41:41+08:00 ] 127.0.0.1 /haorizi/amd.php?s=/Index/left.html
INFO: [ app_init ] --START--
INFO: Run Behavior\BuildLiteBehavior [ RunTime:0.000000s ]
INFO: [ app_init ] --END-- [ RunTime:0.001000s ]
NOTIC: [8] Use of undefined constant __APP__ - assumed '__APP__' D:\PHPnow-1.5.8\htdocs\haorizi\Application\Adm\Conf\config.php 第 30 行.
NOTIC: [8] Use of undefined constant __APP__ - assumed '__APP__' D:\PHPnow-1.5.8\htdocs\haorizi\Application\Adm\Conf\config.php 第 31 行.
NOTIC: [8] Use of undefined constant __APP__ - assumed '__APP__' D:\PHPnow-1.5.8\htdocs\haorizi\Application\Adm\Conf\config.php 第 32 行.
INFO: [ app_begin ] --START--
INFO: Run Behavior\ReadHtmlCacheBehavior [ RunTime:0.002000s ]
INFO: Run Behavior\CheckLangBehavior [ RunTime:0.006000s ]
INFO: [ app_begin ] --END-- [ RunTime:0.008000s ]
SQL: SHOW COLUMNS FROM `cms_menu` [ RunTime:0.0110s ]
SQL: SELECT * FROM `cms_menu` WHERE `often` = 1  [ RunTime:0.0050s ]
INFO: [ view_parse ] --START--
INFO: [ template_filter ] --START--
INFO: Run Behavior\ContentReplaceBehavior [ RunTime:0.000000s ]
INFO: [ template_filter ] --END-- [ RunTime:0.000000s ]
NOTIC: [8] Undefined index: data D:\PHPnow-1.5.8\htdocs\haorizi\Application\Runtime\Cache\Adm\bbd0d3040de43cc41c6fff1a76796251.php 第 3 行.
NOTIC: [8] Undefined index: data D:\PHPnow-1.5.8\htdocs\haorizi\Application\Runtime\Cache\Adm\bbd0d3040de43cc41c6fff1a76796251.php 第 3 行.
INFO: Run Behavior\ParseTemplateBehavior [ RunTime:0.067004s ]
INFO: [ view_parse ] --END-- [ RunTime:0.067004s ]
INFO: [ view_filter ] --START--
INFO: Run Behavior\WriteHtmlCacheBehavior [ RunTime:0.005000s ]
INFO: [ view_filter ] --END-- [ RunTime:0.005000s ]
INFO: [ app_end ] --START--
INFO: Run Behavior\ShowPageTraceBehavior [ RunTime:0.004001s ]
INFO: [ app_end ] --END-- [ RunTime:0.004001s ]

