[ 2015-08-07T09:32:28+08:00 ] 127.0.0.1 /haorizi/amd.php
INFO: [ app_init ] --START--
INFO: Run Behavior\BuildLiteBehavior [ RunTime:0.000000s ]
INFO: [ app_init ] --END-- [ RunTime:0.002000s ]
NOTIC: [8] Use of undefined constant __APP__ - assumed '__APP__' D:\PHPnow-1.5.8\htdocs\haorizi\Application\Adm\Conf\config.php 第 30 行.
NOTIC: [8] Use of undefined constant __APP__ - assumed '__APP__' D:\PHPnow-1.5.8\htdocs\haorizi\Application\Adm\Conf\config.php 第 31 行.
NOTIC: [8] Use of undefined constant __APP__ - assumed '__APP__' D:\PHPnow-1.5.8\htdocs\haorizi\Application\Adm\Conf\config.php 第 32 行.
INFO: [ app_begin ] --START--
INFO: Run Behavior\ReadHtmlCacheBehavior [ RunTime:0.004001s ]
INFO: Run Behavior\CheckLangBehavior [ RunTime:0.013000s ]
INFO: [ app_begin ] --END-- [ RunTime:0.017001s ]
SQL: SHOW COLUMNS FROM `cms_menu` [ RunTime:0.0410s ]
SQL: SHOW COLUMNS FROM `cms_menu` [ RunTime:0.0170s ]
SQL: SELECT * FROM `cms_menu` WHERE (  `pid` = 0 ) AND `display` = 1 ORDER BY ordid  [ RunTime:0.0280s ]
NOTIC: [8] Undefined index: admin D:\PHPnow-1.5.8\htdocs\haorizi\Application\Adm\Controller\IndexController.class.php 第 30 行.
NOTIC: [8] Undefined index: admin D:\PHPnow-1.5.8\htdocs\haorizi\Application\Adm\Controller\IndexController.class.php 第 30 行.
INFO: [ view_parse ] --START--
INFO: [ template_filter ] --START--
INFO: Run Behavior\ContentReplaceBehavior [ RunTime:0.000000s ]
INFO: [ template_filter ] --END-- [ RunTime:0.000000s ]
NOTIC: [8] Use of undefined constant GROUP_NAME - assumed 'GROUP_NAME' D:\PHPnow-1.5.8\htdocs\haorizi\Application\Runtime\Cache\Adm\fa693a4c1353b57ba63bafa833da0262.php 第 26 行.
INFO: Run Behavior\ParseTemplateBehavior [ RunTime:0.066004s ]
INFO: [ view_parse ] --END-- [ RunTime:0.067004s ]
INFO: [ view_filter ] --START--
INFO: Run Behavior\WriteHtmlCacheBehavior [ RunTime:0.001000s ]
INFO: [ view_filter ] --END-- [ RunTime:0.003000s ]
INFO: [ app_end ] --START--
INFO: Run Behavior\ShowPageTraceBehavior [ RunTime:0.002000s ]
INFO: [ app_end ] --END-- [ RunTime:0.003000s ]

[ 2015-08-07T09:32:30+08:00 ] 127.0.0.1 /haorizi/amd.php?s=/Index/panel.html
INFO: [ app_init ] --START--
INFO: Run Behavior\BuildLiteBehavior [ RunTime:0.000000s ]
INFO: [ app_init ] --END-- [ RunTime:0.002000s ]
NOTIC: [8] Use of undefined constant __APP__ - assumed '__APP__' D:\PHPnow-1.5.8\htdocs\haorizi\Application\Adm\Conf\config.php 第 30 行.
NOTIC: [8] Use of undefined constant __APP__ - assumed '__APP__' D:\PHPnow-1.5.8\htdocs\haorizi\Application\Adm\Conf\config.php 第 31 行.
NOTIC: [8] Use of undefined constant __APP__ - assumed '__APP__' D:\PHPnow-1.5.8\htdocs\haorizi\Application\Adm\Conf\config.php 第 32 行.
INFO: [ app_begin ] --START--
INFO: Run Behavior\ReadHtmlCacheBehavior [ RunTime:0.003000s ]
INFO: Run Behavior\CheckLangBehavior [ RunTime:0.004000s ]
INFO: [ app_begin ] --END-- [ RunTime:0.007000s ]
SQL: SHOW COLUMNS FROM `cms_menu` [ RunTime:0.0120s ]
NOTIC: [8] Use of undefined constant ZHI_VERSION - assumed 'ZHI_VERSION' D:\PHPnow-1.5.8\htdocs\haorizi\Application\Adm\Controller\IndexController.class.php 第 57 行.
NOTIC: [8] Use of undefined constant ZHI_RELEASE - assumed 'ZHI_RELEASE' D:\PHPnow-1.5.8\htdocs\haorizi\Application\Adm\Controller\IndexController.class.php 第 57 行.
NOTIC: [2] mysql_get_server_info(): Access denied for user ''@'localhost' (using password: NO) D:\PHPnow-1.5.8\htdocs\haorizi\Application\Adm\Controller\IndexController.class.php 第 62 行.
NOTIC: [2] mysql_get_server_info(): A link to the server could not be established D:\PHPnow-1.5.8\htdocs\haorizi\Application\Adm\Controller\IndexController.class.php 第 62 行.
INFO: [ view_parse ] --START--
INFO: [ template_filter ] --START--
INFO: Run Behavior\ContentReplaceBehavior [ RunTime:0.001000s ]
INFO: [ template_filter ] --END-- [ RunTime:0.002000s ]
NOTIC: [8] Undefined variable: sub_menu D:\PHPnow-1.5.8\htdocs\haorizi\Application\Runtime\Cache\Adm\2474fb63313baa056fc31f11ab208983.php 第 24 行.
NOTIC: [8] Undefined variable: big_menu D:\PHPnow-1.5.8\htdocs\haorizi\Application\Runtime\Cache\Adm\2474fb63313baa056fc31f11ab208983.php 第 24 行.
INFO: Run Behavior\ParseTemplateBehavior [ RunTime:0.110007s ]
INFO: [ view_parse ] --END-- [ RunTime:0.110007s ]
INFO: [ view_filter ] --START--
INFO: Run Behavior\WriteHtmlCacheBehavior [ RunTime:0.002000s ]
INFO: [ view_filter ] --END-- [ RunTime:0.002000s ]
INFO: [ app_end ] --START--
INFO: Run Behavior\ShowPageTraceBehavior [ RunTime:0.004000s ]
INFO: [ app_end ] --END-- [ RunTime:0.004000s ]

[ 2015-08-07T09:32:30+08:00 ] 127.0.0.1 /haorizi/amd.php?s=/Index/left.html
INFO: [ app_init ] --START--
INFO: Run Behavior\BuildLiteBehavior [ RunTime:0.000000s ]
INFO: [ app_init ] --END-- [ RunTime:0.002000s ]
NOTIC: [8] Use of undefined constant __APP__ - assumed '__APP__' D:\PHPnow-1.5.8\htdocs\haorizi\Application\Adm\Conf\config.php 第 30 行.
NOTIC: [8] Use of undefined constant __APP__ - assumed '__APP__' D:\PHPnow-1.5.8\htdocs\haorizi\Application\Adm\Conf\config.php 第 31 行.
NOTIC: [8] Use of undefined constant __APP__ - assumed '__APP__' D:\PHPnow-1.5.8\htdocs\haorizi\Application\Adm\Conf\config.php 第 32 行.
INFO: [ app_begin ] --START--
INFO: Run Behavior\ReadHtmlCacheBehavior [ RunTime:0.003000s ]
INFO: Run Behavior\CheckLangBehavior [ RunTime:0.007000s ]
INFO: [ app_begin ] --END-- [ RunTime:0.010000s ]
SQL: SHOW COLUMNS FROM `cms_menu` [ RunTime:0.0130s ]
SQL: SELECT * FROM `cms_menu` WHERE `often` = 1  [ RunTime:0.0030s ]
INFO: [ view_parse ] --START--
INFO: [ template_filter ] --START--
INFO: Run Behavior\ContentReplaceBehavior [ RunTime:0.000000s ]
INFO: [ template_filter ] --END-- [ RunTime:0.000000s ]
NOTIC: [8] Undefined index: data D:\PHPnow-1.5.8\htdocs\haorizi\Application\Runtime\Cache\Adm\bbd0d3040de43cc41c6fff1a76796251.php 第 3 行.
NOTIC: [8] Undefined index: data D:\PHPnow-1.5.8\htdocs\haorizi\Application\Runtime\Cache\Adm\bbd0d3040de43cc41c6fff1a76796251.php 第 3 行.
INFO: Run Behavior\ParseTemplateBehavior [ RunTime:0.045002s ]
INFO: [ view_parse ] --END-- [ RunTime:0.045002s ]
INFO: [ view_filter ] --START--
INFO: Run Behavior\WriteHtmlCacheBehavior [ RunTime:0.002000s ]
INFO: [ view_filter ] --END-- [ RunTime:0.002000s ]
INFO: [ app_end ] --START--
INFO: Run Behavior\ShowPageTraceBehavior [ RunTime:0.003000s ]
INFO: [ app_end ] --END-- [ RunTime:0.003000s ]

[ 2015-08-07T09:32:32+08:00 ] 127.0.0.1 /haorizi/amd.php?s=/Index/left.html
INFO: [ app_init ] --START--
INFO: Run Behavior\BuildLiteBehavior [ RunTime:0.000000s ]
INFO: [ app_init ] --END-- [ RunTime:0.002000s ]
NOTIC: [8] Use of undefined constant __APP__ - assumed '__APP__' D:\PHPnow-1.5.8\htdocs\haorizi\Application\Adm\Conf\config.php 第 30 行.
NOTIC: [8] Use of undefined constant __APP__ - assumed '__APP__' D:\PHPnow-1.5.8\htdocs\haorizi\Application\Adm\Conf\config.php 第 31 行.
NOTIC: [8] Use of undefined constant __APP__ - assumed '__APP__' D:\PHPnow-1.5.8\htdocs\haorizi\Application\Adm\Conf\config.php 第 32 行.
INFO: [ app_begin ] --START--
INFO: Run Behavior\ReadHtmlCacheBehavior [ RunTime:0.016001s ]
INFO: Run Behavior\CheckLangBehavior [ RunTime:0.007001s ]
INFO: [ app_begin ] --END-- [ RunTime:0.023002s ]
SQL: SHOW COLUMNS FROM `cms_menu` [ RunTime:0.0140s ]
SQL: SHOW COLUMNS FROM `cms_menu` [ RunTime:0.0190s ]
SQL: SELECT * FROM `cms_menu` WHERE (  `pid` = 336 ) AND `display` = 1 ORDER BY ordid  [ RunTime:0.0050s ]
SQL: SELECT * FROM `cms_menu` WHERE (  `pid` = 343 ) AND `display` = 1 ORDER BY ordid  [ RunTime:0.0030s ]
SQL: SELECT * FROM `cms_menu` WHERE (  `pid` = 359 ) AND `display` = 1 ORDER BY ordid  [ RunTime:0.0030s ]
SQL: SELECT * FROM `cms_menu` WHERE (  `pid` = 339 ) AND `display` = 1 ORDER BY ordid  [ RunTime:0.0040s ]
SQL: SELECT * FROM `cms_menu` WHERE (  `pid` = 362 ) AND `display` = 1 ORDER BY ordid  [ RunTime:0.0020s ]
SQL: SELECT * FROM `cms_menu` WHERE (  `pid` = 364 ) AND `display` = 1 ORDER BY ordid  [ RunTime:0.0020s ]
INFO: [ view_parse ] --START--
INFO: [ template_filter ] --START--
INFO: Run Behavior\ContentReplaceBehavior [ RunTime:0.001000s ]
INFO: [ template_filter ] --END-- [ RunTime:0.001000s ]
INFO: Run Behavior\ParseTemplateBehavior [ RunTime:0.056003s ]
INFO: [ view_parse ] --END-- [ RunTime:0.056003s ]
INFO: [ view_filter ] --START--
INFO: Run Behavior\WriteHtmlCacheBehavior [ RunTime:0.002000s ]
INFO: [ view_filter ] --END-- [ RunTime:0.003000s ]
INFO: [ app_end ] --START--
INFO: Run Behavior\ShowPageTraceBehavior [ RunTime:0.003000s ]
INFO: [ app_end ] --END-- [ RunTime:0.003000s ]

[ 2015-08-07T09:32:33+08:00 ] 127.0.0.1 /haorizi/amd.php?s=/article/add/menuid/353.html
INFO: [ app_init ] --START--
INFO: Run Behavior\BuildLiteBehavior [ RunTime:0.000000s ]
INFO: [ app_init ] --END-- [ RunTime:0.001000s ]
NOTIC: [8] Use of undefined constant __APP__ - assumed '__APP__' D:\PHPnow-1.5.8\htdocs\haorizi\Application\Adm\Conf\config.php 第 30 行.
NOTIC: [8] Use of undefined constant __APP__ - assumed '__APP__' D:\PHPnow-1.5.8\htdocs\haorizi\Application\Adm\Conf\config.php 第 31 行.
NOTIC: [8] Use of undefined constant __APP__ - assumed '__APP__' D:\PHPnow-1.5.8\htdocs\haorizi\Application\Adm\Conf\config.php 第 32 行.
INFO: [ app_begin ] --START--
INFO: Run Behavior\ReadHtmlCacheBehavior [ RunTime:0.004000s ]
INFO: Run Behavior\CheckLangBehavior [ RunTime:0.010001s ]
INFO: [ app_begin ] --END-- [ RunTime:0.014001s ]
NOTIC: [8] Use of undefined constant BELONGS_TO - assumed 'BELONGS_TO' D:\PHPnow-1.5.8\htdocs\inc\ThinkPHP3\Common\functions.php 第 592 行.
SQL: SHOW COLUMNS FROM `cms_article` [ RunTime:0.0560s ]
SQL: SHOW COLUMNS FROM `cms_article_cate` [ RunTime:0.0380s ]
NOTIC: [8] Undefined index: admin D:\PHPnow-1.5.8\htdocs\haorizi\Application\Adm\Controller\ArticleController.class.php 第 64 行.
SQL: SELECT `id`,`pid`,`name`,`ename` FROM `cms_article_cate` WHERE `status` = 1 AND `pid` = 0 ORDER BY ordid DESC  [ RunTime:0.0020s ]
INFO: [ view_parse ] --START--
INFO: [ template_filter ] --START--
INFO: Run Behavior\ContentReplaceBehavior [ RunTime:0.001000s ]
INFO: [ template_filter ] --END-- [ RunTime:0.001000s ]
NOTIC: [8] Undefined variable: sub_menu D:\PHPnow-1.5.8\htdocs\haorizi\Application\Runtime\Cache\Adm\998a0d775804b18170ac96f88b7bad7c.php 第 24 行.
NOTIC: [8] Undefined variable: big_menu D:\PHPnow-1.5.8\htdocs\haorizi\Application\Runtime\Cache\Adm\998a0d775804b18170ac96f88b7bad7c.php 第 24 行.
INFO: Run Behavior\ParseTemplateBehavior [ RunTime:0.088005s ]
INFO: [ view_parse ] --END-- [ RunTime:0.088005s ]
INFO: [ view_filter ] --START--
INFO: Run Behavior\WriteHtmlCacheBehavior [ RunTime:0.003000s ]
INFO: [ view_filter ] --END-- [ RunTime:0.003000s ]
INFO: [ app_end ] --START--
INFO: Run Behavior\ShowPageTraceBehavior [ RunTime:0.003000s ]
INFO: [ app_end ] --END-- [ RunTime:0.003000s ]

[ 2015-08-07T09:32:33+08:00 ] 127.0.0.1 /haorizi/amd.php?s=/article/add/menuid/353.html
INFO: [ app_init ] --START--
INFO: Run Behavior\BuildLiteBehavior [ RunTime:0.000000s ]
INFO: [ app_init ] --END-- [ RunTime:0.002000s ]
NOTIC: [8] Use of undefined constant __APP__ - assumed '__APP__' D:\PHPnow-1.5.8\htdocs\haorizi\Application\Adm\Conf\config.php 第 30 行.
NOTIC: [8] Use of undefined constant __APP__ - assumed '__APP__' D:\PHPnow-1.5.8\htdocs\haorizi\Application\Adm\Conf\config.php 第 31 行.
NOTIC: [8] Use of undefined constant __APP__ - assumed '__APP__' D:\PHPnow-1.5.8\htdocs\haorizi\Application\Adm\Conf\config.php 第 32 行.
INFO: [ app_begin ] --START--
INFO: Run Behavior\ReadHtmlCacheBehavior [ RunTime:0.016001s ]
INFO: Run Behavior\CheckLangBehavior [ RunTime:0.021001s ]
INFO: [ app_begin ] --END-- [ RunTime:0.039002s ]
NOTIC: [8] Use of undefined constant BELONGS_TO - assumed 'BELONGS_TO' D:\PHPnow-1.5.8\htdocs\inc\ThinkPHP3\Common\functions.php 第 592 行.
SQL: SHOW COLUMNS FROM `cms_article` [ RunTime:0.0240s ]
SQL: SHOW COLUMNS FROM `cms_article_cate` [ RunTime:0.0140s ]
NOTIC: [8] Undefined index: admin D:\PHPnow-1.5.8\htdocs\haorizi\Application\Adm\Controller\ArticleController.class.php 第 64 行.
SQL: SELECT `id`,`pid`,`name`,`ename` FROM `cms_article_cate` WHERE `status` = 1 AND `pid` = 0 ORDER BY ordid DESC  [ RunTime:0.0040s ]
INFO: [ view_parse ] --START--
INFO: [ template_filter ] --START--
INFO: Run Behavior\ContentReplaceBehavior [ RunTime:0.000000s ]
INFO: [ template_filter ] --END-- [ RunTime:0.001000s ]
NOTIC: [8] Undefined variable: sub_menu D:\PHPnow-1.5.8\htdocs\haorizi\Application\Runtime\Cache\Adm\998a0d775804b18170ac96f88b7bad7c.php 第 24 行.
NOTIC: [8] Undefined variable: big_menu D:\PHPnow-1.5.8\htdocs\haorizi\Application\Runtime\Cache\Adm\998a0d775804b18170ac96f88b7bad7c.php 第 24 行.
INFO: Run Behavior\ParseTemplateBehavior [ RunTime:0.052003s ]
INFO: [ view_parse ] --END-- [ RunTime:0.052003s ]
INFO: [ view_filter ] --START--
INFO: Run Behavior\WriteHtmlCacheBehavior [ RunTime:0.002000s ]
INFO: [ view_filter ] --END-- [ RunTime:0.002000s ]
INFO: [ app_end ] --START--
INFO: Run Behavior\ShowPageTraceBehavior [ RunTime:0.004000s ]
INFO: [ app_end ] --END-- [ RunTime:0.005000s ]

[ 2015-08-07T09:32:34+08:00 ] 127.0.0.1 /haorizi/amd.php?s=/ArticleCate/ajax_getchilds.html&id=0
INFO: [ app_init ] --START--
INFO: Run Behavior\BuildLiteBehavior [ RunTime:0.000000s ]
INFO: [ app_init ] --END-- [ RunTime:0.002000s ]
NOTIC: [8] Use of undefined constant __APP__ - assumed '__APP__' D:\PHPnow-1.5.8\htdocs\haorizi\Application\Adm\Conf\config.php 第 30 行.
NOTIC: [8] Use of undefined constant __APP__ - assumed '__APP__' D:\PHPnow-1.5.8\htdocs\haorizi\Application\Adm\Conf\config.php 第 31 行.
NOTIC: [8] Use of undefined constant __APP__ - assumed '__APP__' D:\PHPnow-1.5.8\htdocs\haorizi\Application\Adm\Conf\config.php 第 32 行.
INFO: [ app_begin ] --START--
INFO: Run Behavior\ReadHtmlCacheBehavior [ RunTime:0.005000s ]
INFO: Run Behavior\CheckLangBehavior [ RunTime:0.011001s ]
INFO: [ app_begin ] --END-- [ RunTime:0.016001s ]
SQL: SHOW COLUMNS FROM `cms_article_cate` [ RunTime:0.0150s ]
SQL: SELECT `id`,`pid`,`name`,`ename` FROM `cms_article_cate` WHERE `status` = 1 AND `pid` = 0 ORDER BY ordid DESC  [ RunTime:0.0030s ]

[ 2015-08-07T09:32:39+08:00 ] 127.0.0.1 /haorizi/amd.php?s=/article/index/menuid/344.html
INFO: [ app_init ] --START--
INFO: Run Behavior\BuildLiteBehavior [ RunTime:0.000000s ]
INFO: [ app_init ] --END-- [ RunTime:0.002000s ]
NOTIC: [8] Use of undefined constant __APP__ - assumed '__APP__' D:\PHPnow-1.5.8\htdocs\haorizi\Application\Adm\Conf\config.php 第 30 行.
NOTIC: [8] Use of undefined constant __APP__ - assumed '__APP__' D:\PHPnow-1.5.8\htdocs\haorizi\Application\Adm\Conf\config.php 第 31 行.
NOTIC: [8] Use of undefined constant __APP__ - assumed '__APP__' D:\PHPnow-1.5.8\htdocs\haorizi\Application\Adm\Conf\config.php 第 32 行.
INFO: [ app_begin ] --START--
INFO: Run Behavior\ReadHtmlCacheBehavior [ RunTime:0.004000s ]
INFO: Run Behavior\CheckLangBehavior [ RunTime:0.009000s ]
INFO: [ app_begin ] --END-- [ RunTime:0.013000s ]
NOTIC: [8] Use of undefined constant BELONGS_TO - assumed 'BELONGS_TO' D:\PHPnow-1.5.8\htdocs\inc\ThinkPHP3\Common\functions.php 第 592 行.
SQL: SHOW COLUMNS FROM `cms_article` [ RunTime:0.0110s ]
SQL: SHOW COLUMNS FROM `cms_article_cate` [ RunTime:0.0120s ]
SQL: SELECT `id`,`pid`,`name`,`ename` FROM `cms_article_cate` WHERE `status` = 1 ORDER BY ordid DESC  [ RunTime:0.0030s ]
SQL: SELECT `id`,`pid`,`name`,`ename` FROM `cms_article_cate` WHERE `status` = 1 ORDER BY ordid DESC  [ RunTime:0.0010s ]
SQL: SELECT COUNT(id) AS tp_count FROM `cms_article` WHERE `site_id` = 0 LIMIT 1   [ RunTime:0.1030s ]
SQL: SELECT * FROM `cms_article` WHERE `site_id` = 0 ORDER BY id desc LIMIT 0,10   [ RunTime:0.0050s ]
NOTIC: [8] Use of undefined constant __SITEROOT__ - assumed '__SITEROOT__' D:\PHPnow-1.5.8\htdocs\haorizi\Application\Common\Common\function.php 第 131 行.
NOTIC: [8] Use of undefined constant __SITEROOT__ - assumed '__SITEROOT__' D:\PHPnow-1.5.8\htdocs\haorizi\Application\Common\Common\function.php 第 131 行.
NOTIC: [8] Use of undefined constant __SITEROOT__ - assumed '__SITEROOT__' D:\PHPnow-1.5.8\htdocs\haorizi\Application\Common\Common\function.php 第 131 行.
NOTIC: [8] Use of undefined constant __SITEROOT__ - assumed '__SITEROOT__' D:\PHPnow-1.5.8\htdocs\haorizi\Application\Common\Common\function.php 第 131 行.
NOTIC: [8] Use of undefined constant __SITEROOT__ - assumed '__SITEROOT__' D:\PHPnow-1.5.8\htdocs\haorizi\Application\Common\Common\function.php 第 131 行.
NOTIC: [8] Use of undefined constant __SITEROOT__ - assumed '__SITEROOT__' D:\PHPnow-1.5.8\htdocs\haorizi\Application\Common\Common\function.php 第 131 行.
INFO: [ view_parse ] --START--
INFO: [ template_filter ] --START--
INFO: Run Behavior\ContentReplaceBehavior [ RunTime:0.001000s ]
INFO: [ template_filter ] --END-- [ RunTime:0.001000s ]
NOTIC: [8] Undefined variable: sub_menu D:\PHPnow-1.5.8\htdocs\haorizi\Application\Runtime\Cache\Adm\3834ca31253388a30dd36654241979af.php 第 24 行.
NOTIC: [8] Undefined variable: big_menu D:\PHPnow-1.5.8\htdocs\haorizi\Application\Runtime\Cache\Adm\3834ca31253388a30dd36654241979af.php 第 24 行.
NOTIC: [8] Undefined variable: menuid D:\PHPnow-1.5.8\htdocs\haorizi\Application\Runtime\Cache\Adm\3834ca31253388a30dd36654241979af.php 第 45 行.
NOTIC: [8] Undefined variable: menuid D:\PHPnow-1.5.8\htdocs\haorizi\Application\Runtime\Cache\Adm\3834ca31253388a30dd36654241979af.php 第 99 行.
NOTIC: [8] Undefined variable: menuid D:\PHPnow-1.5.8\htdocs\haorizi\Application\Runtime\Cache\Adm\3834ca31253388a30dd36654241979af.php 第 99 行.
NOTIC: [8] Undefined offset: 0 D:\PHPnow-1.5.8\htdocs\haorizi\Application\Runtime\Cache\Adm\3834ca31253388a30dd36654241979af.php 第 94 行.
NOTIC: [8] Undefined variable: menuid D:\PHPnow-1.5.8\htdocs\haorizi\Application\Runtime\Cache\Adm\3834ca31253388a30dd36654241979af.php 第 99 行.
NOTIC: [8] Undefined variable: menuid D:\PHPnow-1.5.8\htdocs\haorizi\Application\Runtime\Cache\Adm\3834ca31253388a30dd36654241979af.php 第 99 行.
NOTIC: [8] Undefined variable: menuid D:\PHPnow-1.5.8\htdocs\haorizi\Application\Runtime\Cache\Adm\3834ca31253388a30dd36654241979af.php 第 99 行.
NOTIC: [8] Undefined variable: menuid D:\PHPnow-1.5.8\htdocs\haorizi\Application\Runtime\Cache\Adm\3834ca31253388a30dd36654241979af.php 第 99 行.
INFO: Run Behavior\ParseTemplateBehavior [ RunTime:0.194011s ]
INFO: [ view_parse ] --END-- [ RunTime:0.195011s ]
INFO: [ view_filter ] --START--
INFO: Run Behavior\WriteHtmlCacheBehavior [ RunTime:0.008000s ]
INFO: [ view_filter ] --END-- [ RunTime:0.008000s ]
INFO: [ app_end ] --START--
INFO: Run Behavior\ShowPageTraceBehavior [ RunTime:0.008001s ]
INFO: [ app_end ] --END-- [ RunTime:0.009001s ]

[ 2015-08-07T09:32:39+08:00 ] 127.0.0.1 /haorizi/amd.php?s=/article/index/menuid/344.html
INFO: [ app_init ] --START--
INFO: Run Behavior\BuildLiteBehavior [ RunTime:0.000000s ]
INFO: [ app_init ] --END-- [ RunTime:0.003000s ]
NOTIC: [8] Use of undefined constant __APP__ - assumed '__APP__' D:\PHPnow-1.5.8\htdocs\haorizi\Application\Adm\Conf\config.php 第 30 行.
NOTIC: [8] Use of undefined constant __APP__ - assumed '__APP__' D:\PHPnow-1.5.8\htdocs\haorizi\Application\Adm\Conf\config.php 第 31 行.
NOTIC: [8] Use of undefined constant __APP__ - assumed '__APP__' D:\PHPnow-1.5.8\htdocs\haorizi\Application\Adm\Conf\config.php 第 32 行.
INFO: [ app_begin ] --START--
INFO: Run Behavior\ReadHtmlCacheBehavior [ RunTime:0.008001s ]
INFO: Run Behavior\CheckLangBehavior [ RunTime:0.045003s ]
INFO: [ app_begin ] --END-- [ RunTime:0.055004s ]
NOTIC: [8] Use of undefined constant BELONGS_TO - assumed 'BELONGS_TO' D:\PHPnow-1.5.8\htdocs\inc\ThinkPHP3\Common\functions.php 第 592 行.
SQL: SHOW COLUMNS FROM `cms_article` [ RunTime:0.0170s ]
SQL: SHOW COLUMNS FROM `cms_article_cate` [ RunTime:0.0170s ]
SQL: SELECT `id`,`pid`,`name`,`ename` FROM `cms_article_cate` WHERE `status` = 1 ORDER BY ordid DESC  [ RunTime:0.0020s ]
SQL: SELECT `id`,`pid`,`name`,`ename` FROM `cms_article_cate` WHERE `status` = 1 ORDER BY ordid DESC  [ RunTime:0.0030s ]
SQL: SELECT COUNT(id) AS tp_count FROM `cms_article` WHERE `site_id` = 0 LIMIT 1   [ RunTime:0.0010s ]
SQL: SELECT * FROM `cms_article` WHERE `site_id` = 0 ORDER BY id desc LIMIT 0,10   [ RunTime:0.0030s ]
NOTIC: [8] Use of undefined constant __SITEROOT__ - assumed '__SITEROOT__' D:\PHPnow-1.5.8\htdocs\haorizi\Application\Common\Common\function.php 第 131 行.
NOTIC: [8] Use of undefined constant __SITEROOT__ - assumed '__SITEROOT__' D:\PHPnow-1.5.8\htdocs\haorizi\Application\Common\Common\function.php 第 131 行.
NOTIC: [8] Use of undefined constant __SITEROOT__ - assumed '__SITEROOT__' D:\PHPnow-1.5.8\htdocs\haorizi\Application\Common\Common\function.php 第 131 行.
NOTIC: [8] Use of undefined constant __SITEROOT__ - assumed '__SITEROOT__' D:\PHPnow-1.5.8\htdocs\haorizi\Application\Common\Common\function.php 第 131 行.
NOTIC: [8] Use of undefined constant __SITEROOT__ - assumed '__SITEROOT__' D:\PHPnow-1.5.8\htdocs\haorizi\Application\Common\Common\function.php 第 131 行.
NOTIC: [8] Use of undefined constant __SITEROOT__ - assumed '__SITEROOT__' D:\PHPnow-1.5.8\htdocs\haorizi\Application\Common\Common\function.php 第 131 行.
INFO: [ view_parse ] --START--
INFO: [ template_filter ] --START--
INFO: Run Behavior\ContentReplaceBehavior [ RunTime:0.001000s ]
INFO: [ template_filter ] --END-- [ RunTime:0.001000s ]
NOTIC: [8] Undefined variable: sub_menu D:\PHPnow-1.5.8\htdocs\haorizi\Application\Runtime\Cache\Adm\3834ca31253388a30dd36654241979af.php 第 24 行.
NOTIC: [8] Undefined variable: big_menu D:\PHPnow-1.5.8\htdocs\haorizi\Application\Runtime\Cache\Adm\3834ca31253388a30dd36654241979af.php 第 24 行.
NOTIC: [8] Undefined variable: menuid D:\PHPnow-1.5.8\htdocs\haorizi\Application\Runtime\Cache\Adm\3834ca31253388a30dd36654241979af.php 第 45 行.
NOTIC: [8] Undefined variable: menuid D:\PHPnow-1.5.8\htdocs\haorizi\Application\Runtime\Cache\Adm\3834ca31253388a30dd36654241979af.php 第 99 行.
NOTIC: [8] Undefined variable: menuid D:\PHPnow-1.5.8\htdocs\haorizi\Application\Runtime\Cache\Adm\3834ca31253388a30dd36654241979af.php 第 99 行.
NOTIC: [8] Undefined offset: 0 D:\PHPnow-1.5.8\htdocs\haorizi\Application\Runtime\Cache\Adm\3834ca31253388a30dd36654241979af.php 第 94 行.
NOTIC: [8] Undefined variable: menuid D:\PHPnow-1.5.8\htdocs\haorizi\Application\Runtime\Cache\Adm\3834ca31253388a30dd36654241979af.php 第 99 行.
NOTIC: [8] Undefined variable: menuid D:\PHPnow-1.5.8\htdocs\haorizi\Application\Runtime\Cache\Adm\3834ca31253388a30dd36654241979af.php 第 99 行.
NOTIC: [8] Undefined variable: menuid D:\PHPnow-1.5.8\htdocs\haorizi\Application\Runtime\Cache\Adm\3834ca31253388a30dd36654241979af.php 第 99 行.
NOTIC: [8] Undefined variable: menuid D:\PHPnow-1.5.8\htdocs\haorizi\Application\Runtime\Cache\Adm\3834ca31253388a30dd36654241979af.php 第 99 行.
INFO: Run Behavior\ParseTemplateBehavior [ RunTime:0.079005s ]
INFO: [ view_parse ] --END-- [ RunTime:0.079005s ]
INFO: [ view_filter ] --START--
INFO: Run Behavior\WriteHtmlCacheBehavior [ RunTime:0.001000s ]
INFO: [ view_filter ] --END-- [ RunTime:0.002000s ]
INFO: [ app_end ] --START--
INFO: Run Behavior\ShowPageTraceBehavior [ RunTime:0.005000s ]
INFO: [ app_end ] --END-- [ RunTime:0.005000s ]

[ 2015-08-07T09:32:40+08:00 ] 127.0.0.1 /haorizi/amd.php?s=/ArticleCate/ajax_getchilds.html&id=0
INFO: [ app_init ] --START--
INFO: Run Behavior\BuildLiteBehavior [ RunTime:0.000000s ]
INFO: [ app_init ] --END-- [ RunTime:0.002000s ]
NOTIC: [8] Use of undefined constant __APP__ - assumed '__APP__' D:\PHPnow-1.5.8\htdocs\haorizi\Application\Adm\Conf\config.php 第 30 行.
NOTIC: [8] Use of undefined constant __APP__ - assumed '__APP__' D:\PHPnow-1.5.8\htdocs\haorizi\Application\Adm\Conf\config.php 第 31 行.
NOTIC: [8] Use of undefined constant __APP__ - assumed '__APP__' D:\PHPnow-1.5.8\htdocs\haorizi\Application\Adm\Conf\config.php 第 32 行.
INFO: [ app_begin ] --START--
INFO: Run Behavior\ReadHtmlCacheBehavior [ RunTime:0.003000s ]
INFO: Run Behavior\CheckLangBehavior [ RunTime:0.009000s ]
INFO: [ app_begin ] --END-- [ RunTime:0.012000s ]
SQL: SHOW COLUMNS FROM `cms_article_cate` [ RunTime:0.0140s ]
SQL: SELECT `id`,`pid`,`name`,`ename` FROM `cms_article_cate` WHERE `status` = 1 AND `pid` = 0 ORDER BY ordid DESC  [ RunTime:0.0020s ]

[ 2015-08-07T09:32:46+08:00 ] 127.0.0.1 /haorizi/amd.php?s=/Article/ajax_edit.html&id=3195&field=title&val=+%E6%96%87%E7%AB%A0%E6%A0%87%E9%A2%98%E6%96%87%E7%AB%A0%E6%A0%87%E9%A2%98%E6%96%87%E7%AB%A0%E6%A0%87%E9%A2%98++++++++++++++++++++
INFO: [ app_init ] --START--
INFO: Run Behavior\BuildLiteBehavior [ RunTime:0.000000s ]
INFO: [ app_init ] --END-- [ RunTime:0.002000s ]
NOTIC: [8] Use of undefined constant __APP__ - assumed '__APP__' D:\PHPnow-1.5.8\htdocs\haorizi\Application\Adm\Conf\config.php 第 30 行.
NOTIC: [8] Use of undefined constant __APP__ - assumed '__APP__' D:\PHPnow-1.5.8\htdocs\haorizi\Application\Adm\Conf\config.php 第 31 行.
NOTIC: [8] Use of undefined constant __APP__ - assumed '__APP__' D:\PHPnow-1.5.8\htdocs\haorizi\Application\Adm\Conf\config.php 第 32 行.
INFO: [ app_begin ] --START--
INFO: Run Behavior\ReadHtmlCacheBehavior [ RunTime:0.003000s ]
INFO: Run Behavior\CheckLangBehavior [ RunTime:0.009000s ]
INFO: [ app_begin ] --END-- [ RunTime:0.012000s ]
NOTIC: [8] Use of undefined constant BELONGS_TO - assumed 'BELONGS_TO' D:\PHPnow-1.5.8\htdocs\inc\ThinkPHP3\Common\functions.php 第 592 行.
SQL: SHOW COLUMNS FROM `cms_article` [ RunTime:0.0110s ]
SQL: SHOW COLUMNS FROM `cms_article_cate` [ RunTime:0.0120s ]
SQL: UPDATE `cms_article` SET `title`='文章标题文章标题文章标题' WHERE `id` = 3195 [ RunTime:0.0020s ]

[ 2015-08-07T09:32:50+08:00 ] 127.0.0.1 /haorizi/amd.php?s=/Article/ajax_edit.html&id=3195&field=status&val=1
INFO: [ app_init ] --START--
INFO: Run Behavior\BuildLiteBehavior [ RunTime:0.000000s ]
INFO: [ app_init ] --END-- [ RunTime:0.001000s ]
NOTIC: [8] Use of undefined constant __APP__ - assumed '__APP__' D:\PHPnow-1.5.8\htdocs\haorizi\Application\Adm\Conf\config.php 第 30 行.
NOTIC: [8] Use of undefined constant __APP__ - assumed '__APP__' D:\PHPnow-1.5.8\htdocs\haorizi\Application\Adm\Conf\config.php 第 31 行.
NOTIC: [8] Use of undefined constant __APP__ - assumed '__APP__' D:\PHPnow-1.5.8\htdocs\haorizi\Application\Adm\Conf\config.php 第 32 行.
INFO: [ app_begin ] --START--
INFO: Run Behavior\ReadHtmlCacheBehavior [ RunTime:0.004000s ]
INFO: Run Behavior\CheckLangBehavior [ RunTime:0.009001s ]
INFO: [ app_begin ] --END-- [ RunTime:0.013001s ]
NOTIC: [8] Use of undefined constant BELONGS_TO - assumed 'BELONGS_TO' D:\PHPnow-1.5.8\htdocs\inc\ThinkPHP3\Common\functions.php 第 592 行.
SQL: SHOW COLUMNS FROM `cms_article` [ RunTime:0.0150s ]
SQL: SHOW COLUMNS FROM `cms_article_cate` [ RunTime:0.0130s ]
SQL: UPDATE `cms_article` SET `status`='1' WHERE `id` = 3195 [ RunTime:0.0030s ]

[ 2015-08-07T09:32:51+08:00 ] 127.0.0.1 /haorizi/amd.php?s=/Article/ajax_edit.html&id=3194&field=status&val=1
INFO: [ app_init ] --START--
INFO: Run Behavior\BuildLiteBehavior [ RunTime:0.000000s ]
INFO: [ app_init ] --END-- [ RunTime:0.002001s ]
NOTIC: [8] Use of undefined constant __APP__ - assumed '__APP__' D:\PHPnow-1.5.8\htdocs\haorizi\Application\Adm\Conf\config.php 第 30 行.
NOTIC: [8] Use of undefined constant __APP__ - assumed '__APP__' D:\PHPnow-1.5.8\htdocs\haorizi\Application\Adm\Conf\config.php 第 31 行.
NOTIC: [8] Use of undefined constant __APP__ - assumed '__APP__' D:\PHPnow-1.5.8\htdocs\haorizi\Application\Adm\Conf\config.php 第 32 行.
INFO: [ app_begin ] --START--
INFO: Run Behavior\ReadHtmlCacheBehavior [ RunTime:0.003000s ]
INFO: Run Behavior\CheckLangBehavior [ RunTime:0.009001s ]
INFO: [ app_begin ] --END-- [ RunTime:0.012001s ]
NOTIC: [8] Use of undefined constant BELONGS_TO - assumed 'BELONGS_TO' D:\PHPnow-1.5.8\htdocs\inc\ThinkPHP3\Common\functions.php 第 592 行.
SQL: SHOW COLUMNS FROM `cms_article` [ RunTime:0.0120s ]
SQL: SHOW COLUMNS FROM `cms_article_cate` [ RunTime:0.0110s ]
SQL: UPDATE `cms_article` SET `status`='1' WHERE `id` = 3194 [ RunTime:0.0020s ]

[ 2015-08-07T09:32:52+08:00 ] 127.0.0.1 /haorizi/amd.php?s=/Article/ajax_edit.html&id=3193&field=status&val=1
INFO: [ app_init ] --START--
INFO: Run Behavior\BuildLiteBehavior [ RunTime:0.000000s ]
INFO: [ app_init ] --END-- [ RunTime:0.001000s ]
NOTIC: [8] Use of undefined constant __APP__ - assumed '__APP__' D:\PHPnow-1.5.8\htdocs\haorizi\Application\Adm\Conf\config.php 第 30 行.
NOTIC: [8] Use of undefined constant __APP__ - assumed '__APP__' D:\PHPnow-1.5.8\htdocs\haorizi\Application\Adm\Conf\config.php 第 31 行.
NOTIC: [8] Use of undefined constant __APP__ - assumed '__APP__' D:\PHPnow-1.5.8\htdocs\haorizi\Application\Adm\Conf\config.php 第 32 行.
INFO: [ app_begin ] --START--
INFO: Run Behavior\ReadHtmlCacheBehavior [ RunTime:0.003000s ]
INFO: Run Behavior\CheckLangBehavior [ RunTime:0.009000s ]
INFO: [ app_begin ] --END-- [ RunTime:0.013000s ]
NOTIC: [8] Use of undefined constant BELONGS_TO - assumed 'BELONGS_TO' D:\PHPnow-1.5.8\htdocs\inc\ThinkPHP3\Common\functions.php 第 592 行.
SQL: SHOW COLUMNS FROM `cms_article` [ RunTime:0.0130s ]
SQL: SHOW COLUMNS FROM `cms_article_cate` [ RunTime:0.0110s ]
SQL: UPDATE `cms_article` SET `status`='1' WHERE `id` = 3193 [ RunTime:0.0050s ]

[ 2015-08-07T09:36:33+08:00 ] 127.0.0.1 /haorizi/amd.php?s=/article/index/menuid/344.html
INFO: [ app_init ] --START--
INFO: Run Behavior\BuildLiteBehavior [ RunTime:0.000000s ]
INFO: [ app_init ] --END-- [ RunTime:0.004000s ]
NOTIC: [8] Use of undefined constant __APP__ - assumed '__APP__' D:\PHPnow-1.5.8\htdocs\haorizi\Application\Adm\Conf\config.php 第 30 行.
NOTIC: [8] Use of undefined constant __APP__ - assumed '__APP__' D:\PHPnow-1.5.8\htdocs\haorizi\Application\Adm\Conf\config.php 第 31 行.
NOTIC: [8] Use of undefined constant __APP__ - assumed '__APP__' D:\PHPnow-1.5.8\htdocs\haorizi\Application\Adm\Conf\config.php 第 32 行.
INFO: [ app_begin ] --START--
INFO: Run Behavior\ReadHtmlCacheBehavior [ RunTime:0.003000s ]
INFO: Run Behavior\CheckLangBehavior [ RunTime:0.008001s ]
INFO: [ app_begin ] --END-- [ RunTime:0.011001s ]
NOTIC: [8] Use of undefined constant BELONGS_TO - assumed 'BELONGS_TO' D:\PHPnow-1.5.8\htdocs\inc\ThinkPHP3\Common\functions.php 第 592 行.
SQL: SHOW COLUMNS FROM `cms_article` [ RunTime:0.0110s ]
SQL: SHOW COLUMNS FROM `cms_article_cate` [ RunTime:0.0100s ]
SQL: SELECT `id`,`pid`,`name`,`ename` FROM `cms_article_cate` WHERE `status` = 1 ORDER BY ordid DESC  [ RunTime:0.0020s ]
SQL: SELECT `id`,`pid`,`name`,`ename` FROM `cms_article_cate` WHERE `status` = 1 ORDER BY ordid DESC  [ RunTime:0.0030s ]
SQL: SELECT COUNT(id) AS tp_count FROM `cms_article` WHERE `site_id` = 0 LIMIT 1   [ RunTime:0.0010s ]
SQL: SELECT * FROM `cms_article` WHERE `site_id` = 0 ORDER BY id desc LIMIT 0,10   [ RunTime:0.0040s ]
NOTIC: [8] Use of undefined constant __SITEROOT__ - assumed '__SITEROOT__' D:\PHPnow-1.5.8\htdocs\haorizi\Application\Common\Common\function.php 第 131 行.
NOTIC: [8] Use of undefined constant __SITEROOT__ - assumed '__SITEROOT__' D:\PHPnow-1.5.8\htdocs\haorizi\Application\Common\Common\function.php 第 131 行.
NOTIC: [8] Use of undefined constant __SITEROOT__ - assumed '__SITEROOT__' D:\PHPnow-1.5.8\htdocs\haorizi\Application\Common\Common\function.php 第 131 行.
NOTIC: [8] Use of undefined constant __SITEROOT__ - assumed '__SITEROOT__' D:\PHPnow-1.5.8\htdocs\haorizi\Application\Common\Common\function.php 第 131 行.
NOTIC: [8] Use of undefined constant __SITEROOT__ - assumed '__SITEROOT__' D:\PHPnow-1.5.8\htdocs\haorizi\Application\Common\Common\function.php 第 131 行.
NOTIC: [8] Use of undefined constant __SITEROOT__ - assumed '__SITEROOT__' D:\PHPnow-1.5.8\htdocs\haorizi\Application\Common\Common\function.php 第 131 行.
INFO: [ view_parse ] --START--
INFO: [ template_filter ] --START--
INFO: Run Behavior\ContentReplaceBehavior [ RunTime:0.000000s ]
INFO: [ template_filter ] --END-- [ RunTime:0.001000s ]
NOTIC: [8] Undefined variable: sub_menu D:\PHPnow-1.5.8\htdocs\haorizi\Application\Runtime\Cache\Adm\3834ca31253388a30dd36654241979af.php 第 24 行.
NOTIC: [8] Undefined variable: big_menu D:\PHPnow-1.5.8\htdocs\haorizi\Application\Runtime\Cache\Adm\3834ca31253388a30dd36654241979af.php 第 24 行.
NOTIC: [8] Undefined variable: menuid D:\PHPnow-1.5.8\htdocs\haorizi\Application\Runtime\Cache\Adm\3834ca31253388a30dd36654241979af.php 第 45 行.
NOTIC: [8] Undefined variable: menuid D:\PHPnow-1.5.8\htdocs\haorizi\Application\Runtime\Cache\Adm\3834ca31253388a30dd36654241979af.php 第 99 行.
NOTIC: [8] Undefined variable: menuid D:\PHPnow-1.5.8\htdocs\haorizi\Application\Runtime\Cache\Adm\3834ca31253388a30dd36654241979af.php 第 99 行.
NOTIC: [8] Undefined offset: 0 D:\PHPnow-1.5.8\htdocs\haorizi\Application\Runtime\Cache\Adm\3834ca31253388a30dd36654241979af.php 第 94 行.
NOTIC: [8] Undefined variable: menuid D:\PHPnow-1.5.8\htdocs\haorizi\Application\Runtime\Cache\Adm\3834ca31253388a30dd36654241979af.php 第 99 行.
NOTIC: [8] Undefined variable: menuid D:\PHPnow-1.5.8\htdocs\haorizi\Application\Runtime\Cache\Adm\3834ca31253388a30dd36654241979af.php 第 99 行.
NOTIC: [8] Undefined variable: menuid D:\PHPnow-1.5.8\htdocs\haorizi\Application\Runtime\Cache\Adm\3834ca31253388a30dd36654241979af.php 第 99 行.
NOTIC: [8] Undefined variable: menuid D:\PHPnow-1.5.8\htdocs\haorizi\Application\Runtime\Cache\Adm\3834ca31253388a30dd36654241979af.php 第 99 行.
INFO: Run Behavior\ParseTemplateBehavior [ RunTime:0.094005s ]
INFO: [ view_parse ] --END-- [ RunTime:0.094005s ]
INFO: [ view_filter ] --START--
INFO: Run Behavior\WriteHtmlCacheBehavior [ RunTime:0.002000s ]
INFO: [ view_filter ] --END-- [ RunTime:0.002000s ]
INFO: [ app_end ] --START--
INFO: Run Behavior\ShowPageTraceBehavior [ RunTime:0.003001s ]
INFO: [ app_end ] --END-- [ RunTime:0.003001s ]

[ 2015-08-07T09:36:34+08:00 ] 127.0.0.1 /haorizi/amd.php?s=/ArticleCate/ajax_getchilds.html&id=0
INFO: [ app_init ] --START--
INFO: Run Behavior\BuildLiteBehavior [ RunTime:0.000000s ]
INFO: [ app_init ] --END-- [ RunTime:0.002000s ]
NOTIC: [8] Use of undefined constant __APP__ - assumed '__APP__' D:\PHPnow-1.5.8\htdocs\haorizi\Application\Adm\Conf\config.php 第 30 行.
NOTIC: [8] Use of undefined constant __APP__ - assumed '__APP__' D:\PHPnow-1.5.8\htdocs\haorizi\Application\Adm\Conf\config.php 第 31 行.
NOTIC: [8] Use of undefined constant __APP__ - assumed '__APP__' D:\PHPnow-1.5.8\htdocs\haorizi\Application\Adm\Conf\config.php 第 32 行.
INFO: [ app_begin ] --START--
INFO: Run Behavior\ReadHtmlCacheBehavior [ RunTime:0.003000s ]
INFO: Run Behavior\CheckLangBehavior [ RunTime:0.012001s ]
INFO: [ app_begin ] --END-- [ RunTime:0.016001s ]
SQL: SHOW COLUMNS FROM `cms_article_cate` [ RunTime:0.0100s ]
SQL: SELECT `id`,`pid`,`name`,`ename` FROM `cms_article_cate` WHERE `status` = 1 AND `pid` = 0 ORDER BY ordid DESC  [ RunTime:0.0020s ]

[ 2015-08-07T09:36:34+08:00 ] 127.0.0.1 /haorizi/amd.php?s=/article_cate/index/menuid/360.html
INFO: [ app_init ] --START--
INFO: Run Behavior\BuildLiteBehavior [ RunTime:0.000000s ]
INFO: [ app_init ] --END-- [ RunTime:0.002000s ]
NOTIC: [8] Use of undefined constant __APP__ - assumed '__APP__' D:\PHPnow-1.5.8\htdocs\haorizi\Application\Adm\Conf\config.php 第 30 行.
NOTIC: [8] Use of undefined constant __APP__ - assumed '__APP__' D:\PHPnow-1.5.8\htdocs\haorizi\Application\Adm\Conf\config.php 第 31 行.
NOTIC: [8] Use of undefined constant __APP__ - assumed '__APP__' D:\PHPnow-1.5.8\htdocs\haorizi\Application\Adm\Conf\config.php 第 32 行.
INFO: [ app_begin ] --START--
INFO: Run Behavior\ReadHtmlCacheBehavior [ RunTime:0.004001s ]
INFO: Run Behavior\CheckLangBehavior [ RunTime:0.007000s ]
INFO: [ app_begin ] --END-- [ RunTime:0.011001s ]
SQL: SHOW COLUMNS FROM `cms_article_cate` [ RunTime:0.0110s ]
SQL: SELECT * FROM `cms_article_cate` WHERE `site_id` = 0 ORDER BY ordid ASC  [ RunTime:0.0030s ]
NOTIC: [8] Use of undefined constant __SITEROOT__ - assumed '__SITEROOT__' D:\PHPnow-1.5.8\htdocs\haorizi\Application\Common\Common\function.php 第 131 行.
NOTIC: [8] Use of undefined constant __SITEROOT__ - assumed '__SITEROOT__' D:\PHPnow-1.5.8\htdocs\haorizi\Application\Common\Common\function.php 第 131 行.
NOTIC: [8] Use of undefined constant __SITEROOT__ - assumed '__SITEROOT__' D:\PHPnow-1.5.8\htdocs\haorizi\Application\Common\Common\function.php 第 131 行.
NOTIC: [8] Use of undefined constant __SITEROOT__ - assumed '__SITEROOT__' D:\PHPnow-1.5.8\htdocs\haorizi\Application\Common\Common\function.php 第 131 行.
NOTIC: [8] Use of undefined constant __SITEROOT__ - assumed '__SITEROOT__' D:\PHPnow-1.5.8\htdocs\haorizi\Application\Common\Common\function.php 第 131 行.
NOTIC: [8] Use of undefined constant __SITEROOT__ - assumed '__SITEROOT__' D:\PHPnow-1.5.8\htdocs\haorizi\Application\Common\Common\function.php 第 131 行.
NOTIC: [8] Use of undefined constant __SITEROOT__ - assumed '__SITEROOT__' D:\PHPnow-1.5.8\htdocs\haorizi\Application\Common\Common\function.php 第 131 行.
NOTIC: [8] Undefined variable: parentid D:\PHPnow-1.5.8\htdocs\haorizi\Application\Lib\Tree.class.php 第 121 行.
NOTIC: [8] Undefined variable: parentid D:\PHPnow-1.5.8\htdocs\haorizi\Application\Lib\Tree.class.php 第 121 行.
NOTIC: [8] Undefined variable: parentid D:\PHPnow-1.5.8\htdocs\haorizi\Application\Lib\Tree.class.php 第 121 行.
NOTIC: [8] Undefined variable: parentid D:\PHPnow-1.5.8\htdocs\haorizi\Application\Lib\Tree.class.php 第 121 行.
NOTIC: [8] Undefined variable: parentid D:\PHPnow-1.5.8\htdocs\haorizi\Application\Lib\Tree.class.php 第 121 行.
NOTIC: [8] Undefined variable: parentid D:\PHPnow-1.5.8\htdocs\haorizi\Application\Lib\Tree.class.php 第 121 行.
NOTIC: [8] Undefined variable: parentid D:\PHPnow-1.5.8\htdocs\haorizi\Application\Lib\Tree.class.php 第 121 行.
INFO: [ view_parse ] --START--
INFO: [ template_filter ] --START--
INFO: Run Behavior\ContentReplaceBehavior [ RunTime:0.001000s ]
INFO: [ template_filter ] --END-- [ RunTime:0.001000s ]
NOTIC: [8] Undefined variable: sub_menu D:\PHPnow-1.5.8\htdocs\haorizi\Application\Runtime\Cache\Adm\881c1014f18836e1dd4d5b55cf29a40a.php 第 24 行.
NOTIC: [8] Undefined index: iframe D:\PHPnow-1.5.8\htdocs\haorizi\Application\Runtime\Cache\Adm\881c1014f18836e1dd4d5b55cf29a40a.php 第 25 行.
INFO: Run Behavior\ParseTemplateBehavior [ RunTime:0.041003s ]
INFO: [ view_parse ] --END-- [ RunTime:0.041003s ]
INFO: [ view_filter ] --START--
INFO: Run Behavior\WriteHtmlCacheBehavior [ RunTime:0.002000s ]
INFO: [ view_filter ] --END-- [ RunTime:0.002000s ]
INFO: [ app_end ] --START--
INFO: Run Behavior\ShowPageTraceBehavior [ RunTime:0.006000s ]
INFO: [ app_end ] --END-- [ RunTime:0.014001s ]

