[ 2015-08-07T09:36:38+08:00 ] 127.0.0.1 /haorizi/__SITEROOT__/data/upload/no_picture.gif
INFO: [ app_init ] --START--
INFO: Run Behavior\BuildLiteBehavior [ RunTime:0.000000s ]
INFO: [ app_init ] --END-- [ RunTime:0.002000s ]
ERR: 无法加载模块:__SITEROOT__

[ 2015-08-07T09:36:39+08:00 ] 127.0.0.1 /haorizi/__SITEROOT__/data/upload/no_picture.gif
INFO: [ app_init ] --START--
INFO: Run Behavior\BuildLiteBehavior [ RunTime:0.000000s ]
INFO: [ app_init ] --END-- [ RunTime:0.002000s ]
ERR: 无法加载模块:__SITEROOT__

[ 2015-08-07T09:36:40+08:00 ] 127.0.0.1 /haorizi/__SITEROOT__/data/upload/no_picture.gif
INFO: [ app_init ] --START--
INFO: Run Behavior\BuildLiteBehavior [ RunTime:0.000000s ]
INFO: [ app_init ] --END-- [ RunTime:0.001000s ]
ERR: 无法加载模块:__SITEROOT__

[ 2015-08-07T09:36:41+08:00 ] 127.0.0.1 /haorizi/__SITEROOT__/data/upload/no_picture.gif
INFO: [ app_init ] --START--
INFO: Run Behavior\BuildLiteBehavior [ RunTime:0.000000s ]
INFO: [ app_init ] --END-- [ RunTime:0.001000s ]
ERR: 无法加载模块:__SITEROOT__

[ 2015-08-07T09:36:42+08:00 ] 127.0.0.1 /haorizi/__SITEROOT__/data/upload/no_picture.gif
INFO: [ app_init ] --START--
INFO: Run Behavior\BuildLiteBehavior [ RunTime:0.000000s ]
INFO: [ app_init ] --END-- [ RunTime:0.001000s ]
ERR: 无法加载模块:__SITEROOT__

[ 2015-08-07T09:36:53+08:00 ] 127.0.0.1 /haorizi/__SITEROOT__/data/upload/no_picture.gif
INFO: [ app_init ] --START--
INFO: Run Behavior\BuildLiteBehavior [ RunTime:0.000000s ]
INFO: [ app_init ] --END-- [ RunTime:0.004000s ]
ERR: 无法加载模块:__SITEROOT__

[ 2015-08-07T09:49:26+08:00 ] 127.0.0.1 /haorizi/__SITEROOT__/data/upload/no_picture.gif
INFO: [ app_init ] --START--
INFO: Run Behavior\BuildLiteBehavior [ RunTime:0.000000s ]
INFO: [ app_init ] --END-- [ RunTime:0.002000s ]
ERR: 无法加载模块:__SITEROOT__

[ 2015-08-07T09:49:56+08:00 ] 127.0.0.1 /haorizi/__SITEROOT__/data/upload/no_picture.gif
INFO: [ app_init ] --START--
INFO: Run Behavior\BuildLiteBehavior [ RunTime:0.000000s ]
INFO: [ app_init ] --END-- [ RunTime:0.002001s ]
ERR: 无法加载模块:__SITEROOT__

