[ 2015-08-04T09:28:50+08:00 ] 127.0.0.1 /haorizi/__APP__/Public/public/statics/admin/images/color.png
INFO: [ app_init ] --START--
INFO: Run Behavior\BuildLiteBehavior [ RunTime:0.000000s ]
INFO: [ app_init ] --END-- [ RunTime:0.001000s ]
ERR: 无法加载模块:__APP__

[ 2015-08-04T09:28:51+08:00 ] 127.0.0.1 /haorizi/__APP__/Public/public/js/jquery/plugins/colorpicker.js%22
INFO: [ app_init ] --START--
INFO: Run Behavior\BuildLiteBehavior [ RunTime:0.000000s ]
INFO: [ app_init ] --END-- [ RunTime:0.001000s ]
ERR: 无法加载模块:__APP__

[ 2015-08-04T09:28:51+08:00 ] 127.0.0.1 /haorizi/__APP__/Public/public/js/kindeditor/kindeditor.js
INFO: [ app_init ] --START--
INFO: Run Behavior\BuildLiteBehavior [ RunTime:0.001000s ]
INFO: [ app_init ] --END-- [ RunTime:0.002000s ]
ERR: 无法加载模块:__APP__

[ 2015-08-04T16:38:31+08:00 ] 127.0.0.1 /haorizi/__APP__/Public/public/statics/admin/images/color.png
INFO: [ app_init ] --START--
INFO: Run Behavior\BuildLiteBehavior [ RunTime:0.000000s ]
INFO: [ app_init ] --END-- [ RunTime:0.001000s ]
ERR: 无法加载模块:__APP__

[ 2015-08-04T16:42:05+08:00 ] 127.0.0.1 /haorizi/__APP__/Public/public/statics/admin/images/color.png
INFO: [ app_init ] --START--
INFO: Run Behavior\BuildLiteBehavior [ RunTime:0.000000s ]
INFO: [ app_init ] --END-- [ RunTime:0.002000s ]
ERR: 无法加载模块:__APP__

[ 2015-08-04T16:42:48+08:00 ] 127.0.0.1 /haorizi/__APP__/Public/public/statics/admin/images/color.png
INFO: [ app_init ] --START--
INFO: Run Behavior\BuildLiteBehavior [ RunTime:0.000000s ]
INFO: [ app_init ] --END-- [ RunTime:0.002000s ]
ERR: 无法加载模块:__APP__

[ 2015-08-04T16:44:11+08:00 ] 127.0.0.1 /haorizi/__APP__/Public/public/statics/admin/images/color.png
INFO: [ app_init ] --START--
INFO: Run Behavior\BuildLiteBehavior [ RunTime:0.000000s ]
INFO: [ app_init ] --END-- [ RunTime:0.001000s ]
ERR: 无法加载模块:__APP__

[ 2015-08-04T17:14:01+08:00 ] 127.0.0.1 /haorizi/__APP__/Public/public/statics/admin/images/color.png
INFO: [ app_init ] --START--
INFO: Run Behavior\BuildLiteBehavior [ RunTime:0.000000s ]
INFO: [ app_init ] --END-- [ RunTime:0.001000s ]
ERR: 无法加载模块:__APP__

[ 2015-08-04T17:16:44+08:00 ] 127.0.0.1 /haorizi/__APP__/Public/public/statics/admin/images/color.png
INFO: [ app_init ] --START--
INFO: Run Behavior\BuildLiteBehavior [ RunTime:0.000000s ]
INFO: [ app_init ] --END-- [ RunTime:0.002000s ]
ERR: 无法加载模块:__APP__

[ 2015-08-04T17:16:58+08:00 ] 127.0.0.1 /haorizi/__APP__/Public/public/statics/admin/images/color.png
INFO: [ app_init ] --START--
INFO: Run Behavior\BuildLiteBehavior [ RunTime:0.000000s ]
INFO: [ app_init ] --END-- [ RunTime:0.009000s ]
ERR: 无法加载模块:__APP__

[ 2015-08-04T17:17:25+08:00 ] 127.0.0.1 /haorizi/__APP__/Public/public/statics/admin/images/color.png
INFO: [ app_init ] --START--
INFO: Run Behavior\BuildLiteBehavior [ RunTime:0.000000s ]
INFO: [ app_init ] --END-- [ RunTime:0.002000s ]
ERR: 无法加载模块:__APP__

[ 2015-08-04T17:17:44+08:00 ] 127.0.0.1 /haorizi/__APP__/Public/public/statics/admin/images/color.png
INFO: [ app_init ] --START--
INFO: Run Behavior\BuildLiteBehavior [ RunTime:0.000000s ]
INFO: [ app_init ] --END-- [ RunTime:0.002000s ]
ERR: 无法加载模块:__APP__

[ 2015-08-04T17:20:41+08:00 ] 127.0.0.1 /haorizi/__APP__/Public/public/statics/admin/images/color.png
INFO: [ app_init ] --START--
INFO: Run Behavior\BuildLiteBehavior [ RunTime:0.000000s ]
INFO: [ app_init ] --END-- [ RunTime:0.002000s ]
ERR: 无法加载模块:__APP__

[ 2015-08-04T17:20:58+08:00 ] 127.0.0.1 /haorizi/__APP__/Public/public/statics/admin/images/color.png
INFO: [ app_init ] --START--
INFO: Run Behavior\BuildLiteBehavior [ RunTime:0.000000s ]
INFO: [ app_init ] --END-- [ RunTime:0.003000s ]
ERR: 无法加载模块:__APP__

