[ 2015-08-05T11:16:07+08:00 ] 127.0.0.1 /haorizi/__APP__/Public/public/css/admin/bgimg/msg_bg.png
INFO: [ app_init ] --START--
INFO: Run Behavior\BuildLiteBehavior [ RunTime:0.000000s ]
INFO: [ app_init ] --END-- [ RunTime:0.002000s ]
ERR: 无法加载模块:__APP__

[ 2015-08-05T11:16:07+08:00 ] 127.0.0.1 /haorizi/__APP__/Public/public/css/admin/bgimg/msg.png
INFO: [ app_init ] --START--
INFO: Run Behavior\BuildLiteBehavior [ RunTime:0.000000s ]
INFO: [ app_init ] --END-- [ RunTime:0.003000s ]
ERR: 无法加载模块:__APP__

[ 2015-08-05T11:21:24+08:00 ] 127.0.0.1 /haorizi/__APP__/Public/public/css/admin/bgimg/msg_bg.png
INFO: [ app_init ] --START--
INFO: Run Behavior\BuildLiteBehavior [ RunTime:0.000000s ]
INFO: [ app_init ] --END-- [ RunTime:0.003000s ]
ERR: 无法加载模块:__APP__

[ 2015-08-05T11:21:24+08:00 ] 127.0.0.1 /haorizi/__APP__/Public/public/css/admin/bgimg/msg.png
INFO: [ app_init ] --START--
INFO: Run Behavior\BuildLiteBehavior [ RunTime:0.000000s ]
INFO: [ app_init ] --END-- [ RunTime:0.002000s ]
ERR: 无法加载模块:__APP__

[ 2015-08-05T11:24:43+08:00 ] 127.0.0.1 /haorizi/__APP__/Public/public/css/admin/bgimg/msg.png
INFO: [ app_init ] --START--
INFO: Run Behavior\BuildLiteBehavior [ RunTime:0.000000s ]
INFO: [ app_init ] --END-- [ RunTime:0.001000s ]
ERR: 无法加载模块:__APP__

[ 2015-08-05T11:24:43+08:00 ] 127.0.0.1 /haorizi/__APP__/Public/public/css/admin/bgimg/msg_bg.png
INFO: [ app_init ] --START--
INFO: Run Behavior\BuildLiteBehavior [ RunTime:0.000000s ]
INFO: [ app_init ] --END-- [ RunTime:0.001000s ]
ERR: 无法加载模块:__APP__

[ 2015-08-05T11:25:27+08:00 ] 127.0.0.1 /haorizi/__APP__/Public/public/css/admin/bgimg/msg.png
INFO: [ app_init ] --START--
INFO: Run Behavior\BuildLiteBehavior [ RunTime:0.000000s ]
INFO: [ app_init ] --END-- [ RunTime:0.002000s ]
ERR: 无法加载模块:__APP__

[ 2015-08-05T11:25:27+08:00 ] 127.0.0.1 /haorizi/__APP__/Public/public/css/admin/bgimg/msg_bg.png
INFO: [ app_init ] --START--
INFO: Run Behavior\BuildLiteBehavior [ RunTime:0.000000s ]
INFO: [ app_init ] --END-- [ RunTime:0.003000s ]
ERR: 无法加载模块:__APP__

[ 2015-08-05T11:28:37+08:00 ] 127.0.0.1 /haorizi/__APP__/Public/public/css/admin/bgimg/msg_bg.png
INFO: [ app_init ] --START--
INFO: Run Behavior\BuildLiteBehavior [ RunTime:0.001000s ]
INFO: [ app_init ] --END-- [ RunTime:0.002000s ]
ERR: 无法加载模块:__APP__

[ 2015-08-05T11:28:37+08:00 ] 127.0.0.1 /haorizi/__APP__/Public/public/css/admin/bgimg/msg.png
INFO: [ app_init ] --START--
INFO: Run Behavior\BuildLiteBehavior [ RunTime:0.000000s ]
INFO: [ app_init ] --END-- [ RunTime:0.003000s ]
ERR: 无法加载模块:__APP__

[ 2015-08-05T14:04:15+08:00 ] 127.0.0.1 /haorizi/__APP__/Public/public/css/admin/bgimg/toggle_disabled.gif
INFO: [ app_init ] --START--
INFO: Run Behavior\BuildLiteBehavior [ RunTime:0.000000s ]
INFO: [ app_init ] --END-- [ RunTime:0.001000s ]
ERR: 无法加载模块:__APP__

[ 2015-08-05T14:55:36+08:00 ] 127.0.0.1 /haorizi/__APP__/Public/public/css/admin/bgimg/toggle_disabled.gif
INFO: [ app_init ] --START--
INFO: Run Behavior\BuildLiteBehavior [ RunTime:0.000000s ]
INFO: [ app_init ] --END-- [ RunTime:0.002000s ]
ERR: 无法加载模块:__APP__

[ 2015-08-05T14:56:00+08:00 ] 127.0.0.1 /haorizi/__APP__/Public/public/css/admin/bgimg/toggle_disabled.gif
INFO: [ app_init ] --START--
INFO: Run Behavior\BuildLiteBehavior [ RunTime:0.000000s ]
INFO: [ app_init ] --END-- [ RunTime:0.001001s ]
ERR: 无法加载模块:__APP__

[ 2015-08-05T14:56:09+08:00 ] 127.0.0.1 /haorizi/__APP__/Public/public/css/admin/bgimg/toggle_disabled.gif
INFO: [ app_init ] --START--
INFO: Run Behavior\BuildLiteBehavior [ RunTime:0.000000s ]
INFO: [ app_init ] --END-- [ RunTime:0.002000s ]
ERR: 无法加载模块:__APP__

[ 2015-08-05T15:01:10+08:00 ] 127.0.0.1 /haorizi/__APP__/Public/public/css/admin/bgimg/toggle_disabled.gif
INFO: [ app_init ] --START--
INFO: Run Behavior\BuildLiteBehavior [ RunTime:0.000000s ]
INFO: [ app_init ] --END-- [ RunTime:0.004000s ]
ERR: 无法加载模块:__APP__

[ 2015-08-05T15:01:38+08:00 ] 127.0.0.1 /haorizi/__APP__/Public/public/css/admin/bgimg/toggle_disabled.gif
INFO: [ app_init ] --START--
INFO: Run Behavior\BuildLiteBehavior [ RunTime:0.000000s ]
INFO: [ app_init ] --END-- [ RunTime:0.002000s ]
ERR: 无法加载模块:__APP__

[ 2015-08-05T15:03:16+08:00 ] 127.0.0.1 /haorizi/__APP__/Public/public/css/admin/bgimg/toggle_disabled.gif
INFO: [ app_init ] --START--
INFO: Run Behavior\BuildLiteBehavior [ RunTime:0.000000s ]
INFO: [ app_init ] --END-- [ RunTime:0.001000s ]
ERR: 无法加载模块:__APP__

[ 2015-08-05T15:03:20+08:00 ] 127.0.0.1 /haorizi/__APP__/Public/public/css/admin/bgimg/toggle_disabled.gif
INFO: [ app_init ] --START--
INFO: Run Behavior\BuildLiteBehavior [ RunTime:0.000000s ]
INFO: [ app_init ] --END-- [ RunTime:0.002000s ]
ERR: 无法加载模块:__APP__

[ 2015-08-05T15:14:14+08:00 ] 127.0.0.1 /haorizi/__APP__/Public/public/css/admin/bgimg/toggle_disabled.gif
INFO: [ app_init ] --START--
INFO: Run Behavior\BuildLiteBehavior [ RunTime:0.000000s ]
INFO: [ app_init ] --END-- [ RunTime:0.002000s ]
ERR: 无法加载模块:__APP__

