[ 2015-07-30T12:49:23+08:00 ] 127.0.0.1 /haorizi/Index/login.html
INFO: [ app_init ] --START--
INFO: Run Behavior\BuildLiteBehavior [ RunTime:0.000000s ]
INFO: [ app_init ] --END-- [ RunTime:0.002000s ]
ERR: 无法加载模块:Index

[ 2015-07-30T12:50:07+08:00 ] 127.0.0.1 /haorizi/Index/login.html
INFO: [ app_init ] --START--
INFO: Run Behavior\BuildLiteBehavior [ RunTime:0.000000s ]
INFO: [ app_init ] --END-- [ RunTime:0.001000s ]
ERR: 无法加载模块:Index

[ 2015-07-30T12:51:29+08:00 ] 127.0.0.1 /haorizi/Index/login.html
INFO: [ app_init ] --START--
INFO: Run Behavior\BuildLiteBehavior [ RunTime:0.000000s ]
INFO: [ app_init ] --END-- [ RunTime:0.001000s ]
ERR: 无法加载模块:Index

[ 2015-07-30T12:52:47+08:00 ] 127.0.0.1 /haorizi/Index/login.html
INFO: [ app_init ] --START--
INFO: Run Behavior\BuildLiteBehavior [ RunTime:0.000000s ]
INFO: [ app_init ] --END-- [ RunTime:0.001000s ]
ERR: 无法加载模块:Index

[ 2015-07-30T12:57:01+08:00 ] 127.0.0.1 /haorizi/__TMPL__public/css/admin/bgimg/msg_bg.png
INFO: [ app_init ] --START--
INFO: Run Behavior\BuildLiteBehavior [ RunTime:0.000000s ]
INFO: [ app_init ] --END-- [ RunTime:0.001000s ]
ERR: 无法加载模块:__TMPL__public

[ 2015-07-30T12:57:01+08:00 ] 127.0.0.1 /haorizi/__TMPL__public/css/admin/bgimg/msg.png
INFO: [ app_init ] --START--
INFO: Run Behavior\BuildLiteBehavior [ RunTime:0.000000s ]
INFO: [ app_init ] --END-- [ RunTime:0.002001s ]
ERR: 无法加载模块:__TMPL__public

[ 2015-07-30T12:59:10+08:00 ] 127.0.0.1 /haorizi/__TMPL__public/css/admin/bgimg/msg_bg.png
INFO: [ app_init ] --START--
INFO: Run Behavior\BuildLiteBehavior [ RunTime:0.000000s ]
INFO: [ app_init ] --END-- [ RunTime:0.001000s ]
ERR: 无法加载模块:__TMPL__public

[ 2015-07-30T12:59:10+08:00 ] 127.0.0.1 /haorizi/__TMPL__public/css/admin/bgimg/msg.png
INFO: [ app_init ] --START--
INFO: Run Behavior\BuildLiteBehavior [ RunTime:0.000000s ]
INFO: [ app_init ] --END-- [ RunTime:0.002000s ]
ERR: 无法加载模块:__TMPL__public

[ 2015-07-30T14:24:23+08:00 ] 127.0.0.1 /haorizi/__TMPL__public/css/admin/style.css
INFO: [ app_init ] --START--
INFO: Run Behavior\BuildLiteBehavior [ RunTime:0.000000s ]
INFO: [ app_init ] --END-- [ RunTime:0.001000s ]
ERR: 无法加载模块:__TMPL__public

[ 2015-07-30T14:24:23+08:00 ] 127.0.0.1 /haorizi/__TMPL__public/js/index.js
INFO: [ app_init ] --START--
INFO: Run Behavior\BuildLiteBehavior [ RunTime:0.000000s ]
INFO: [ app_init ] --END-- [ RunTime:0.002000s ]
ERR: 无法加载模块:__TMPL__public

[ 2015-07-30T14:24:23+08:00 ] 127.0.0.1 /haorizi/__TMPL__public/js/zhiphp.js
INFO: [ app_init ] --START--
INFO: Run Behavior\BuildLiteBehavior [ RunTime:0.000000s ]
INFO: [ app_init ] --END-- [ RunTime:0.002001s ]
ERR: 无法加载模块:__TMPL__public

[ 2015-07-30T14:24:23+08:00 ] 127.0.0.1 /haorizi/__TMPL__public/js/jquery/jquery.js
INFO: [ app_init ] --START--
INFO: Run Behavior\BuildLiteBehavior [ RunTime:0.000000s ]
INFO: [ app_init ] --END-- [ RunTime:0.002001s ]
ERR: 无法加载模块:__TMPL__public

[ 2015-07-30T14:26:04+08:00 ] 127.0.0.1 /haorizi/__TMPL__public/css/admin/style.css
INFO: [ app_init ] --START--
INFO: Run Behavior\BuildLiteBehavior [ RunTime:0.000000s ]
INFO: [ app_init ] --END-- [ RunTime:0.002001s ]
ERR: 无法加载模块:__TMPL__public

[ 2015-07-30T14:33:57+08:00 ] 127.0.0.1 /haorizi/__MODULE__/View/publicpublic/js/index.js
INFO: [ app_init ] --START--
INFO: Run Behavior\BuildLiteBehavior [ RunTime:0.000000s ]
INFO: [ app_init ] --END-- [ RunTime:0.001000s ]
ERR: 无法加载模块:__MODULE__

[ 2015-07-30T14:33:57+08:00 ] 127.0.0.1 /haorizi/__MODULE__/View/publicpublic/css/admin/style.css
INFO: [ app_init ] --START--
INFO: Run Behavior\BuildLiteBehavior [ RunTime:0.000000s ]
INFO: [ app_init ] --END-- [ RunTime:0.002000s ]
ERR: 无法加载模块:__MODULE__

[ 2015-07-30T14:33:57+08:00 ] 127.0.0.1 /haorizi/__MODULE__/View/publicpublic/js/zhiphp.js
INFO: [ app_init ] --START--
INFO: Run Behavior\BuildLiteBehavior [ RunTime:0.001000s ]
INFO: [ app_init ] --END-- [ RunTime:0.002000s ]
ERR: 无法加载模块:__MODULE__

[ 2015-07-30T14:33:57+08:00 ] 127.0.0.1 /haorizi/__MODULE__/View/publicpublic/js/jquery/jquery.js
INFO: [ app_init ] --START--
INFO: Run Behavior\BuildLiteBehavior [ RunTime:0.000000s ]
INFO: [ app_init ] --END-- [ RunTime:0.003000s ]
ERR: 无法加载模块:__MODULE__

[ 2015-07-30T14:42:55+08:00 ] 127.0.0.1 /haorizi/__APP__/Public/public/js/jquery/jquery.js
INFO: [ app_init ] --START--
INFO: Run Behavior\BuildLiteBehavior [ RunTime:0.001000s ]
INFO: [ app_init ] --END-- [ RunTime:0.002000s ]
ERR: 无法加载模块:__APP__

[ 2015-07-30T14:42:55+08:00 ] 127.0.0.1 /haorizi/__APP__/Public/public/css/admin/style.css
INFO: [ app_init ] --START--
INFO: Run Behavior\BuildLiteBehavior [ RunTime:0.000000s ]
INFO: [ app_init ] --END-- [ RunTime:0.001000s ]
ERR: 无法加载模块:__APP__

[ 2015-07-30T14:42:55+08:00 ] 127.0.0.1 /haorizi/__APP__/Public/public/js/index.js
INFO: [ app_init ] --START--
INFO: Run Behavior\BuildLiteBehavior [ RunTime:0.000000s ]
INFO: [ app_init ] --END-- [ RunTime:0.001000s ]
ERR: 无法加载模块:__APP__

[ 2015-07-30T14:42:55+08:00 ] 127.0.0.1 /haorizi/__APP__/Public/public/js/zhiphp.js
INFO: [ app_init ] --START--
INFO: Run Behavior\BuildLiteBehavior [ RunTime:0.000000s ]
INFO: [ app_init ] --END-- [ RunTime:0.002000s ]
ERR: 无法加载模块:__APP__

[ 2015-07-30T14:43:42+08:00 ] 127.0.0.1 /haorizi/Public/css/admin/style.css
INFO: [ app_init ] --START--
INFO: Run Behavior\BuildLiteBehavior [ RunTime:0.000000s ]
INFO: [ app_init ] --END-- [ RunTime:0.001000s ]
ERR: 无法加载模块:Public

[ 2015-07-30T14:43:42+08:00 ] 127.0.0.1 /haorizi/__APP__/Public/public/js/index.js
INFO: [ app_init ] --START--
INFO: Run Behavior\BuildLiteBehavior [ RunTime:0.000000s ]
INFO: [ app_init ] --END-- [ RunTime:0.001000s ]
ERR: 无法加载模块:__APP__

[ 2015-07-30T14:43:43+08:00 ] 127.0.0.1 /haorizi/__APP__/Public/public/js/jquery/jquery.js
INFO: [ app_init ] --START--
INFO: Run Behavior\BuildLiteBehavior [ RunTime:0.000000s ]
INFO: [ app_init ] --END-- [ RunTime:0.002000s ]
ERR: 无法加载模块:__APP__

[ 2015-07-30T14:43:43+08:00 ] 127.0.0.1 /haorizi/__APP__/Public/public/js/zhiphp.js
INFO: [ app_init ] --START--
INFO: Run Behavior\BuildLiteBehavior [ RunTime:0.001000s ]
INFO: [ app_init ] --END-- [ RunTime:0.002000s ]
ERR: 无法加载模块:__APP__

[ 2015-07-30T14:44:02+08:00 ] 127.0.0.1 /haorizi/__APP__/Public/public/js/zhiphp.js
INFO: [ app_init ] --START--
INFO: Run Behavior\BuildLiteBehavior [ RunTime:0.001000s ]
INFO: [ app_init ] --END-- [ RunTime:0.002001s ]
ERR: 无法加载模块:__APP__

[ 2015-07-30T14:44:02+08:00 ] 127.0.0.1 /haorizi/__APP__/Public/public/js/jquery/jquery.js
INFO: [ app_init ] --START--
INFO: Run Behavior\BuildLiteBehavior [ RunTime:0.000000s ]
INFO: [ app_init ] --END-- [ RunTime:0.002000s ]
ERR: 无法加载模块:__APP__

[ 2015-07-30T14:44:02+08:00 ] 127.0.0.1 /haorizi/__APP__/Public/public/js/index.js
INFO: [ app_init ] --START--
INFO: Run Behavior\BuildLiteBehavior [ RunTime:0.000000s ]
INFO: [ app_init ] --END-- [ RunTime:0.007001s ]
ERR: 无法加载模块:__APP__

[ 2015-07-30T14:55:37+08:00 ] 127.0.0.1 /haorizi/__APP__/Public/public/js/jquery/jquery.js
INFO: [ app_init ] --START--
INFO: Run Behavior\BuildLiteBehavior [ RunTime:0.000000s ]
INFO: [ app_init ] --END-- [ RunTime:0.002001s ]
ERR: 无法加载模块:__APP__

[ 2015-07-30T14:55:37+08:00 ] 127.0.0.1 /haorizi/__APP__/Public/public/js/index.js
INFO: [ app_init ] --START--
INFO: Run Behavior\BuildLiteBehavior [ RunTime:0.000000s ]
INFO: [ app_init ] --END-- [ RunTime:0.001000s ]
ERR: 无法加载模块:__APP__

[ 2015-07-30T14:55:37+08:00 ] 127.0.0.1 /haorizi/__APP__/Public/public/js/zhiphp.js
INFO: [ app_init ] --START--
INFO: Run Behavior\BuildLiteBehavior [ RunTime:0.000000s ]
INFO: [ app_init ] --END-- [ RunTime:0.002000s ]
ERR: 无法加载模块:__APP__

[ 2015-07-30T15:00:54+08:00 ] 127.0.0.1 /haorizi/__APP__/Public/public/css/admin/style.css
INFO: [ app_init ] --START--
INFO: Run Behavior\BuildLiteBehavior [ RunTime:0.000000s ]
INFO: [ app_init ] --END-- [ RunTime:0.002000s ]
ERR: 无法加载模块:__APP__

