[ 2015-08-06T15:43:24+08:00 ] 127.0.0.1 /haorizi/__TMPL__public/css/admin/bgimg/toggle_enabled.gif
INFO: [ app_init ] --START--
INFO: Run Behavior\BuildLiteBehavior [ RunTime:0.000000s ]
INFO: [ app_init ] --END-- [ RunTime:0.007000s ]
ERR: 无法加载模块:__TMPL__public

[ 2015-08-06T15:52:36+08:00 ] 127.0.0.1 /haorizi/__TMPL__public/css/admin/bgimg/toggle_enabled.gif
INFO: [ app_init ] --START--
INFO: Run Behavior\BuildLiteBehavior [ RunTime:0.000000s ]
INFO: [ app_init ] --END-- [ RunTime:0.002000s ]
ERR: 无法加载模块:__TMPL__public

[ 2015-08-06T15:52:42+08:00 ] 127.0.0.1 /haorizi/__TMPL__public/css/admin/bgimg/toggle_enabled.gif
INFO: [ app_init ] --START--
INFO: Run Behavior\BuildLiteBehavior [ RunTime:0.000000s ]
INFO: [ app_init ] --END-- [ RunTime:0.002001s ]
ERR: 无法加载模块:__TMPL__public

[ 2015-08-06T16:06:06+08:00 ] 127.0.0.1 /haorizi/__PUBLIC__/public/css/admin/bgimg/toggle_enabled.gif
INFO: [ app_init ] --START--
INFO: Run Behavior\BuildLiteBehavior [ RunTime:0.001000s ]
INFO: [ app_init ] --END-- [ RunTime:0.002000s ]
ERR: 无法加载模块:__PUBLIC__

[ 2015-08-06T16:07:03+08:00 ] 127.0.0.1 /haorizi/__PUBLIC__/public/css/admin/bgimg/toggle_enabled.gif
INFO: [ app_init ] --START--
INFO: Run Behavior\BuildLiteBehavior [ RunTime:0.000000s ]
INFO: [ app_init ] --END-- [ RunTime:0.002000s ]
ERR: 无法加载模块:__PUBLIC__

[ 2015-08-06T16:07:12+08:00 ] 127.0.0.1 /haorizi/__PUBLIC__/public/css/admin/bgimg/toggle_enabled.gif
INFO: [ app_init ] --START--
INFO: Run Behavior\BuildLiteBehavior [ RunTime:0.000000s ]
INFO: [ app_init ] --END-- [ RunTime:0.002000s ]
ERR: 无法加载模块:__PUBLIC__

[ 2015-08-06T16:08:24+08:00 ] 127.0.0.1 /haorizi/__PUBLIC__/public/css/admin/bgimg/toggle_enabled.gif
INFO: [ app_init ] --START--
INFO: Run Behavior\BuildLiteBehavior [ RunTime:0.000000s ]
INFO: [ app_init ] --END-- [ RunTime:0.001000s ]
ERR: 无法加载模块:__PUBLIC__

[ 2015-08-06T16:34:24+08:00 ] 127.0.0.1 /haorizi/__SITEROOT__/data/upload/no_picture.gif
INFO: [ app_init ] --START--
INFO: Run Behavior\BuildLiteBehavior [ RunTime:0.000000s ]
INFO: [ app_init ] --END-- [ RunTime:0.001000s ]
ERR: 无法加载模块:__SITEROOT__

[ 2015-08-06T16:34:30+08:00 ] 127.0.0.1 /haorizi/__SITEROOT__/data/upload/no_picture.gif
INFO: [ app_init ] --START--
INFO: Run Behavior\BuildLiteBehavior [ RunTime:0.000000s ]
INFO: [ app_init ] --END-- [ RunTime:0.002000s ]
ERR: 无法加载模块:__SITEROOT__

[ 2015-08-06T16:34:36+08:00 ] 127.0.0.1 /haorizi/__SITEROOT__/data/upload/no_picture.gif
INFO: [ app_init ] --START--
INFO: Run Behavior\BuildLiteBehavior [ RunTime:0.000000s ]
INFO: [ app_init ] --END-- [ RunTime:0.002000s ]
ERR: 无法加载模块:__SITEROOT__

[ 2015-08-06T16:41:47+08:00 ] 127.0.0.1 /haorizi/__SITEROOT__/data/upload/no_picture.gif
INFO: [ app_init ] --START--
INFO: Run Behavior\BuildLiteBehavior [ RunTime:0.000000s ]
INFO: [ app_init ] --END-- [ RunTime:0.002001s ]
ERR: 无法加载模块:__SITEROOT__

[ 2015-08-06T16:41:50+08:00 ] 127.0.0.1 /haorizi/__SITEROOT__/data/upload/no_picture.gif
INFO: [ app_init ] --START--
INFO: Run Behavior\BuildLiteBehavior [ RunTime:0.001001s ]
INFO: [ app_init ] --END-- [ RunTime:0.005001s ]
ERR: 无法加载模块:__SITEROOT__

[ 2015-08-06T16:41:50+08:00 ] 127.0.0.1 /haorizi/__SITEROOT__/data/upload/no_picture.gif
INFO: [ app_init ] --START--
INFO: Run Behavior\BuildLiteBehavior [ RunTime:0.000000s ]
INFO: [ app_init ] --END-- [ RunTime:0.002000s ]
ERR: 无法加载模块:__SITEROOT__

[ 2015-08-06T16:41:55+08:00 ] 127.0.0.1 /haorizi/__SITEROOT__/data/upload/no_picture.gif
INFO: [ app_init ] --START--
INFO: Run Behavior\BuildLiteBehavior [ RunTime:0.001000s ]
INFO: [ app_init ] --END-- [ RunTime:0.002000s ]
ERR: 无法加载模块:__SITEROOT__

[ 2015-08-06T16:41:58+08:00 ] 127.0.0.1 /haorizi/__SITEROOT__/data/upload/no_picture.gif
INFO: [ app_init ] --START--
INFO: Run Behavior\BuildLiteBehavior [ RunTime:0.000000s ]
INFO: [ app_init ] --END-- [ RunTime:0.001000s ]
ERR: 无法加载模块:__SITEROOT__

[ 2015-08-06T16:41:58+08:00 ] 127.0.0.1 /haorizi/__SITEROOT__/data/upload/no_picture.gif
INFO: [ app_init ] --START--
INFO: Run Behavior\BuildLiteBehavior [ RunTime:0.000000s ]
INFO: [ app_init ] --END-- [ RunTime:0.003000s ]
ERR: 无法加载模块:__SITEROOT__

[ 2015-08-06T16:41:59+08:00 ] 127.0.0.1 /haorizi/__SITEROOT__/data/upload/no_picture.gif
INFO: [ app_init ] --START--
INFO: Run Behavior\BuildLiteBehavior [ RunTime:0.000000s ]
INFO: [ app_init ] --END-- [ RunTime:0.002000s ]
ERR: 无法加载模块:__SITEROOT__

[ 2015-08-06T16:48:34+08:00 ] 127.0.0.1 /haorizi/__SITEROOT__/data/upload/no_picture.gif
INFO: [ app_init ] --START--
INFO: Run Behavior\BuildLiteBehavior [ RunTime:0.000000s ]
INFO: [ app_init ] --END-- [ RunTime:0.003000s ]
ERR: 无法加载模块:__SITEROOT__

